<?xml version="1.0" encoding="utf-8"?>
<CoverageSession xmlns:xsd="http://www.w3.org/2001/XMLSchema" xmlns:xsi="http://www.w3.org/2001/XMLSchema-instance" Version="0.0.0.0">
  <Summary numSequencePoints="736" visitedSequencePoints="643" numBranchPoints="0" visitedBranchPoints="0" sequenceCoverage="87.36" branchCoverage="0.0" maxCyclomaticComplexity="0" minCyclomaticComplexity="0" maxCrapScore="0" minCrapScore="0" visitedClasses="39" numClasses="39" visitedMethods="75" numMethods="75" />
  <Modules>
    <Module>
      <Summary numSequencePoints="186" visitedSequencePoints="182" numBranchPoints="0" visitedBranchPoints="0" sequenceCoverage="97.85" branchCoverage="0.0" maxCyclomaticComplexity="0" minCyclomaticComplexity="0" maxCrapScore="0" minCrapScore="0" visitedClasses="15" numClasses="15" visitedMethods="15" numMethods="15" />
      <ModuleTime>0001-01-01T00:00:00</ModuleTime>
      <ModuleName>EditTest</ModuleName>
      <Files>
        <File uid="2" fullPath="E:/Deadline Ong vang/deadline-ong-vang/Assets/TestFile/Quyen/PlayMode/PerformanceTests.cs" />
        <File uid="3" fullPath="E:/Deadline Ong vang/deadline-ong-vang/Assets/TestFile/Quyen/PlayMode/VolumeTest.cs" />
      </Files>
      <Classes>
        <Class>
          <Summary numSequencePoints="7" visitedSequencePoints="7" numBranchPoints="0" visitedBranchPoints="0" sequenceCoverage="100.0" branchCoverage="0.0" maxCyclomaticComplexity="0" minCyclomaticComplexity="0" maxCrapScore="0" minCrapScore="0" visitedClasses="1" numClasses="1" visitedMethods="1" numMethods="1" />
          <FullName>PerformanceTests/&lt;TC15_SceneLoadTime_UI&gt;d__1</FullName>
          <Methods>
            <Method visited="true" cyclomaticComplexity="0" nPathComplexity="0" sequenceCoverage="100.0" branchCoverage="0" crapScore="0" isConstructor="false" isStatic="false" isGetter="false" isSetter="false">
              <Summary numSequencePoints="7" visitedSequencePoints="7" numBranchPoints="0" visitedBranchPoints="0" sequenceCoverage="100.0" branchCoverage="0" maxCyclomaticComplexity="0" minCyclomaticComplexity="0" maxCrapScore="0" minCrapScore="0" visitedClasses="0" numClasses="0" visitedMethods="1" numMethods="1" />
              <MetadataToken>100663318</MetadataToken>
              <Name>System.Boolean PerformanceTests/&lt;TC15_SceneLoadTime_UI&gt;d__1::MoveNext()</Name>
              <FileRef uid="2" />
              <SequencePoints>
                <SequencePoint vc="1" uspid="1952" ordinal="0" offset="31" sl="17" sc="5" el="17" ec="5" bec="0" bev="0" fileid="2" />
                <SequencePoint vc="1" uspid="1953" ordinal="0" offset="32" sl="18" sc="9" el="18" ec="9" bec="0" bev="0" fileid="2" />
                <SequencePoint vc="1" uspid="1954" ordinal="0" offset="43" sl="19" sc="9" el="19" ec="9" bec="0" bev="0" fileid="2" />
                <SequencePoint vc="1" uspid="1955" ordinal="0" offset="75" sl="20" sc="9" el="20" ec="9" bec="0" bev="0" fileid="2" />
                <SequencePoint vc="1" uspid="1956" ordinal="0" offset="87" sl="22" sc="9" el="22" ec="9" bec="0" bev="0" fileid="2" />
                <SequencePoint vc="1" uspid="1957" ordinal="0" offset="141" sl="23" sc="9" el="23" ec="9" bec="0" bev="0" fileid="2" />
                <SequencePoint vc="1" uspid="1958" ordinal="0" offset="152" sl="24" sc="5" el="24" ec="5" bec="0" bev="0" fileid="2" />
              </SequencePoints>
              <BranchPoints />
            </Method>
          </Methods>
        </Class>
        <Class>
          <Summary numSequencePoints="21" visitedSequencePoints="20" numBranchPoints="0" visitedBranchPoints="0" sequenceCoverage="95.24" branchCoverage="0.0" maxCyclomaticComplexity="0" minCyclomaticComplexity="0" maxCrapScore="0" minCrapScore="0" visitedClasses="1" numClasses="1" visitedMethods="1" numMethods="1" />
          <FullName>PerformanceTests/&lt;TC16_FPS_Menu_30s&gt;d__2</FullName>
          <Methods>
            <Method visited="true" cyclomaticComplexity="0" nPathComplexity="0" sequenceCoverage="95.24" branchCoverage="0" crapScore="0" isConstructor="false" isStatic="false" isGetter="false" isSetter="false">
              <Summary numSequencePoints="21" visitedSequencePoints="20" numBranchPoints="0" visitedBranchPoints="0" sequenceCoverage="95.24" branchCoverage="0" maxCyclomaticComplexity="0" minCyclomaticComplexity="0" maxCrapScore="0" minCrapScore="0" visitedClasses="0" numClasses="0" visitedMethods="1" numMethods="1" />
              <MetadataToken>100663324</MetadataToken>
              <Name>System.Boolean PerformanceTests/&lt;TC16_FPS_Menu_30s&gt;d__2::MoveNext()</Name>
              <FileRef uid="2" />
              <SequencePoints>
                <SequencePoint vc="1" uspid="1959" ordinal="0" offset="51" sl="29" sc="5" el="29" ec="5" bec="0" bev="0" fileid="2" />
                <SequencePoint vc="1" uspid="1960" ordinal="0" offset="52" sl="30" sc="9" el="30" ec="9" bec="0" bev="0" fileid="2" />
                <SequencePoint vc="1" uspid="1961" ordinal="0" offset="84" sl="31" sc="9" el="31" ec="9" bec="0" bev="0" fileid="2" />
                <SequencePoint vc="1" uspid="1962" ordinal="0" offset="116" sl="33" sc="9" el="33" ec="9" bec="0" bev="0" fileid="2" />
                <SequencePoint vc="1" uspid="1963" ordinal="0" offset="127" sl="34" sc="9" el="34" ec="9" bec="0" bev="0" fileid="2" />
                <SequencePoint vc="1" uspid="1964" ordinal="0" offset="134" sl="35" sc="9" el="35" ec="9" bec="0" bev="0" fileid="2" />
                <SequencePoint vc="1" uspid="1965" ordinal="0" offset="145" sl="37" sc="14" el="37" ec="14" bec="0" bev="0" fileid="2" />
                <SequencePoint vc="1800" uspid="1966" ordinal="0" offset="154" sl="38" sc="9" el="38" ec="9" bec="0" bev="0" fileid="2" />
                <SequencePoint vc="1800" uspid="1967" ordinal="0" offset="155" sl="39" sc="13" el="39" ec="13" bec="0" bev="0" fileid="2" />
                <SequencePoint vc="1800" uspid="1968" ordinal="0" offset="173" sl="40" sc="13" el="40" ec="13" bec="0" bev="0" fileid="2" />
                <SequencePoint vc="1800" uspid="1969" ordinal="0" offset="189" sl="41" sc="13" el="41" ec="13" bec="0" bev="0" fileid="2" />
                <SequencePoint vc="1800" uspid="1970" ordinal="0" offset="206" sl="42" sc="13" el="42" ec="13" bec="0" bev="0" fileid="2" />
                <SequencePoint vc="1" uspid="1971" ordinal="0" offset="224" sl="42" sc="31" el="42" ec="31" bec="0" bev="0" fileid="2" />
                <SequencePoint vc="1800" uspid="1972" ordinal="0" offset="236" sl="43" sc="13" el="43" ec="13" bec="0" bev="0" fileid="2" />
                <SequencePoint vc="1800" uspid="1973" ordinal="0" offset="259" sl="44" sc="9" el="44" ec="9" bec="0" bev="0" fileid="2" />
                <SequencePoint vc="1800" uspid="1974" ordinal="0" offset="260" sl="37" sc="35" el="37" ec="35" bec="0" bev="0" fileid="2" />
                <SequencePoint vc="1801" uspid="1975" ordinal="0" offset="276" sl="37" sc="25" el="37" ec="25" bec="0" bev="0" fileid="2" />
                <SequencePoint vc="1" uspid="1976" ordinal="0" offset="296" sl="46" sc="9" el="46" ec="9" bec="0" bev="0" fileid="2" />
                <SequencePoint vc="1" uspid="1977" ordinal="0" offset="316" sl="47" sc="9" el="47" ec="9" bec="0" bev="0" fileid="2" />
                <SequencePoint vc="1" uspid="1978" ordinal="0" offset="359" sl="48" sc="9" el="48" ec="9" bec="0" bev="0" fileid="2" />
                <SequencePoint vc="0" uspid="1979" ordinal="0" offset="402" sl="49" sc="5" el="49" ec="5" bec="0" bev="0" fileid="2" />
              </SequencePoints>
              <BranchPoints />
            </Method>
          </Methods>
        </Class>
        <Class>
          <Summary numSequencePoints="8" visitedSequencePoints="8" numBranchPoints="0" visitedBranchPoints="0" sequenceCoverage="100.0" branchCoverage="0.0" maxCyclomaticComplexity="0" minCyclomaticComplexity="0" maxCrapScore="0" minCrapScore="0" visitedClasses="1" numClasses="1" visitedMethods="1" numMethods="1" />
          <FullName>PerformanceTests/&lt;TC17_MemoryUsage_OnLoadMenu&gt;d__3</FullName>
          <Methods>
            <Method visited="true" cyclomaticComplexity="0" nPathComplexity="0" sequenceCoverage="100.0" branchCoverage="0" crapScore="0" isConstructor="false" isStatic="false" isGetter="false" isSetter="false">
              <Summary numSequencePoints="8" visitedSequencePoints="8" numBranchPoints="0" visitedBranchPoints="0" sequenceCoverage="100.0" branchCoverage="0" maxCyclomaticComplexity="0" minCyclomaticComplexity="0" maxCrapScore="0" minCrapScore="0" visitedClasses="0" numClasses="0" visitedMethods="1" numMethods="1" />
              <MetadataToken>100663330</MetadataToken>
              <Name>System.Boolean PerformanceTests/&lt;TC17_MemoryUsage_OnLoadMenu&gt;d__3::MoveNext()</Name>
              <FileRef uid="2" />
              <SequencePoints>
                <SequencePoint vc="1" uspid="1980" ordinal="0" offset="42" sl="54" sc="5" el="54" ec="5" bec="0" bev="0" fileid="2" />
                <SequencePoint vc="1" uspid="1981" ordinal="0" offset="43" sl="55" sc="9" el="55" ec="9" bec="0" bev="0" fileid="2" />
                <SequencePoint vc="1" uspid="1982" ordinal="0" offset="54" sl="56" sc="9" el="56" ec="9" bec="0" bev="0" fileid="2" />
                <SequencePoint vc="1" uspid="1983" ordinal="0" offset="86" sl="57" sc="9" el="57" ec="9" bec="0" bev="0" fileid="2" />
                <SequencePoint vc="1" uspid="1984" ordinal="0" offset="118" sl="59" sc="9" el="59" ec="9" bec="0" bev="0" fileid="2" />
                <SequencePoint vc="1" uspid="1985" ordinal="0" offset="129" sl="60" sc="9" el="60" ec="9" bec="0" bev="0" fileid="2" />
                <SequencePoint vc="1" uspid="1986" ordinal="0" offset="148" sl="62" sc="9" el="62" ec="9" bec="0" bev="0" fileid="2" />
                <SequencePoint vc="1" uspid="1987" ordinal="0" offset="205" sl="63" sc="5" el="63" ec="5" bec="0" bev="0" fileid="2" />
              </SequencePoints>
              <BranchPoints />
            </Method>
          </Methods>
        </Class>
        <Class>
          <Summary numSequencePoints="10" visitedSequencePoints="10" numBranchPoints="0" visitedBranchPoints="0" sequenceCoverage="100.0" branchCoverage="0.0" maxCyclomaticComplexity="0" minCyclomaticComplexity="0" maxCrapScore="0" minCrapScore="0" visitedClasses="1" numClasses="1" visitedMethods="1" numMethods="1" />
          <FullName>PerformanceTests/&lt;TC18_GCSpike_WhenChangeMusic&gt;d__4</FullName>
          <Methods>
            <Method visited="true" cyclomaticComplexity="0" nPathComplexity="0" sequenceCoverage="100.0" branchCoverage="0" crapScore="0" isConstructor="false" isStatic="false" isGetter="false" isSetter="false">
              <Summary numSequencePoints="10" visitedSequencePoints="10" numBranchPoints="0" visitedBranchPoints="0" sequenceCoverage="100.0" branchCoverage="0" maxCyclomaticComplexity="0" minCyclomaticComplexity="0" maxCrapScore="0" minCrapScore="0" visitedClasses="0" numClasses="0" visitedMethods="1" numMethods="1" />
              <MetadataToken>100663336</MetadataToken>
              <Name>System.Boolean PerformanceTests/&lt;TC18_GCSpike_WhenChangeMusic&gt;d__4::MoveNext()</Name>
              <FileRef uid="2" />
              <SequencePoints>
                <SequencePoint vc="1" uspid="1988" ordinal="0" offset="57" sl="68" sc="5" el="68" ec="5" bec="0" bev="0" fileid="2" />
                <SequencePoint vc="1" uspid="1989" ordinal="0" offset="58" sl="69" sc="9" el="69" ec="9" bec="0" bev="0" fileid="2" />
                <SequencePoint vc="1" uspid="1990" ordinal="0" offset="90" sl="70" sc="9" el="70" ec="9" bec="0" bev="0" fileid="2" />
                <SequencePoint vc="1" uspid="1991" ordinal="0" offset="122" sl="72" sc="9" el="72" ec="9" bec="0" bev="0" fileid="2" />
                <SequencePoint vc="1" uspid="1992" ordinal="0" offset="133" sl="74" sc="9" el="74" ec="9" bec="0" bev="0" fileid="2" />
                <SequencePoint vc="1" uspid="1993" ordinal="0" offset="166" sl="75" sc="9" el="75" ec="9" bec="0" bev="0" fileid="2" />
                <SequencePoint vc="1" uspid="1994" ordinal="0" offset="198" sl="77" sc="9" el="77" ec="9" bec="0" bev="0" fileid="2" />
                <SequencePoint vc="1" uspid="1995" ordinal="0" offset="209" sl="78" sc="9" el="78" ec="9" bec="0" bev="0" fileid="2" />
                <SequencePoint vc="1" uspid="1996" ordinal="0" offset="228" sl="80" sc="9" el="80" ec="9" bec="0" bev="0" fileid="2" />
                <SequencePoint vc="1" uspid="1997" ordinal="0" offset="285" sl="81" sc="5" el="81" ec="5" bec="0" bev="0" fileid="2" />
              </SequencePoints>
              <BranchPoints />
            </Method>
          </Methods>
        </Class>
        <Class>
          <Summary numSequencePoints="18" visitedSequencePoints="17" numBranchPoints="0" visitedBranchPoints="0" sequenceCoverage="94.44" branchCoverage="0.0" maxCyclomaticComplexity="0" minCyclomaticComplexity="0" maxCrapScore="0" minCrapScore="0" visitedClasses="1" numClasses="1" visitedMethods="1" numMethods="1" />
          <FullName>PerformanceTests/&lt;TC19_UI_ButtonStressTest&gt;d__5</FullName>
          <Methods>
            <Method visited="true" cyclomaticComplexity="0" nPathComplexity="0" sequenceCoverage="94.44" branchCoverage="0" crapScore="0" isConstructor="false" isStatic="false" isGetter="false" isSetter="false">
              <Summary numSequencePoints="18" visitedSequencePoints="17" numBranchPoints="0" visitedBranchPoints="0" sequenceCoverage="94.44" branchCoverage="0" maxCyclomaticComplexity="0" minCyclomaticComplexity="0" maxCrapScore="0" minCrapScore="0" visitedClasses="0" numClasses="0" visitedMethods="1" numMethods="1" />
              <MetadataToken>100663342</MetadataToken>
              <Name>System.Boolean PerformanceTests/&lt;TC19_UI_ButtonStressTest&gt;d__5::MoveNext()</Name>
              <FileRef uid="2" />
              <SequencePoints>
                <SequencePoint vc="1" uspid="1998" ordinal="0" offset="51" sl="86" sc="5" el="86" ec="5" bec="0" bev="0" fileid="2" />
                <SequencePoint vc="1" uspid="1999" ordinal="0" offset="52" sl="87" sc="9" el="87" ec="9" bec="0" bev="0" fileid="2" />
                <SequencePoint vc="1" uspid="2000" ordinal="0" offset="84" sl="88" sc="9" el="88" ec="9" bec="0" bev="0" fileid="2" />
                <SequencePoint vc="1" uspid="2001" ordinal="0" offset="116" sl="90" sc="9" el="90" ec="9" bec="0" bev="0" fileid="2" />
                <SequencePoint vc="1" uspid="2002" ordinal="0" offset="132" sl="91" sc="9" el="91" ec="9" bec="0" bev="0" fileid="2" />
                <SequencePoint vc="1" uspid="2003" ordinal="0" offset="154" sl="93" sc="9" el="93" ec="9" bec="0" bev="0" fileid="2" />
                <SequencePoint vc="1" uspid="2004" ordinal="0" offset="171" sl="94" sc="9" el="94" ec="9" bec="0" bev="0" fileid="2" />
                <SequencePoint vc="1" uspid="2005" ordinal="0" offset="193" sl="96" sc="9" el="96" ec="9" bec="0" bev="0" fileid="2" />
                <SequencePoint vc="1" uspid="2006" ordinal="0" offset="204" sl="97" sc="14" el="97" ec="14" bec="0" bev="0" fileid="2" />
                <SequencePoint vc="100" uspid="2007" ordinal="0" offset="213" sl="98" sc="9" el="98" ec="9" bec="0" bev="0" fileid="2" />
                <SequencePoint vc="100" uspid="2008" ordinal="0" offset="214" sl="99" sc="13" el="99" ec="13" bec="0" bev="0" fileid="2" />
                <SequencePoint vc="100" uspid="2009" ordinal="0" offset="231" sl="100" sc="13" el="100" ec="13" bec="0" bev="0" fileid="2" />
                <SequencePoint vc="100" uspid="2010" ordinal="0" offset="254" sl="101" sc="9" el="101" ec="9" bec="0" bev="0" fileid="2" />
                <SequencePoint vc="100" uspid="2011" ordinal="0" offset="255" sl="97" sc="34" el="97" ec="34" bec="0" bev="0" fileid="2" />
                <SequencePoint vc="101" uspid="2012" ordinal="0" offset="271" sl="97" sc="25" el="97" ec="25" bec="0" bev="0" fileid="2" />
                <SequencePoint vc="1" uspid="2013" ordinal="0" offset="285" sl="102" sc="9" el="102" ec="9" bec="0" bev="0" fileid="2" />
                <SequencePoint vc="1" uspid="2014" ordinal="0" offset="297" sl="104" sc="9" el="104" ec="9" bec="0" bev="0" fileid="2" />
                <SequencePoint vc="0" uspid="2015" ordinal="0" offset="351" sl="105" sc="5" el="105" ec="5" bec="0" bev="0" fileid="2" />
              </SequencePoints>
              <BranchPoints />
            </Method>
          </Methods>
        </Class>
        <Class>
          <Summary numSequencePoints="8" visitedSequencePoints="8" numBranchPoints="0" visitedBranchPoints="0" sequenceCoverage="100.0" branchCoverage="0.0" maxCyclomaticComplexity="0" minCyclomaticComplexity="0" maxCrapScore="0" minCrapScore="0" visitedClasses="1" numClasses="1" visitedMethods="1" numMethods="1" />
          <FullName>PerformanceTests/&lt;TC20_SceneTransitionTime_MenuToMan1&gt;d__6</FullName>
          <Methods>
            <Method visited="true" cyclomaticComplexity="0" nPathComplexity="0" sequenceCoverage="100.0" branchCoverage="0" crapScore="0" isConstructor="false" isStatic="false" isGetter="false" isSetter="false">
              <Summary numSequencePoints="8" visitedSequencePoints="8" numBranchPoints="0" visitedBranchPoints="0" sequenceCoverage="100.0" branchCoverage="0" maxCyclomaticComplexity="0" minCyclomaticComplexity="0" maxCrapScore="0" minCrapScore="0" visitedClasses="0" numClasses="0" visitedMethods="1" numMethods="1" />
              <MetadataToken>100663348</MetadataToken>
              <Name>System.Boolean PerformanceTests/&lt;TC20_SceneTransitionTime_MenuToMan1&gt;d__6::MoveNext()</Name>
              <FileRef uid="2" />
              <SequencePoints>
                <SequencePoint vc="1" uspid="2016" ordinal="0" offset="48" sl="110" sc="5" el="110" ec="5" bec="0" bev="0" fileid="2" />
                <SequencePoint vc="1" uspid="2017" ordinal="0" offset="49" sl="111" sc="9" el="111" ec="9" bec="0" bev="0" fileid="2" />
                <SequencePoint vc="1" uspid="2018" ordinal="0" offset="81" sl="112" sc="9" el="112" ec="9" bec="0" bev="0" fileid="2" />
                <SequencePoint vc="1" uspid="2019" ordinal="0" offset="113" sl="114" sc="9" el="114" ec="9" bec="0" bev="0" fileid="2" />
                <SequencePoint vc="1" uspid="2020" ordinal="0" offset="124" sl="115" sc="9" el="115" ec="9" bec="0" bev="0" fileid="2" />
                <SequencePoint vc="1" uspid="2021" ordinal="0" offset="157" sl="116" sc="9" el="116" ec="9" bec="0" bev="0" fileid="2" />
                <SequencePoint vc="1" uspid="2022" ordinal="0" offset="169" sl="118" sc="9" el="118" ec="9" bec="0" bev="0" fileid="2" />
                <SequencePoint vc="1" uspid="2023" ordinal="0" offset="223" sl="119" sc="5" el="119" ec="5" bec="0" bev="0" fileid="2" />
              </SequencePoints>
              <BranchPoints />
            </Method>
          </Methods>
        </Class>
        <Class>
          <Summary numSequencePoints="20" visitedSequencePoints="20" numBranchPoints="0" visitedBranchPoints="0" sequenceCoverage="100.0" branchCoverage="0.0" maxCyclomaticComplexity="0" minCyclomaticComplexity="0" maxCrapScore="0" minCrapScore="0" visitedClasses="1" numClasses="1" visitedMethods="1" numMethods="1" />
          <FullName>PerformanceTests/&lt;TC21_LongRun_Menu_3Minutes&gt;d__7</FullName>
          <Methods>
            <Method visited="true" cyclomaticComplexity="0" nPathComplexity="0" sequenceCoverage="100.0" branchCoverage="0" crapScore="0" isConstructor="false" isStatic="false" isGetter="false" isSetter="false">
              <Summary numSequencePoints="20" visitedSequencePoints="20" numBranchPoints="0" visitedBranchPoints="0" sequenceCoverage="100.0" branchCoverage="0" maxCyclomaticComplexity="0" minCyclomaticComplexity="0" maxCrapScore="0" minCrapScore="0" visitedClasses="0" numClasses="0" visitedMethods="1" numMethods="1" />
              <MetadataToken>100663354</MetadataToken>
              <Name>System.Boolean PerformanceTests/&lt;TC21_LongRun_Menu_3Minutes&gt;d__7::MoveNext()</Name>
              <FileRef uid="2" />
              <SequencePoints>
                <SequencePoint vc="1" uspid="2024" ordinal="0" offset="51" sl="124" sc="5" el="124" ec="5" bec="0" bev="0" fileid="2" />
                <SequencePoint vc="1" uspid="2025" ordinal="0" offset="52" sl="125" sc="9" el="125" ec="9" bec="0" bev="0" fileid="2" />
                <SequencePoint vc="1" uspid="2026" ordinal="0" offset="84" sl="126" sc="9" el="126" ec="9" bec="0" bev="0" fileid="2" />
                <SequencePoint vc="1" uspid="2027" ordinal="0" offset="116" sl="128" sc="9" el="128" ec="9" bec="0" bev="0" fileid="2" />
                <SequencePoint vc="1" uspid="2028" ordinal="0" offset="127" sl="129" sc="9" el="129" ec="9" bec="0" bev="0" fileid="2" />
                <SequencePoint vc="1" uspid="2029" ordinal="0" offset="134" sl="130" sc="9" el="130" ec="9" bec="0" bev="0" fileid="2" />
                <SequencePoint vc="1" uspid="2030" ordinal="0" offset="145" sl="132" sc="14" el="132" ec="14" bec="0" bev="0" fileid="2" />
                <SequencePoint vc="10800" uspid="2031" ordinal="0" offset="154" sl="133" sc="9" el="133" ec="9" bec="0" bev="0" fileid="2" />
                <SequencePoint vc="10800" uspid="2032" ordinal="0" offset="155" sl="134" sc="13" el="134" ec="13" bec="0" bev="0" fileid="2" />
                <SequencePoint vc="10800" uspid="2033" ordinal="0" offset="173" sl="135" sc="13" el="135" ec="13" bec="0" bev="0" fileid="2" />
                <SequencePoint vc="10800" uspid="2034" ordinal="0" offset="189" sl="136" sc="13" el="136" ec="13" bec="0" bev="0" fileid="2" />
                <SequencePoint vc="10800" uspid="2035" ordinal="0" offset="212" sl="137" sc="9" el="137" ec="9" bec="0" bev="0" fileid="2" />
                <SequencePoint vc="10800" uspid="2036" ordinal="0" offset="213" sl="132" sc="36" el="132" ec="36" bec="0" bev="0" fileid="2" />
                <SequencePoint vc="10801" uspid="2037" ordinal="0" offset="229" sl="132" sc="25" el="132" ec="25" bec="0" bev="0" fileid="2" />
                <SequencePoint vc="1" uspid="2038" ordinal="0" offset="246" sl="139" sc="9" el="139" ec="9" bec="0" bev="0" fileid="2" />
                <SequencePoint vc="1" uspid="2039" ordinal="0" offset="266" sl="140" sc="9" el="140" ec="9" bec="0" bev="0" fileid="2" />
                <SequencePoint vc="1" uspid="2040" ordinal="0" offset="277" sl="141" sc="9" el="141" ec="9" bec="0" bev="0" fileid="2" />
                <SequencePoint vc="1" uspid="2041" ordinal="0" offset="303" sl="143" sc="9" el="143" ec="9" bec="0" bev="0" fileid="2" />
                <SequencePoint vc="1" uspid="2042" ordinal="0" offset="346" sl="144" sc="9" el="144" ec="9" bec="0" bev="0" fileid="2" />
                <SequencePoint vc="1" uspid="2043" ordinal="0" offset="389" sl="145" sc="5" el="145" ec="5" bec="0" bev="0" fileid="2" />
              </SequencePoints>
              <BranchPoints />
            </Method>
          </Methods>
        </Class>
        <Class>
          <Summary numSequencePoints="6" visitedSequencePoints="5" numBranchPoints="0" visitedBranchPoints="0" sequenceCoverage="83.33" branchCoverage="0.0" maxCyclomaticComplexity="0" minCyclomaticComplexity="0" maxCrapScore="0" minCrapScore="0" visitedClasses="1" numClasses="1" visitedMethods="1" numMethods="1" />
          <FullName>PerformanceTests/&lt;TC22_AudioManager_InitTime&gt;d__8</FullName>
          <Methods>
            <Method visited="true" cyclomaticComplexity="0" nPathComplexity="0" sequenceCoverage="83.33" branchCoverage="0" crapScore="0" isConstructor="false" isStatic="false" isGetter="false" isSetter="false">
              <Summary numSequencePoints="6" visitedSequencePoints="5" numBranchPoints="0" visitedBranchPoints="0" sequenceCoverage="83.33" branchCoverage="0" maxCyclomaticComplexity="0" minCyclomaticComplexity="0" maxCrapScore="0" minCrapScore="0" visitedClasses="0" numClasses="0" visitedMethods="1" numMethods="1" />
              <MetadataToken>100663360</MetadataToken>
              <Name>System.Boolean PerformanceTests/&lt;TC22_AudioManager_InitTime&gt;d__8::MoveNext()</Name>
              <FileRef uid="2" />
              <SequencePoints>
                <SequencePoint vc="1" uspid="2044" ordinal="0" offset="31" sl="150" sc="5" el="150" ec="5" bec="0" bev="0" fileid="2" />
                <SequencePoint vc="1" uspid="2045" ordinal="0" offset="32" sl="151" sc="9" el="151" ec="9" bec="0" bev="0" fileid="2" />
                <SequencePoint vc="1" uspid="2046" ordinal="0" offset="43" sl="152" sc="9" el="152" ec="9" bec="0" bev="0" fileid="2" />
                <SequencePoint vc="1" uspid="2047" ordinal="0" offset="75" sl="153" sc="9" el="153" ec="9" bec="0" bev="0" fileid="2" />
                <SequencePoint vc="1" uspid="2048" ordinal="0" offset="87" sl="155" sc="9" el="155" ec="9" bec="0" bev="0" fileid="2" />
                <SequencePoint vc="0" uspid="2049" ordinal="0" offset="141" sl="156" sc="5" el="156" ec="5" bec="0" bev="0" fileid="2" />
              </SequencePoints>
              <BranchPoints />
            </Method>
          </Methods>
        </Class>
        <Class>
          <Summary numSequencePoints="13" visitedSequencePoints="13" numBranchPoints="0" visitedBranchPoints="0" sequenceCoverage="100.0" branchCoverage="0.0" maxCyclomaticComplexity="0" minCyclomaticComplexity="0" maxCrapScore="0" minCrapScore="0" visitedClasses="1" numClasses="1" visitedMethods="1" numMethods="1" />
          <FullName>PerformanceTests/&lt;TC23_MultipleSceneSwitch_5Times&gt;d__9</FullName>
          <Methods>
            <Method visited="true" cyclomaticComplexity="0" nPathComplexity="0" sequenceCoverage="100.0" branchCoverage="0" crapScore="0" isConstructor="false" isStatic="false" isGetter="false" isSetter="false">
              <Summary numSequencePoints="13" visitedSequencePoints="13" numBranchPoints="0" visitedBranchPoints="0" sequenceCoverage="100.0" branchCoverage="0" maxCyclomaticComplexity="0" minCyclomaticComplexity="0" maxCrapScore="0" minCrapScore="0" visitedClasses="0" numClasses="0" visitedMethods="1" numMethods="1" />
              <MetadataToken>100663366</MetadataToken>
              <Name>System.Boolean PerformanceTests/&lt;TC23_MultipleSceneSwitch_5Times&gt;d__9::MoveNext()</Name>
              <FileRef uid="2" />
              <SequencePoints>
                <SequencePoint vc="1" uspid="2050" ordinal="0" offset="45" sl="161" sc="5" el="161" ec="5" bec="0" bev="0" fileid="2" />
                <SequencePoint vc="1" uspid="2051" ordinal="0" offset="46" sl="162" sc="9" el="162" ec="9" bec="0" bev="0" fileid="2" />
                <SequencePoint vc="1" uspid="2052" ordinal="0" offset="57" sl="163" sc="9" el="163" ec="9" bec="0" bev="0" fileid="2" />
                <SequencePoint vc="1" uspid="2053" ordinal="0" offset="109" sl="165" sc="14" el="165" ec="14" bec="0" bev="0" fileid="2" />
                <SequencePoint vc="5" uspid="2054" ordinal="0" offset="118" sl="166" sc="9" el="166" ec="9" bec="0" bev="0" fileid="2" />
                <SequencePoint vc="5" uspid="2055" ordinal="0" offset="119" sl="167" sc="13" el="167" ec="13" bec="0" bev="0" fileid="2" />
                <SequencePoint vc="5" uspid="2056" ordinal="0" offset="160" sl="168" sc="13" el="168" ec="13" bec="0" bev="0" fileid="2" />
                <SequencePoint vc="5" uspid="2057" ordinal="0" offset="192" sl="169" sc="9" el="169" ec="9" bec="0" bev="0" fileid="2" />
                <SequencePoint vc="5" uspid="2058" ordinal="0" offset="193" sl="165" sc="44" el="165" ec="44" bec="0" bev="0" fileid="2" />
                <SequencePoint vc="6" uspid="2059" ordinal="0" offset="209" sl="165" sc="25" el="165" ec="25" bec="0" bev="0" fileid="2" />
                <SequencePoint vc="1" uspid="2060" ordinal="0" offset="229" sl="170" sc="9" el="170" ec="9" bec="0" bev="0" fileid="2" />
                <SequencePoint vc="1" uspid="2061" ordinal="0" offset="241" sl="172" sc="9" el="172" ec="9" bec="0" bev="0" fileid="2" />
                <SequencePoint vc="1" uspid="2062" ordinal="0" offset="295" sl="173" sc="5" el="173" ec="5" bec="0" bev="0" fileid="2" />
              </SequencePoints>
              <BranchPoints />
            </Method>
          </Methods>
        </Class>
        <Class>
          <Summary numSequencePoints="15" visitedSequencePoints="14" numBranchPoints="0" visitedBranchPoints="0" sequenceCoverage="93.33" branchCoverage="0.0" maxCyclomaticComplexity="0" minCyclomaticComplexity="0" maxCrapScore="0" minCrapScore="0" visitedClasses="1" numClasses="1" visitedMethods="1" numMethods="1" />
          <FullName>PerformanceTests/&lt;TC24_FrameTime_Consistency_60s&gt;d__10</FullName>
          <Methods>
            <Method visited="true" cyclomaticComplexity="0" nPathComplexity="0" sequenceCoverage="93.33" branchCoverage="0" crapScore="0" isConstructor="false" isStatic="false" isGetter="false" isSetter="false">
              <Summary numSequencePoints="15" visitedSequencePoints="14" numBranchPoints="0" visitedBranchPoints="0" sequenceCoverage="93.33" branchCoverage="0" maxCyclomaticComplexity="0" minCyclomaticComplexity="0" maxCrapScore="0" minCrapScore="0" visitedClasses="0" numClasses="0" visitedMethods="1" numMethods="1" />
              <MetadataToken>100663372</MetadataToken>
              <Name>System.Boolean PerformanceTests/&lt;TC24_FrameTime_Consistency_60s&gt;d__10::MoveNext()</Name>
              <FileRef uid="2" />
              <SequencePoints>
                <SequencePoint vc="1" uspid="2063" ordinal="0" offset="51" sl="178" sc="5" el="178" ec="5" bec="0" bev="0" fileid="2" />
                <SequencePoint vc="1" uspid="2064" ordinal="0" offset="52" sl="179" sc="9" el="179" ec="9" bec="0" bev="0" fileid="2" />
                <SequencePoint vc="1" uspid="2065" ordinal="0" offset="84" sl="180" sc="9" el="180" ec="9" bec="0" bev="0" fileid="2" />
                <SequencePoint vc="1" uspid="2066" ordinal="0" offset="116" sl="182" sc="9" el="182" ec="9" bec="0" bev="0" fileid="2" />
                <SequencePoint vc="1" uspid="2067" ordinal="0" offset="123" sl="183" sc="14" el="183" ec="14" bec="0" bev="0" fileid="2" />
                <SequencePoint vc="3600" uspid="2068" ordinal="0" offset="132" sl="184" sc="9" el="184" ec="9" bec="0" bev="0" fileid="2" />
                <SequencePoint vc="3600" uspid="2069" ordinal="0" offset="133" sl="185" sc="13" el="185" ec="13" bec="0" bev="0" fileid="2" />
                <SequencePoint vc="0" uspid="2070" ordinal="0" offset="149" sl="185" sc="41" el="185" ec="41" bec="0" bev="0" fileid="2" />
                <SequencePoint vc="3600" uspid="2071" ordinal="0" offset="165" sl="186" sc="13" el="186" ec="13" bec="0" bev="0" fileid="2" />
                <SequencePoint vc="3600" uspid="2072" ordinal="0" offset="188" sl="187" sc="9" el="187" ec="9" bec="0" bev="0" fileid="2" />
                <SequencePoint vc="3600" uspid="2073" ordinal="0" offset="189" sl="183" sc="35" el="183" ec="35" bec="0" bev="0" fileid="2" />
                <SequencePoint vc="3601" uspid="2074" ordinal="0" offset="205" sl="183" sc="25" el="183" ec="25" bec="0" bev="0" fileid="2" />
                <SequencePoint vc="1" uspid="2075" ordinal="0" offset="222" sl="189" sc="9" el="189" ec="9" bec="0" bev="0" fileid="2" />
                <SequencePoint vc="1" uspid="2076" ordinal="0" offset="247" sl="190" sc="9" el="190" ec="9" bec="0" bev="0" fileid="2" />
                <SequencePoint vc="1" uspid="2077" ordinal="0" offset="290" sl="191" sc="5" el="191" ec="5" bec="0" bev="0" fileid="2" />
              </SequencePoints>
              <BranchPoints />
            </Method>
          </Methods>
        </Class>
        <Class>
          <Summary numSequencePoints="12" visitedSequencePoints="12" numBranchPoints="0" visitedBranchPoints="0" sequenceCoverage="100.0" branchCoverage="0.0" maxCyclomaticComplexity="0" minCyclomaticComplexity="0" maxCrapScore="0" minCrapScore="0" visitedClasses="1" numClasses="1" visitedMethods="1" numMethods="1" />
          <FullName>VolumeTest/&lt;AudioSourceVolume_SetToAboveOne_ClampedToOne&gt;d__4</FullName>
          <Methods>
            <Method visited="true" cyclomaticComplexity="0" nPathComplexity="0" sequenceCoverage="100.0" branchCoverage="0" crapScore="0" isConstructor="false" isStatic="false" isGetter="false" isSetter="false">
              <Summary numSequencePoints="12" visitedSequencePoints="12" numBranchPoints="0" visitedBranchPoints="0" sequenceCoverage="100.0" branchCoverage="0" maxCyclomaticComplexity="0" minCyclomaticComplexity="0" maxCrapScore="0" minCrapScore="0" visitedClasses="0" numClasses="0" visitedMethods="1" numMethods="1" />
              <MetadataToken>100663378</MetadataToken>
              <Name>System.Boolean VolumeTest/&lt;AudioSourceVolume_SetToAboveOne_ClampedToOne&gt;d__4::MoveNext()</Name>
              <FileRef uid="3" />
              <SequencePoints>
                <SequencePoint vc="1" uspid="2078" ordinal="0" offset="34" sl="81" sc="5" el="81" ec="5" bec="0" bev="0" fileid="3" />
                <SequencePoint vc="1" uspid="2079" ordinal="0" offset="35" sl="82" sc="9" el="82" ec="9" bec="0" bev="0" fileid="3" />
                <SequencePoint vc="1" uspid="2080" ordinal="0" offset="51" sl="83" sc="9" el="83" ec="9" bec="0" bev="0" fileid="3" />
                <SequencePoint vc="1" uspid="2081" ordinal="0" offset="68" sl="85" sc="9" el="85" ec="9" bec="0" bev="0" fileid="3" />
                <SequencePoint vc="1" uspid="2082" ordinal="0" offset="96" sl="86" sc="9" el="86" ec="9" bec="0" bev="0" fileid="3" />
                <SequencePoint vc="1" uspid="2083" ordinal="0" offset="114" sl="87" sc="9" el="87" ec="9" bec="0" bev="0" fileid="3" />
                <SequencePoint vc="1" uspid="2084" ordinal="0" offset="131" sl="88" sc="9" el="88" ec="9" bec="0" bev="0" fileid="3" />
                <SequencePoint vc="1" uspid="2085" ordinal="0" offset="143" sl="90" sc="9" el="90" ec="9" bec="0" bev="0" fileid="3" />
                <SequencePoint vc="1" uspid="2086" ordinal="0" offset="166" sl="91" sc="9" el="91" ec="9" bec="0" bev="0" fileid="3" />
                <SequencePoint vc="1" uspid="2087" ordinal="0" offset="212" sl="92" sc="9" el="92" ec="9" bec="0" bev="0" fileid="3" />
                <SequencePoint vc="1" uspid="2088" ordinal="0" offset="239" sl="93" sc="9" el="93" ec="9" bec="0" bev="0" fileid="3" />
                <SequencePoint vc="1" uspid="2089" ordinal="0" offset="251" sl="94" sc="5" el="94" ec="5" bec="0" bev="0" fileid="3" />
              </SequencePoints>
              <BranchPoints />
            </Method>
          </Methods>
        </Class>
        <Class>
          <Summary numSequencePoints="12" visitedSequencePoints="12" numBranchPoints="0" visitedBranchPoints="0" sequenceCoverage="100.0" branchCoverage="0.0" maxCyclomaticComplexity="0" minCyclomaticComplexity="0" maxCrapScore="0" minCrapScore="0" visitedClasses="1" numClasses="1" visitedMethods="1" numMethods="1" />
          <FullName>VolumeTest/&lt;AudioSourceVolume_SetToNegative_ClampedToZero&gt;d__3</FullName>
          <Methods>
            <Method visited="true" cyclomaticComplexity="0" nPathComplexity="0" sequenceCoverage="100.0" branchCoverage="0" crapScore="0" isConstructor="false" isStatic="false" isGetter="false" isSetter="false">
              <Summary numSequencePoints="12" visitedSequencePoints="12" numBranchPoints="0" visitedBranchPoints="0" sequenceCoverage="100.0" branchCoverage="0" maxCyclomaticComplexity="0" minCyclomaticComplexity="0" maxCrapScore="0" minCrapScore="0" visitedClasses="0" numClasses="0" visitedMethods="1" numMethods="1" />
              <MetadataToken>100663384</MetadataToken>
              <Name>System.Boolean VolumeTest/&lt;AudioSourceVolume_SetToNegative_ClampedToZero&gt;d__3::MoveNext()</Name>
              <FileRef uid="3" />
              <SequencePoints>
                <SequencePoint vc="1" uspid="2090" ordinal="0" offset="34" sl="65" sc="5" el="65" ec="5" bec="0" bev="0" fileid="3" />
                <SequencePoint vc="1" uspid="2091" ordinal="0" offset="35" sl="66" sc="9" el="66" ec="9" bec="0" bev="0" fileid="3" />
                <SequencePoint vc="1" uspid="2092" ordinal="0" offset="51" sl="67" sc="9" el="67" ec="9" bec="0" bev="0" fileid="3" />
                <SequencePoint vc="1" uspid="2093" ordinal="0" offset="68" sl="69" sc="9" el="69" ec="9" bec="0" bev="0" fileid="3" />
                <SequencePoint vc="1" uspid="2094" ordinal="0" offset="96" sl="70" sc="9" el="70" ec="9" bec="0" bev="0" fileid="3" />
                <SequencePoint vc="1" uspid="2095" ordinal="0" offset="114" sl="71" sc="9" el="71" ec="9" bec="0" bev="0" fileid="3" />
                <SequencePoint vc="1" uspid="2096" ordinal="0" offset="131" sl="72" sc="9" el="72" ec="9" bec="0" bev="0" fileid="3" />
                <SequencePoint vc="1" uspid="2097" ordinal="0" offset="143" sl="74" sc="9" el="74" ec="9" bec="0" bev="0" fileid="3" />
                <SequencePoint vc="1" uspid="2098" ordinal="0" offset="166" sl="75" sc="9" el="75" ec="9" bec="0" bev="0" fileid="3" />
                <SequencePoint vc="1" uspid="2099" ordinal="0" offset="212" sl="76" sc="9" el="76" ec="9" bec="0" bev="0" fileid="3" />
                <SequencePoint vc="1" uspid="2100" ordinal="0" offset="239" sl="77" sc="9" el="77" ec="9" bec="0" bev="0" fileid="3" />
                <SequencePoint vc="1" uspid="2101" ordinal="0" offset="251" sl="78" sc="5" el="78" ec="5" bec="0" bev="0" fileid="3" />
              </SequencePoints>
              <BranchPoints />
            </Method>
          </Methods>
        </Class>
        <Class>
          <Summary numSequencePoints="12" visitedSequencePoints="12" numBranchPoints="0" visitedBranchPoints="0" sequenceCoverage="100.0" branchCoverage="0.0" maxCyclomaticComplexity="0" minCyclomaticComplexity="0" maxCrapScore="0" minCrapScore="0" visitedClasses="1" numClasses="1" visitedMethods="1" numMethods="1" />
          <FullName>VolumeTest/&lt;AudioSourceVolume_SetToOne_PlayingHasFullVolume&gt;d__2</FullName>
          <Methods>
            <Method visited="true" cyclomaticComplexity="0" nPathComplexity="0" sequenceCoverage="100.0" branchCoverage="0" crapScore="0" isConstructor="false" isStatic="false" isGetter="false" isSetter="false">
              <Summary numSequencePoints="12" visitedSequencePoints="12" numBranchPoints="0" visitedBranchPoints="0" sequenceCoverage="100.0" branchCoverage="0" maxCyclomaticComplexity="0" minCyclomaticComplexity="0" maxCrapScore="0" minCrapScore="0" visitedClasses="0" numClasses="0" visitedMethods="1" numMethods="1" />
              <MetadataToken>100663390</MetadataToken>
              <Name>System.Boolean VolumeTest/&lt;AudioSourceVolume_SetToOne_PlayingHasFullVolume&gt;d__2::MoveNext()</Name>
              <FileRef uid="3" />
              <SequencePoints>
                <SequencePoint vc="1" uspid="2102" ordinal="0" offset="34" sl="48" sc="5" el="48" ec="5" bec="0" bev="0" fileid="3" />
                <SequencePoint vc="1" uspid="2103" ordinal="0" offset="35" sl="49" sc="9" el="49" ec="9" bec="0" bev="0" fileid="3" />
                <SequencePoint vc="1" uspid="2104" ordinal="0" offset="51" sl="50" sc="9" el="50" ec="9" bec="0" bev="0" fileid="3" />
                <SequencePoint vc="1" uspid="2105" ordinal="0" offset="68" sl="52" sc="9" el="52" ec="9" bec="0" bev="0" fileid="3" />
                <SequencePoint vc="1" uspid="2106" ordinal="0" offset="96" sl="53" sc="9" el="53" ec="9" bec="0" bev="0" fileid="3" />
                <SequencePoint vc="1" uspid="2107" ordinal="0" offset="114" sl="54" sc="9" el="54" ec="9" bec="0" bev="0" fileid="3" />
                <SequencePoint vc="1" uspid="2108" ordinal="0" offset="131" sl="55" sc="9" el="55" ec="9" bec="0" bev="0" fileid="3" />
                <SequencePoint vc="1" uspid="2109" ordinal="0" offset="143" sl="57" sc="9" el="57" ec="9" bec="0" bev="0" fileid="3" />
                <SequencePoint vc="1" uspid="2110" ordinal="0" offset="166" sl="58" sc="9" el="58" ec="9" bec="0" bev="0" fileid="3" />
                <SequencePoint vc="1" uspid="2111" ordinal="0" offset="202" sl="59" sc="9" el="59" ec="9" bec="0" bev="0" fileid="3" />
                <SequencePoint vc="1" uspid="2112" ordinal="0" offset="229" sl="60" sc="9" el="60" ec="9" bec="0" bev="0" fileid="3" />
                <SequencePoint vc="1" uspid="2113" ordinal="0" offset="241" sl="62" sc="5" el="62" ec="5" bec="0" bev="0" fileid="3" />
              </SequencePoints>
              <BranchPoints />
            </Method>
          </Methods>
        </Class>
        <Class>
          <Summary numSequencePoints="12" visitedSequencePoints="12" numBranchPoints="0" visitedBranchPoints="0" sequenceCoverage="100.0" branchCoverage="0.0" maxCyclomaticComplexity="0" minCyclomaticComplexity="0" maxCrapScore="0" minCrapScore="0" visitedClasses="1" numClasses="1" visitedMethods="1" numMethods="1" />
          <FullName>VolumeTest/&lt;AudioSourceVolume_SetToPointOneFive_PlayingHasCorrectVolume&gt;d__0</FullName>
          <Methods>
            <Method visited="true" cyclomaticComplexity="0" nPathComplexity="0" sequenceCoverage="100.0" branchCoverage="0" crapScore="0" isConstructor="false" isStatic="false" isGetter="false" isSetter="false">
              <Summary numSequencePoints="12" visitedSequencePoints="12" numBranchPoints="0" visitedBranchPoints="0" sequenceCoverage="100.0" branchCoverage="0" maxCyclomaticComplexity="0" minCyclomaticComplexity="0" maxCrapScore="0" minCrapScore="0" visitedClasses="0" numClasses="0" visitedMethods="1" numMethods="1" />
              <MetadataToken>100663396</MetadataToken>
              <Name>System.Boolean VolumeTest/&lt;AudioSourceVolume_SetToPointOneFive_PlayingHasCorrectVolume&gt;d__0::MoveNext()</Name>
              <FileRef uid="3" />
              <SequencePoints>
                <SequencePoint vc="1" uspid="2114" ordinal="0" offset="34" sl="10" sc="5" el="10" ec="5" bec="0" bev="0" fileid="3" />
                <SequencePoint vc="1" uspid="2115" ordinal="0" offset="35" sl="11" sc="9" el="11" ec="9" bec="0" bev="0" fileid="3" />
                <SequencePoint vc="1" uspid="2116" ordinal="0" offset="51" sl="12" sc="9" el="12" ec="9" bec="0" bev="0" fileid="3" />
                <SequencePoint vc="1" uspid="2117" ordinal="0" offset="68" sl="15" sc="9" el="15" ec="9" bec="0" bev="0" fileid="3" />
                <SequencePoint vc="1" uspid="2118" ordinal="0" offset="96" sl="16" sc="9" el="16" ec="9" bec="0" bev="0" fileid="3" />
                <SequencePoint vc="1" uspid="2119" ordinal="0" offset="114" sl="18" sc="9" el="18" ec="9" bec="0" bev="0" fileid="3" />
                <SequencePoint vc="1" uspid="2120" ordinal="0" offset="131" sl="19" sc="9" el="19" ec="9" bec="0" bev="0" fileid="3" />
                <SequencePoint vc="1" uspid="2121" ordinal="0" offset="143" sl="22" sc="9" el="22" ec="9" bec="0" bev="0" fileid="3" />
                <SequencePoint vc="1" uspid="2122" ordinal="0" offset="166" sl="24" sc="9" el="24" ec="9" bec="0" bev="0" fileid="3" />
                <SequencePoint vc="1" uspid="2123" ordinal="0" offset="202" sl="25" sc="9" el="25" ec="9" bec="0" bev="0" fileid="3" />
                <SequencePoint vc="1" uspid="2124" ordinal="0" offset="229" sl="27" sc="9" el="27" ec="9" bec="0" bev="0" fileid="3" />
                <SequencePoint vc="1" uspid="2125" ordinal="0" offset="241" sl="28" sc="5" el="28" ec="5" bec="0" bev="0" fileid="3" />
              </SequencePoints>
              <BranchPoints />
            </Method>
          </Methods>
        </Class>
        <Class>
          <Summary numSequencePoints="12" visitedSequencePoints="12" numBranchPoints="0" visitedBranchPoints="0" sequenceCoverage="100.0" branchCoverage="0.0" maxCyclomaticComplexity="0" minCyclomaticComplexity="0" maxCrapScore="0" minCrapScore="0" visitedClasses="1" numClasses="1" visitedMethods="1" numMethods="1" />
          <FullName>VolumeTest/&lt;AudioSourceVolume_SetToZero_PlayingHasZeroVolume&gt;d__1</FullName>
          <Methods>
            <Method visited="true" cyclomaticComplexity="0" nPathComplexity="0" sequenceCoverage="100.0" branchCoverage="0" crapScore="0" isConstructor="false" isStatic="false" isGetter="false" isSetter="false">
              <Summary numSequencePoints="12" visitedSequencePoints="12" numBranchPoints="0" visitedBranchPoints="0" sequenceCoverage="100.0" branchCoverage="0" maxCyclomaticComplexity="0" minCyclomaticComplexity="0" maxCrapScore="0" minCrapScore="0" visitedClasses="0" numClasses="0" visitedMethods="1" numMethods="1" />
              <MetadataToken>100663402</MetadataToken>
              <Name>System.Boolean VolumeTest/&lt;AudioSourceVolume_SetToZero_PlayingHasZeroVolume&gt;d__1::MoveNext()</Name>
              <FileRef uid="3" />
              <SequencePoints>
                <SequencePoint vc="1" uspid="2126" ordinal="0" offset="34" sl="31" sc="5" el="31" ec="5" bec="0" bev="0" fileid="3" />
                <SequencePoint vc="1" uspid="2127" ordinal="0" offset="35" sl="32" sc="9" el="32" ec="9" bec="0" bev="0" fileid="3" />
                <SequencePoint vc="1" uspid="2128" ordinal="0" offset="51" sl="33" sc="9" el="33" ec="9" bec="0" bev="0" fileid="3" />
                <SequencePoint vc="1" uspid="2129" ordinal="0" offset="68" sl="35" sc="9" el="35" ec="9" bec="0" bev="0" fileid="3" />
                <SequencePoint vc="1" uspid="2130" ordinal="0" offset="96" sl="36" sc="9" el="36" ec="9" bec="0" bev="0" fileid="3" />
                <SequencePoint vc="1" uspid="2131" ordinal="0" offset="114" sl="37" sc="9" el="37" ec="9" bec="0" bev="0" fileid="3" />
                <SequencePoint vc="1" uspid="2132" ordinal="0" offset="131" sl="38" sc="9" el="38" ec="9" bec="0" bev="0" fileid="3" />
                <SequencePoint vc="1" uspid="2133" ordinal="0" offset="143" sl="40" sc="9" el="40" ec="9" bec="0" bev="0" fileid="3" />
                <SequencePoint vc="1" uspid="2134" ordinal="0" offset="166" sl="41" sc="9" el="41" ec="9" bec="0" bev="0" fileid="3" />
                <SequencePoint vc="1" uspid="2135" ordinal="0" offset="202" sl="42" sc="9" el="42" ec="9" bec="0" bev="0" fileid="3" />
                <SequencePoint vc="1" uspid="2136" ordinal="0" offset="229" sl="43" sc="9" el="43" ec="9" bec="0" bev="0" fileid="3" />
                <SequencePoint vc="1" uspid="2137" ordinal="0" offset="241" sl="44" sc="5" el="44" ec="5" bec="0" bev="0" fileid="3" />
              </SequencePoints>
              <BranchPoints />
            </Method>
          </Methods>
        </Class>
      </Classes>
    </Module>
    <Module>
      <Summary numSequencePoints="71" visitedSequencePoints="70" numBranchPoints="0" visitedBranchPoints="0" sequenceCoverage="98.59" branchCoverage="0.0" maxCyclomaticComplexity="0" minCyclomaticComplexity="0" maxCrapScore="0" minCrapScore="0" visitedClasses="6" numClasses="6" visitedMethods="11" numMethods="11" />
      <ModuleTime>0001-01-01T00:00:00</ModuleTime>
      <ModuleName>PlayMode</ModuleName>
      <Files>
        <File uid="4" fullPath="E:/Deadline Ong vang/deadline-ong-vang/Assets/TestFile/Quyen/EditMode/UITest.cs" />
        <File uid="5" fullPath="E:/Deadline Ong vang/deadline-ong-vang/Assets/TestFile/Quyen/EditMode/BossTest.cs" />
      </Files>
      <Classes>
        <Class>
          <Summary numSequencePoints="39" visitedSequencePoints="38" numBranchPoints="0" visitedBranchPoints="0" sequenceCoverage="97.44" branchCoverage="0.0" maxCyclomaticComplexity="0" minCyclomaticComplexity="0" maxCrapScore="0" minCrapScore="0" visitedClasses="1" numClasses="1" visitedMethods="6" numMethods="6" />
          <FullName>UITest</FullName>
          <Methods>
            <Method visited="true" cyclomaticComplexity="0" nPathComplexity="0" sequenceCoverage="100.0" branchCoverage="0" crapScore="0" isConstructor="false" isStatic="false" isGetter="false" isSetter="false">
              <Summary numSequencePoints="6" visitedSequencePoints="6" numBranchPoints="0" visitedBranchPoints="0" sequenceCoverage="100.0" branchCoverage="0" maxCyclomaticComplexity="0" minCyclomaticComplexity="0" maxCrapScore="0" minCrapScore="0" visitedClasses="0" numClasses="0" visitedMethods="1" numMethods="1" />
              <MetadataToken>100663302</MetadataToken>
              <Name>System.Void UITest::TestActiveUIMenu()</Name>
              <FileRef uid="4" />
              <SequencePoints>
                <SequencePoint vc="1" uspid="2138" ordinal="0" offset="0" sl="11" sc="5" el="11" ec="5" bec="0" bev="0" fileid="4" />
                <SequencePoint vc="1" uspid="2139" ordinal="0" offset="1" sl="13" sc="9" el="13" ec="9" bec="0" bev="0" fileid="4" />
                <SequencePoint vc="1" uspid="2140" ordinal="0" offset="12" sl="14" sc="9" el="14" ec="9" bec="0" bev="0" fileid="4" />
                <SequencePoint vc="1" uspid="2141" ordinal="0" offset="20" sl="16" sc="9" el="16" ec="9" bec="0" bev="0" fileid="4" />
                <SequencePoint vc="1" uspid="2142" ordinal="0" offset="28" sl="18" sc="9" el="18" ec="9" bec="0" bev="0" fileid="4" />
                <SequencePoint vc="1" uspid="2143" ordinal="0" offset="50" sl="19" sc="5" el="19" ec="5" bec="0" bev="0" fileid="4" />
              </SequencePoints>
              <BranchPoints />
            </Method>
            <Method visited="true" cyclomaticComplexity="0" nPathComplexity="0" sequenceCoverage="100.0" branchCoverage="0" crapScore="0" isConstructor="false" isStatic="false" isGetter="false" isSetter="false">
              <Summary numSequencePoints="7" visitedSequencePoints="7" numBranchPoints="0" visitedBranchPoints="0" sequenceCoverage="100.0" branchCoverage="0" maxCyclomaticComplexity="0" minCyclomaticComplexity="0" maxCrapScore="0" minCrapScore="0" visitedClasses="0" numClasses="0" visitedMethods="1" numMethods="1" />
              <MetadataToken>100663303</MetadataToken>
              <Name>System.Void UITest::TestUIButtonClick()</Name>
              <FileRef uid="4" />
              <SequencePoints>
                <SequencePoint vc="1" uspid="2144" ordinal="0" offset="6" sl="24" sc="5" el="24" ec="5" bec="0" bev="0" fileid="4" />
                <SequencePoint vc="1" uspid="2145" ordinal="0" offset="7" sl="26" sc="9" el="26" ec="9" bec="0" bev="0" fileid="4" />
                <SequencePoint vc="1" uspid="2146" ordinal="0" offset="18" sl="27" sc="9" el="27" ec="9" bec="0" bev="0" fileid="4" />
                <SequencePoint vc="1" uspid="2147" ordinal="0" offset="25" sl="28" sc="9" el="28" ec="9" bec="0" bev="0" fileid="4" />
                <SequencePoint vc="1" uspid="2148" ordinal="0" offset="54" sl="30" sc="9" el="30" ec="9" bec="0" bev="0" fileid="4" />
                <SequencePoint vc="1" uspid="2149" ordinal="0" offset="71" sl="32" sc="9" el="32" ec="9" bec="0" bev="0" fileid="4" />
                <SequencePoint vc="1" uspid="2150" ordinal="0" offset="93" sl="33" sc="5" el="33" ec="5" bec="0" bev="0" fileid="4" />
              </SequencePoints>
              <BranchPoints />
            </Method>
            <Method visited="true" cyclomaticComplexity="0" nPathComplexity="0" sequenceCoverage="85.71" branchCoverage="0" crapScore="0" isConstructor="false" isStatic="false" isGetter="false" isSetter="false">
              <Summary numSequencePoints="7" visitedSequencePoints="6" numBranchPoints="0" visitedBranchPoints="0" sequenceCoverage="85.71" branchCoverage="0" maxCyclomaticComplexity="0" minCyclomaticComplexity="0" maxCrapScore="0" minCrapScore="0" visitedClasses="0" numClasses="0" visitedMethods="1" numMethods="1" />
              <MetadataToken>100663304</MetadataToken>
              <Name>System.Void UITest::TestUIElementPosition()</Name>
              <FileRef uid="4" />
              <SequencePoints>
                <SequencePoint vc="1" uspid="2151" ordinal="0" offset="0" sl="38" sc="5" el="38" ec="5" bec="0" bev="0" fileid="4" />
                <SequencePoint vc="1" uspid="2152" ordinal="0" offset="1" sl="40" sc="9" el="40" ec="9" bec="0" bev="0" fileid="4" />
                <SequencePoint vc="1" uspid="2153" ordinal="0" offset="12" sl="41" sc="9" el="41" ec="9" bec="0" bev="0" fileid="4" />
                <SequencePoint vc="1" uspid="2154" ordinal="0" offset="19" sl="42" sc="9" el="42" ec="9" bec="0" bev="0" fileid="4" />
                <SequencePoint vc="1" uspid="2155" ordinal="0" offset="41" sl="44" sc="9" el="44" ec="9" bec="0" bev="0" fileid="4" />
                <SequencePoint vc="1" uspid="2156" ordinal="0" offset="54" sl="46" sc="9" el="46" ec="9" bec="0" bev="0" fileid="4" />
                <SequencePoint vc="0" uspid="2157" ordinal="0" offset="87" sl="47" sc="5" el="47" ec="5" bec="0" bev="0" fileid="4" />
              </SequencePoints>
              <BranchPoints />
            </Method>
            <Method visited="true" cyclomaticComplexity="0" nPathComplexity="0" sequenceCoverage="100.0" branchCoverage="0" crapScore="0" isConstructor="false" isStatic="false" isGetter="false" isSetter="false">
              <Summary numSequencePoints="5" visitedSequencePoints="5" numBranchPoints="0" visitedBranchPoints="0" sequenceCoverage="100.0" branchCoverage="0" maxCyclomaticComplexity="0" minCyclomaticComplexity="0" maxCrapScore="0" minCrapScore="0" visitedClasses="0" numClasses="0" visitedMethods="1" numMethods="1" />
              <MetadataToken>100663305</MetadataToken>
              <Name>System.Void UITest::TestUIElementVisibility()</Name>
              <FileRef uid="4" />
              <SequencePoints>
                <SequencePoint vc="1" uspid="2158" ordinal="0" offset="0" sl="52" sc="5" el="52" ec="5" bec="0" bev="0" fileid="4" />
                <SequencePoint vc="1" uspid="2159" ordinal="0" offset="1" sl="54" sc="9" el="54" ec="9" bec="0" bev="0" fileid="4" />
                <SequencePoint vc="1" uspid="2160" ordinal="0" offset="12" sl="56" sc="9" el="56" ec="9" bec="0" bev="0" fileid="4" />
                <SequencePoint vc="1" uspid="2161" ordinal="0" offset="20" sl="58" sc="9" el="58" ec="9" bec="0" bev="0" fileid="4" />
                <SequencePoint vc="1" uspid="2162" ordinal="0" offset="42" sl="59" sc="5" el="59" ec="5" bec="0" bev="0" fileid="4" />
              </SequencePoints>
              <BranchPoints />
            </Method>
            <Method visited="true" cyclomaticComplexity="0" nPathComplexity="0" sequenceCoverage="100.0" branchCoverage="0" crapScore="0" isConstructor="false" isStatic="false" isGetter="false" isSetter="false">
              <Summary numSequencePoints="7" visitedSequencePoints="7" numBranchPoints="0" visitedBranchPoints="0" sequenceCoverage="100.0" branchCoverage="0" maxCyclomaticComplexity="0" minCyclomaticComplexity="0" maxCrapScore="0" minCrapScore="0" visitedClasses="0" numClasses="0" visitedMethods="1" numMethods="1" />
              <MetadataToken>100663306</MetadataToken>
              <Name>System.Void UITest::TestUIElementScale()</Name>
              <FileRef uid="4" />
              <SequencePoints>
                <SequencePoint vc="1" uspid="2163" ordinal="0" offset="0" sl="64" sc="5" el="64" ec="5" bec="0" bev="0" fileid="4" />
                <SequencePoint vc="1" uspid="2164" ordinal="0" offset="1" sl="66" sc="9" el="66" ec="9" bec="0" bev="0" fileid="4" />
                <SequencePoint vc="1" uspid="2165" ordinal="0" offset="12" sl="67" sc="9" el="67" ec="9" bec="0" bev="0" fileid="4" />
                <SequencePoint vc="1" uspid="2166" ordinal="0" offset="19" sl="68" sc="9" el="68" ec="9" bec="0" bev="0" fileid="4" />
                <SequencePoint vc="1" uspid="2167" ordinal="0" offset="41" sl="70" sc="9" el="70" ec="9" bec="0" bev="0" fileid="4" />
                <SequencePoint vc="1" uspid="2168" ordinal="0" offset="49" sl="72" sc="9" el="72" ec="9" bec="0" bev="0" fileid="4" />
                <SequencePoint vc="1" uspid="2169" ordinal="0" offset="82" sl="73" sc="5" el="73" ec="5" bec="0" bev="0" fileid="4" />
              </SequencePoints>
              <BranchPoints />
            </Method>
            <Method visited="true" cyclomaticComplexity="0" nPathComplexity="0" sequenceCoverage="100.0" branchCoverage="0" crapScore="0" isConstructor="false" isStatic="false" isGetter="false" isSetter="false">
              <Summary numSequencePoints="7" visitedSequencePoints="7" numBranchPoints="0" visitedBranchPoints="0" sequenceCoverage="100.0" branchCoverage="0" maxCyclomaticComplexity="0" minCyclomaticComplexity="0" maxCrapScore="0" minCrapScore="0" visitedClasses="0" numClasses="0" visitedMethods="1" numMethods="1" />
              <MetadataToken>100663307</MetadataToken>
              <Name>System.Void UITest::TestUIElementRotation()</Name>
              <FileRef uid="4" />
              <SequencePoints>
                <SequencePoint vc="1" uspid="2170" ordinal="0" offset="0" sl="78" sc="5" el="78" ec="5" bec="0" bev="0" fileid="4" />
                <SequencePoint vc="1" uspid="2171" ordinal="0" offset="1" sl="80" sc="9" el="80" ec="9" bec="0" bev="0" fileid="4" />
                <SequencePoint vc="1" uspid="2172" ordinal="0" offset="12" sl="81" sc="9" el="81" ec="9" bec="0" bev="0" fileid="4" />
                <SequencePoint vc="1" uspid="2173" ordinal="0" offset="19" sl="82" sc="9" el="82" ec="9" bec="0" bev="0" fileid="4" />
                <SequencePoint vc="1" uspid="2174" ordinal="0" offset="40" sl="84" sc="9" el="84" ec="9" bec="0" bev="0" fileid="4" />
                <SequencePoint vc="1" uspid="2175" ordinal="0" offset="48" sl="86" sc="9" el="86" ec="9" bec="0" bev="0" fileid="4" />
                <SequencePoint vc="1" uspid="2176" ordinal="0" offset="81" sl="87" sc="5" el="87" ec="5" bec="0" bev="0" fileid="4" />
              </SequencePoints>
              <BranchPoints />
            </Method>
          </Methods>
        </Class>
        <Class>
          <Summary numSequencePoints="9" visitedSequencePoints="9" numBranchPoints="0" visitedBranchPoints="0" sequenceCoverage="100.0" branchCoverage="0.0" maxCyclomaticComplexity="0" minCyclomaticComplexity="0" maxCrapScore="0" minCrapScore="0" visitedClasses="1" numClasses="1" visitedMethods="1" numMethods="1" />
          <FullName>BossTest/&lt;Boss_Die_And_Play_Death_Animation&gt;d__5</FullName>
          <Methods>
            <Method visited="true" cyclomaticComplexity="0" nPathComplexity="0" sequenceCoverage="100.0" branchCoverage="0" crapScore="0" isConstructor="false" isStatic="false" isGetter="false" isSetter="false">
              <Summary numSequencePoints="9" visitedSequencePoints="9" numBranchPoints="0" visitedBranchPoints="0" sequenceCoverage="100.0" branchCoverage="0" maxCyclomaticComplexity="0" minCyclomaticComplexity="0" maxCrapScore="0" minCrapScore="0" visitedClasses="0" numClasses="0" visitedMethods="1" numMethods="1" />
              <MetadataToken>100663313</MetadataToken>
              <Name>System.Boolean BossTest/&lt;Boss_Die_And_Play_Death_Animation&gt;d__5::MoveNext()</Name>
              <FileRef uid="5" />
              <SequencePoints>
                <SequencePoint vc="1" uspid="2177" ordinal="0" offset="42" sl="58" sc="5" el="58" ec="5" bec="0" bev="0" fileid="5" />
                <SequencePoint vc="1" uspid="2178" ordinal="0" offset="43" sl="59" sc="9" el="59" ec="9" bec="0" bev="0" fileid="5" />
                <SequencePoint vc="1" uspid="2179" ordinal="0" offset="65" sl="61" sc="9" el="61" ec="9" bec="0" bev="0" fileid="5" />
                <SequencePoint vc="1" uspid="2180" ordinal="0" offset="84" sl="63" sc="9" el="63" ec="9" bec="0" bev="0" fileid="5" />
                <SequencePoint vc="1" uspid="2181" ordinal="0" offset="107" sl="65" sc="9" el="65" ec="9" bec="0" bev="0" fileid="5" />
                <SequencePoint vc="1" uspid="2182" ordinal="0" offset="131" sl="67" sc="9" el="67" ec="9" bec="0" bev="0" fileid="5" />
                <SequencePoint vc="1" uspid="2183" ordinal="0" offset="154" sl="69" sc="9" el="69" ec="9" bec="0" bev="0" fileid="5" />
                <SequencePoint vc="1" uspid="2184" ordinal="0" offset="176" sl="71" sc="9" el="71" ec="9" bec="0" bev="0" fileid="5" />
                <SequencePoint vc="1" uspid="2185" ordinal="0" offset="188" sl="72" sc="5" el="72" ec="5" bec="0" bev="0" fileid="5" />
              </SequencePoints>
              <BranchPoints />
            </Method>
          </Methods>
        </Class>
        <Class>
          <Summary numSequencePoints="7" visitedSequencePoints="7" numBranchPoints="0" visitedBranchPoints="0" sequenceCoverage="100.0" branchCoverage="0.0" maxCyclomaticComplexity="0" minCyclomaticComplexity="0" maxCrapScore="0" minCrapScore="0" visitedClasses="1" numClasses="1" visitedMethods="1" numMethods="1" />
          <FullName>BossTest/&lt;Boss_Die_When_HP_Zero&gt;d__4</FullName>
          <Methods>
            <Method visited="true" cyclomaticComplexity="0" nPathComplexity="0" sequenceCoverage="100.0" branchCoverage="0" crapScore="0" isConstructor="false" isStatic="false" isGetter="false" isSetter="false">
              <Summary numSequencePoints="7" visitedSequencePoints="7" numBranchPoints="0" visitedBranchPoints="0" sequenceCoverage="100.0" branchCoverage="0" maxCyclomaticComplexity="0" minCyclomaticComplexity="0" maxCrapScore="0" minCrapScore="0" visitedClasses="0" numClasses="0" visitedMethods="1" numMethods="1" />
              <MetadataToken>100663319</MetadataToken>
              <Name>System.Boolean BossTest/&lt;Boss_Die_When_HP_Zero&gt;d__4::MoveNext()</Name>
              <FileRef uid="5" />
              <SequencePoints>
                <SequencePoint vc="1" uspid="2186" ordinal="0" offset="42" sl="43" sc="5" el="43" ec="5" bec="0" bev="0" fileid="5" />
                <SequencePoint vc="1" uspid="2187" ordinal="0" offset="43" sl="44" sc="9" el="44" ec="9" bec="0" bev="0" fileid="5" />
                <SequencePoint vc="1" uspid="2188" ordinal="0" offset="62" sl="46" sc="9" el="46" ec="9" bec="0" bev="0" fileid="5" />
                <SequencePoint vc="1" uspid="2189" ordinal="0" offset="85" sl="48" sc="9" el="48" ec="9" bec="0" bev="0" fileid="5" />
                <SequencePoint vc="1" uspid="2190" ordinal="0" offset="109" sl="50" sc="9" el="50" ec="9" bec="0" bev="0" fileid="5" />
                <SequencePoint vc="1" uspid="2191" ordinal="0" offset="132" sl="52" sc="9" el="52" ec="9" bec="0" bev="0" fileid="5" />
                <SequencePoint vc="1" uspid="2192" ordinal="0" offset="154" sl="53" sc="5" el="53" ec="5" bec="0" bev="0" fileid="5" />
              </SequencePoints>
              <BranchPoints />
            </Method>
          </Methods>
        </Class>
        <Class>
          <Summary numSequencePoints="7" visitedSequencePoints="7" numBranchPoints="0" visitedBranchPoints="0" sequenceCoverage="100.0" branchCoverage="0.0" maxCyclomaticComplexity="0" minCyclomaticComplexity="0" maxCrapScore="0" minCrapScore="0" visitedClasses="1" numClasses="1" visitedMethods="1" numMethods="1" />
          <FullName>BossTest/&lt;Player_Attack_Boss_Decrease_HP&gt;d__3</FullName>
          <Methods>
            <Method visited="true" cyclomaticComplexity="0" nPathComplexity="0" sequenceCoverage="100.0" branchCoverage="0" crapScore="0" isConstructor="false" isStatic="false" isGetter="false" isSetter="false">
              <Summary numSequencePoints="7" visitedSequencePoints="7" numBranchPoints="0" visitedBranchPoints="0" sequenceCoverage="100.0" branchCoverage="0" maxCyclomaticComplexity="0" minCyclomaticComplexity="0" maxCrapScore="0" minCrapScore="0" visitedClasses="0" numClasses="0" visitedMethods="1" numMethods="1" />
              <MetadataToken>100663325</MetadataToken>
              <Name>System.Boolean BossTest/&lt;Player_Attack_Boss_Decrease_HP&gt;d__3::MoveNext()</Name>
              <FileRef uid="5" />
              <SequencePoints>
                <SequencePoint vc="1" uspid="2193" ordinal="0" offset="42" sl="28" sc="5" el="28" ec="5" bec="0" bev="0" fileid="5" />
                <SequencePoint vc="1" uspid="2194" ordinal="0" offset="43" sl="29" sc="9" el="29" ec="9" bec="0" bev="0" fileid="5" />
                <SequencePoint vc="1" uspid="2195" ordinal="0" offset="62" sl="31" sc="9" el="31" ec="9" bec="0" bev="0" fileid="5" />
                <SequencePoint vc="1" uspid="2196" ordinal="0" offset="85" sl="33" sc="9" el="33" ec="9" bec="0" bev="0" fileid="5" />
                <SequencePoint vc="1" uspid="2197" ordinal="0" offset="109" sl="35" sc="9" el="35" ec="9" bec="0" bev="0" fileid="5" />
                <SequencePoint vc="1" uspid="2198" ordinal="0" offset="132" sl="37" sc="9" el="37" ec="9" bec="0" bev="0" fileid="5" />
                <SequencePoint vc="1" uspid="2199" ordinal="0" offset="166" sl="38" sc="5" el="38" ec="5" bec="0" bev="0" fileid="5" />
              </SequencePoints>
              <BranchPoints />
            </Method>
          </Methods>
        </Class>
        <Class>
          <Summary numSequencePoints="8" visitedSequencePoints="8" numBranchPoints="0" visitedBranchPoints="0" sequenceCoverage="100.0" branchCoverage="0.0" maxCyclomaticComplexity="0" minCyclomaticComplexity="0" maxCrapScore="0" minCrapScore="0" visitedClasses="1" numClasses="1" visitedMethods="1" numMethods="1" />
          <FullName>BossTest/&lt;Setup&gt;d__2</FullName>
          <Methods>
            <Method visited="true" cyclomaticComplexity="0" nPathComplexity="0" sequenceCoverage="100.0" branchCoverage="0" crapScore="0" isConstructor="false" isStatic="false" isGetter="false" isSetter="false">
              <Summary numSequencePoints="8" visitedSequencePoints="8" numBranchPoints="0" visitedBranchPoints="0" sequenceCoverage="100.0" branchCoverage="0" maxCyclomaticComplexity="0" minCyclomaticComplexity="0" maxCrapScore="0" minCrapScore="0" visitedClasses="0" numClasses="0" visitedMethods="1" numMethods="1" />
              <MetadataToken>100663331</MetadataToken>
              <Name>System.Boolean BossTest/&lt;Setup&gt;d__2::MoveNext()</Name>
              <FileRef uid="5" />
              <SequencePoints>
                <SequencePoint vc="3" uspid="2200" ordinal="0" offset="31" sl="13" sc="5" el="13" ec="5" bec="0" bev="0" fileid="5" />
                <SequencePoint vc="3" uspid="2201" ordinal="0" offset="32" sl="14" sc="9" el="14" ec="9" bec="0" bev="0" fileid="5" />
                <SequencePoint vc="3" uspid="2202" ordinal="0" offset="53" sl="16" sc="9" el="16" ec="9" bec="0" bev="0" fileid="5" />
                <SequencePoint vc="3" uspid="2203" ordinal="0" offset="70" sl="17" sc="9" el="17" ec="9" bec="0" bev="0" fileid="5" />
                <SequencePoint vc="3" uspid="2204" ordinal="0" offset="87" sl="18" sc="9" el="18" ec="9" bec="0" bev="0" fileid="5" />
                <SequencePoint vc="3" uspid="2205" ordinal="0" offset="104" sl="20" sc="9" el="20" ec="9" bec="0" bev="0" fileid="5" />
                <SequencePoint vc="3" uspid="2206" ordinal="0" offset="131" sl="22" sc="9" el="22" ec="9" bec="0" bev="0" fileid="5" />
                <SequencePoint vc="3" uspid="2207" ordinal="0" offset="154" sl="23" sc="5" el="23" ec="5" bec="0" bev="0" fileid="5" />
              </SequencePoints>
              <BranchPoints />
            </Method>
          </Methods>
        </Class>
        <Class>
          <Summary numSequencePoints="1" visitedSequencePoints="1" numBranchPoints="0" visitedBranchPoints="0" sequenceCoverage="100.0" branchCoverage="0.0" maxCyclomaticComplexity="0" minCyclomaticComplexity="0" maxCrapScore="0" minCrapScore="0" visitedClasses="1" numClasses="1" visitedMethods="1" numMethods="1" />
          <FullName>UITest/&lt;&gt;c__DisplayClass1_0</FullName>
          <Methods>
            <Method visited="true" cyclomaticComplexity="0" nPathComplexity="0" sequenceCoverage="100.0" branchCoverage="0" crapScore="0" isConstructor="false" isStatic="false" isGetter="false" isSetter="false">
              <Summary numSequencePoints="1" visitedSequencePoints="1" numBranchPoints="0" visitedBranchPoints="0" sequenceCoverage="100.0" branchCoverage="0" maxCyclomaticComplexity="0" minCyclomaticComplexity="0" maxCrapScore="0" minCrapScore="0" visitedClasses="0" numClasses="0" visitedMethods="1" numMethods="1" />
              <MetadataToken>100663336</MetadataToken>
              <Name>System.Void UITest/&lt;&gt;c__DisplayClass1_0::&lt;TestUIButtonClick&gt;b__0()</Name>
              <FileRef uid="4" />
              <SequencePoints>
                <SequencePoint vc="1" uspid="2208" ordinal="0" offset="0" sl="28" sc="80" el="28" ec="80" bec="0" bev="0" fileid="4" />
              </SequencePoints>
              <BranchPoints />
            </Method>
          </Methods>
        </Class>
      </Classes>
    </Module>
    <Module>
      <Summary numSequencePoints="479" visitedSequencePoints="391" numBranchPoints="0" visitedBranchPoints="0" sequenceCoverage="81.63" branchCoverage="0.0" maxCyclomaticComplexity="0" minCyclomaticComplexity="0" maxCrapScore="0" minCrapScore="0" visitedClasses="18" numClasses="18" visitedMethods="49" numMethods="49" />
      <ModuleTime>0001-01-01T00:00:00</ModuleTime>
      <ModuleName>Script</ModuleName>
      <Files>
        <File uid="6" fullPath="E:/Deadline Ong vang/deadline-ong-vang/Assets/Scripts/ambuton.cs" />
        <File uid="7" fullPath="E:/Deadline Ong vang/deadline-ong-vang/Assets/Scripts/AnimationStrings.cs" />
        <File uid="8" fullPath="E:/Deadline Ong vang/deadline-ong-vang/Assets/Scripts/attack.cs" />
        <File uid="9" fullPath="E:/Deadline Ong vang/deadline-ong-vang/Assets/Scripts/Audio Manager.cs" />
        <File uid="10" fullPath="E:/Deadline Ong vang/deadline-ong-vang/Assets/Scripts/BattleSceneSpawner.cs" />
        <File uid="11" fullPath="E:/Deadline Ong vang/deadline-ong-vang/Assets/Scripts/BOSS1.cs" />
        <File uid="12" fullPath="E:/Deadline Ong vang/deadline-ong-vang/Assets/Scripts/Boss2.cs" />
        <File uid="13" fullPath="E:/Deadline Ong vang/deadline-ong-vang/Assets/Scripts/Boss3.cs" />
        <File uid="14" fullPath="E:/Deadline Ong vang/deadline-ong-vang/Assets/Scripts/BossHealthBar.cs" />
        <File uid="15" fullPath="E:/Deadline Ong vang/deadline-ong-vang/Assets/Scripts/BossManager.cs" />
        <File uid="16" fullPath="E:/Deadline Ong vang/deadline-ong-vang/Assets/Scripts/charactermanager.cs" />
        <File uid="17" fullPath="E:/Deadline Ong vang/deadline-ong-vang/Assets/Scripts/CharacterUnlockManager.cs" />
        <File uid="18" fullPath="E:/Deadline Ong vang/deadline-ong-vang/Assets/Scripts/cottruyen.cs" />
        <File uid="19" fullPath="E:/Deadline Ong vang/deadline-ong-vang/Assets/Scripts/DamageAble.cs" />
        <File uid="20" fullPath="E:/Deadline Ong vang/deadline-ong-vang/Assets/Scripts/FinishUIManager.cs" />
        <File uid="21" fullPath="E:/Deadline Ong vang/deadline-ong-vang/Assets/Scripts/GameController.cs" />
        <File uid="22" fullPath="E:/Deadline Ong vang/deadline-ong-vang/Assets/Scripts/kienmenugame.cs" />
        <File uid="23" fullPath="E:/Deadline Ong vang/deadline-ong-vang/Assets/Scripts/LeaderboardManager.cs" />
        <File uid="24" fullPath="E:/Deadline Ong vang/deadline-ong-vang/Assets/Scripts/PlayerAudio.cs" />
        <File uid="25" fullPath="E:/Deadline Ong vang/deadline-ong-vang/Assets/Scripts/PlayerController.cs" />
        <File uid="26" fullPath="E:/Deadline Ong vang/deadline-ong-vang/Assets/Scripts/PvPcharacter.cs" />
        <File uid="27" fullPath="E:/Deadline Ong vang/deadline-ong-vang/Assets/Scripts/SetBoollBehavior.cs" />
        <File uid="28" fullPath="E:/Deadline Ong vang/deadline-ong-vang/Assets/Scripts/SetFloatBehavior.cs" />
        <File uid="29" fullPath="E:/Deadline Ong vang/deadline-ong-vang/Assets/Scripts/taikhoan.cs" />
        <File uid="30" fullPath="E:/Deadline Ong vang/deadline-ong-vang/Assets/Scripts/TouchingDirection.cs" />
        <File uid="31" fullPath="E:/Deadline Ong vang/deadline-ong-vang/Assets/Scripts/Trangthai.cs" />
        <File uid="32" fullPath="E:/Deadline Ong vang/deadline-ong-vang/Assets/Scripts/UI.cs" />
        <File uid="33" fullPath="E:/Deadline Ong vang/deadline-ong-vang/Assets/Scripts/UIheath.cs" />
        <File uid="34" fullPath="E:/Deadline Ong vang/deadline-ong-vang/Assets/Scripts/UImanchoi.cs" />
      </Files>
      <Classes>
        <Class>
          <Summary numSequencePoints="16" visitedSequencePoints="16" numBranchPoints="0" visitedBranchPoints="0" sequenceCoverage="100.0" branchCoverage="0.0" maxCyclomaticComplexity="0" minCyclomaticComplexity="0" maxCrapScore="0" minCrapScore="0" visitedClasses="1" numClasses="1" visitedMethods="1" numMethods="1" />
          <FullName>AnimationStrings</FullName>
          <Methods>
            <Method visited="true" cyclomaticComplexity="0" nPathComplexity="0" sequenceCoverage="100.0" branchCoverage="0" crapScore="0" isConstructor="true" isStatic="true" isGetter="false" isSetter="false">
              <Summary numSequencePoints="16" visitedSequencePoints="16" numBranchPoints="0" visitedBranchPoints="0" sequenceCoverage="100.0" branchCoverage="0" maxCyclomaticComplexity="0" minCyclomaticComplexity="0" maxCrapScore="0" minCrapScore="0" visitedClasses="0" numClasses="0" visitedMethods="1" numMethods="1" />
              <MetadataToken>100663300</MetadataToken>
              <Name>static AnimationStrings::AnimationStrings()</Name>
              <FileRef uid="7" />
              <SequencePoints>
                <SequencePoint vc="1" uspid="2215" ordinal="0" offset="0" sl="9" sc="5" el="9" ec="5" bec="0" bev="0" fileid="7" />
                <SequencePoint vc="1" uspid="2216" ordinal="0" offset="10" sl="10" sc="5" el="10" ec="5" bec="0" bev="0" fileid="7" />
                <SequencePoint vc="1" uspid="2217" ordinal="0" offset="20" sl="11" sc="5" el="11" ec="5" bec="0" bev="0" fileid="7" />
                <SequencePoint vc="1" uspid="2218" ordinal="0" offset="30" sl="12" sc="5" el="12" ec="5" bec="0" bev="0" fileid="7" />
                <SequencePoint vc="1" uspid="2219" ordinal="0" offset="40" sl="13" sc="5" el="13" ec="5" bec="0" bev="0" fileid="7" />
                <SequencePoint vc="1" uspid="2220" ordinal="0" offset="50" sl="14" sc="5" el="14" ec="5" bec="0" bev="0" fileid="7" />
                <SequencePoint vc="1" uspid="2221" ordinal="0" offset="60" sl="15" sc="5" el="15" ec="5" bec="0" bev="0" fileid="7" />
                <SequencePoint vc="1" uspid="2222" ordinal="0" offset="70" sl="16" sc="5" el="16" ec="5" bec="0" bev="0" fileid="7" />
                <SequencePoint vc="1" uspid="2223" ordinal="0" offset="80" sl="17" sc="5" el="17" ec="5" bec="0" bev="0" fileid="7" />
                <SequencePoint vc="1" uspid="2224" ordinal="0" offset="90" sl="18" sc="5" el="18" ec="5" bec="0" bev="0" fileid="7" />
                <SequencePoint vc="1" uspid="2225" ordinal="0" offset="100" sl="19" sc="5" el="19" ec="5" bec="0" bev="0" fileid="7" />
                <SequencePoint vc="1" uspid="2226" ordinal="0" offset="110" sl="20" sc="5" el="20" ec="5" bec="0" bev="0" fileid="7" />
                <SequencePoint vc="1" uspid="2227" ordinal="0" offset="120" sl="21" sc="5" el="21" ec="5" bec="0" bev="0" fileid="7" />
                <SequencePoint vc="1" uspid="2228" ordinal="0" offset="130" sl="22" sc="5" el="22" ec="5" bec="0" bev="0" fileid="7" />
                <SequencePoint vc="1" uspid="2229" ordinal="0" offset="140" sl="23" sc="5" el="23" ec="5" bec="0" bev="0" fileid="7" />
                <SequencePoint vc="1" uspid="2230" ordinal="0" offset="150" sl="24" sc="5" el="24" ec="5" bec="0" bev="0" fileid="7" />
              </SequencePoints>
              <BranchPoints />
            </Method>
          </Methods>
        </Class>
        <Class>
          <Summary numSequencePoints="9" visitedSequencePoints="6" numBranchPoints="0" visitedBranchPoints="0" sequenceCoverage="66.67" branchCoverage="0.0" maxCyclomaticComplexity="0" minCyclomaticComplexity="0" maxCrapScore="0" minCrapScore="0" visitedClasses="1" numClasses="1" visitedMethods="2" numMethods="2" />
          <FullName>attack</FullName>
          <Methods>
            <Method visited="true" cyclomaticComplexity="0" nPathComplexity="0" sequenceCoverage="57.14" branchCoverage="0" crapScore="0" isConstructor="false" isStatic="false" isGetter="false" isSetter="false">
              <Summary numSequencePoints="7" visitedSequencePoints="4" numBranchPoints="0" visitedBranchPoints="0" sequenceCoverage="57.14" branchCoverage="0" maxCyclomaticComplexity="0" minCyclomaticComplexity="0" maxCrapScore="0" minCrapScore="0" visitedClasses="0" numClasses="0" visitedMethods="1" numMethods="1" />
              <MetadataToken>100663301</MetadataToken>
              <Name>System.Void attack::Start()</Name>
              <FileRef uid="8" />
              <SequencePoints>
                <SequencePoint vc="8" uspid="2231" ordinal="0" offset="0" sl="11" sc="5" el="11" ec="5" bec="0" bev="0" fileid="8" />
                <SequencePoint vc="8" uspid="2232" ordinal="0" offset="1" sl="13" sc="9" el="13" ec="9" bec="0" bev="0" fileid="8" />
                <SequencePoint vc="8" uspid="2233" ordinal="0" offset="12" sl="15" sc="9" el="15" ec="9" bec="0" bev="0" fileid="8" />
                <SequencePoint vc="0" uspid="2234" ordinal="0" offset="28" sl="16" sc="9" el="16" ec="9" bec="0" bev="0" fileid="8" />
                <SequencePoint vc="0" uspid="2235" ordinal="0" offset="29" sl="17" sc="13" el="17" ec="13" bec="0" bev="0" fileid="8" />
                <SequencePoint vc="0" uspid="2236" ordinal="0" offset="40" sl="18" sc="9" el="18" ec="9" bec="0" bev="0" fileid="8" />
                <SequencePoint vc="8" uspid="2237" ordinal="0" offset="41" sl="19" sc="5" el="19" ec="5" bec="0" bev="0" fileid="8" />
              </SequencePoints>
              <BranchPoints />
            </Method>
            <Method visited="true" cyclomaticComplexity="0" nPathComplexity="0" sequenceCoverage="100.0" branchCoverage="0" crapScore="0" isConstructor="true" isStatic="false" isGetter="false" isSetter="false">
              <Summary numSequencePoints="2" visitedSequencePoints="2" numBranchPoints="0" visitedBranchPoints="0" sequenceCoverage="100.0" branchCoverage="0" maxCyclomaticComplexity="0" minCyclomaticComplexity="0" maxCrapScore="0" minCrapScore="0" visitedClasses="0" numClasses="0" visitedMethods="1" numMethods="1" />
              <MetadataToken>100663303</MetadataToken>
              <Name>attack::attack()</Name>
              <FileRef uid="8" />
              <SequencePoints>
                <SequencePoint vc="92" uspid="2261" ordinal="0" offset="0" sl="5" sc="5" el="5" ec="5" bec="0" bev="0" fileid="8" />
                <SequencePoint vc="92" uspid="2262" ordinal="0" offset="8" sl="6" sc="5" el="6" ec="5" bec="0" bev="0" fileid="8" />
              </SequencePoints>
              <BranchPoints />
            </Method>
          </Methods>
        </Class>
        <Class>
          <Summary numSequencePoints="127" visitedSequencePoints="106" numBranchPoints="0" visitedBranchPoints="0" sequenceCoverage="83.46" branchCoverage="0.0" maxCyclomaticComplexity="0" minCyclomaticComplexity="0" maxCrapScore="0" minCrapScore="0" visitedClasses="1" numClasses="1" visitedMethods="8" numMethods="8" />
          <FullName>AudioManager</FullName>
          <Methods>
            <Method visited="true" cyclomaticComplexity="0" nPathComplexity="0" sequenceCoverage="100.0" branchCoverage="0" crapScore="0" isConstructor="false" isStatic="false" isGetter="false" isSetter="false">
[...]
              <Summary numSequencePoints="4" visitedSequencePoints="4" numBranchPoints="0" visitedBranchPoints="0" sequenceCoverage="100.0" branchCoverage="0" maxCyclomaticComplexity="0" minCyclomaticComplexity="0" maxCrapScore="0" minCrapScore="0" visitedClasses="0" numClasses="0" visitedMethods="1" numMethods="1" />
              <MetadataToken>100663501</MetadataToken>
              <Name>System.Void Trangthai::Start()</Name>
              <FileRef uid="31" />
              <SequencePoints>
                <SequencePoint vc="11" uspid="3669" ordinal="0" offset="0" sl="18" sc="5" el="18" ec="5" bec="0" bev="0" fileid="31" />
                <SequencePoint vc="11" uspid="3670" ordinal="0" offset="1" sl="19" sc="9" el="19" ec="9" bec="0" bev="0" fileid="31" />
                <SequencePoint vc="11" uspid="3671" ordinal="0" offset="16" sl="20" sc="9" el="20" ec="9" bec="0" bev="0" fileid="31" />
                <SequencePoint vc="11" uspid="3672" ordinal="0" offset="36" sl="21" sc="5" el="21" ec="5" bec="0" bev="0" fileid="31" />
              </SequencePoints>
              <BranchPoints />
            </Method>
            <Method visited="true" cyclomaticComplexity="0" nPathComplexity="0" sequenceCoverage="100.0" branchCoverage="0" crapScore="0" isConstructor="true" isStatic="false" isGetter="false" isSetter="false">
              <Summary numSequencePoints="1" visitedSequencePoints="1" numBranchPoints="0" visitedBranchPoints="0" sequenceCoverage="100.0" branchCoverage="0" maxCyclomaticComplexity="0" minCyclomaticComplexity="0" maxCrapScore="0" minCrapScore="0" visitedClasses="0" numClasses="0" visitedMethods="1" numMethods="1" />
              <MetadataToken>100663502</MetadataToken>
              <Name>Trangthai::Trangthai()</Name>
              <FileRef uid="31" />
              <SequencePoints>
                <SequencePoint vc="11" uspid="3673" ordinal="0" offset="0" sl="8" sc="5" el="8" ec="5" bec="0" bev="0" fileid="31" />
              </SequencePoints>
              <BranchPoints />
            </Method>
          </Methods>
        </Class>
        <Class>
          <Summary numSequencePoints="3" visitedSequencePoints="3" numBranchPoints="0" visitedBranchPoints="0" sequenceCoverage="100.0" branchCoverage="0.0" maxCyclomaticComplexity="0" minCyclomaticComplexity="0" maxCrapScore="0" minCrapScore="0" visitedClasses="1" numClasses="1" visitedMethods="1" numMethods="1" />
          <FullName>UI</FullName>
          <Methods>
            <Method visited="true" cyclomaticComplexity="0" nPathComplexity="0" sequenceCoverage="100.0" branchCoverage="0" crapScore="0" isConstructor="false" isStatic="false" isGetter="false" isSetter="false">
              <Summary numSequencePoints="3" visitedSequencePoints="3" numBranchPoints="0" visitedBranchPoints="0" sequenceCoverage="100.0" branchCoverage="0" maxCyclomaticComplexity="0" minCyclomaticComplexity="0" maxCrapScore="0" minCrapScore="0" visitedClasses="0" numClasses="0" visitedMethods="1" numMethods="1" />
              <MetadataToken>100663505</MetadataToken>
              <Name>System.Void UI::vaogame()</Name>
              <FileRef uid="32" />
              <SequencePoints>
                <SequencePoint vc="1" uspid="3688" ordinal="0" offset="0" sl="28" sc="5" el="28" ec="5" bec="0" bev="0" fileid="32" />
                <SequencePoint vc="1" uspid="3689" ordinal="0" offset="1" sl="29" sc="9" el="29" ec="9" bec="0" bev="0" fileid="32" />
                <SequencePoint vc="1" uspid="3690" ordinal="0" offset="12" sl="31" sc="5" el="31" ec="5" bec="0" bev="0" fileid="32" />
              </SequencePoints>
              <BranchPoints />
            </Method>
          </Methods>
        </Class>
        <Class>
          <Summary numSequencePoints="37" visitedSequencePoints="28" numBranchPoints="0" visitedBranchPoints="0" sequenceCoverage="75.68" branchCoverage="0.0" maxCyclomaticComplexity="0" minCyclomaticComplexity="0" maxCrapScore="0" minCrapScore="0" visitedClasses="1" numClasses="1" visitedMethods="2" numMethods="2" />
          <FullName>HealthBarUI</FullName>
          <Methods>
            <Method visited="true" cyclomaticComplexity="0" nPathComplexity="0" sequenceCoverage="70.97" branchCoverage="0" crapScore="0" isConstructor="false" isStatic="false" isGetter="false" isSetter="false">
              <Summary numSequencePoints="31" visitedSequencePoints="22" numBranchPoints="0" visitedBranchPoints="0" sequenceCoverage="70.97" branchCoverage="0" maxCyclomaticComplexity="0" minCyclomaticComplexity="0" maxCrapScore="0" minCrapScore="0" visitedClasses="0" numClasses="0" visitedMethods="1" numMethods="1" />
              <MetadataToken>100663514</MetadataToken>
              <Name>System.Void HealthBarUI::Start()</Name>
              <FileRef uid="33" />
              <SequencePoints>
                <SequencePoint vc="4" uspid="3720" ordinal="0" offset="0" sl="11" sc="5" el="11" ec="5" bec="0" bev="0" fileid="33" />
                <SequencePoint vc="4" uspid="3721" ordinal="0" offset="1" sl="12" sc="9" el="12" ec="9" bec="0" bev="0" fileid="33" />
                <SequencePoint vc="4" uspid="3722" ordinal="0" offset="20" sl="13" sc="9" el="13" ec="9" bec="0" bev="0" fileid="33" />
                <SequencePoint vc="4" uspid="3723" ordinal="0" offset="21" sl="14" sc="13" el="14" ec="13" bec="0" bev="0" fileid="33" />
                <SequencePoint vc="4" uspid="3724" ordinal="0" offset="23" sl="15" sc="13" el="15" ec="13" bec="0" bev="0" fileid="33" />
                <SequencePoint vc="4" uspid="3725" ordinal="0" offset="50" sl="16" sc="13" el="16" ec="13" bec="0" bev="0" fileid="33" />
                <SequencePoint vc="4" uspid="3726" ordinal="0" offset="78" sl="18" sc="13" el="18" ec="13" bec="0" bev="0" fileid="33" />
                <SequencePoint vc="0" uspid="3727" ordinal="0" offset="93" sl="19" sc="13" el="19" ec="13" bec="0" bev="0" fileid="33" />
                <SequencePoint vc="0" uspid="3728" ordinal="0" offset="94" sl="20" sc="17" el="20" ec="17" bec="0" bev="0" fileid="33" />
                <SequencePoint vc="0" uspid="3729" ordinal="0" offset="105" sl="21" sc="13" el="21" ec="13" bec="0" bev="0" fileid="33" />
                <SequencePoint vc="4" uspid="3730" ordinal="0" offset="108" sl="22" sc="18" el="22" ec="18" bec="0" bev="0" fileid="33" />
                <SequencePoint vc="4" uspid="3731" ordinal="0" offset="125" sl="23" sc="13" el="23" ec="13" bec="0" bev="0" fileid="33" />
                <SequencePoint vc="4" uspid="3732" ordinal="0" offset="126" sl="24" sc="17" el="24" ec="17" bec="0" bev="0" fileid="33" />
                <SequencePoint vc="4" uspid="3733" ordinal="0" offset="137" sl="25" sc="13" el="25" ec="13" bec="0" bev="0" fileid="33" />
                <SequencePoint vc="0" uspid="3734" ordinal="0" offset="140" sl="27" sc="13" el="27" ec="13" bec="0" bev="0" fileid="33" />
                <SequencePoint vc="0" uspid="3735" ordinal="0" offset="141" sl="28" sc="17" el="28" ec="17" bec="0" bev="0" fileid="33" />
                <SequencePoint vc="0" uspid="3736" ordinal="0" offset="152" sl="29" sc="13" el="29" ec="13" bec="0" bev="0" fileid="33" />
                <SequencePoint vc="4" uspid="3737" ordinal="0" offset="153" sl="31" sc="13" el="31" ec="13" bec="0" bev="0" fileid="33" />
                <SequencePoint vc="4" uspid="3738" ordinal="0" offset="166" sl="32" sc="13" el="32" ec="13" bec="0" bev="0" fileid="33" />
                <SequencePoint vc="4" uspid="3739" ordinal="0" offset="167" sl="33" sc="17" el="33" ec="17" bec="0" bev="0" fileid="33" />
                <SequencePoint vc="4" uspid="3740" ordinal="0" offset="179" sl="34" sc="13" el="34" ec="13" bec="0" bev="0" fileid="33" />
                <SequencePoint vc="0" uspid="3741" ordinal="0" offset="182" sl="36" sc="13" el="36" ec="13" bec="0" bev="0" fileid="33" />
                <SequencePoint vc="0" uspid="3742" ordinal="0" offset="183" sl="37" sc="17" el="37" ec="17" bec="0" bev="0" fileid="33" />
                <SequencePoint vc="0" uspid="3743" ordinal="0" offset="194" sl="38" sc="13" el="38" ec="13" bec="0" bev="0" fileid="33" />
                <SequencePoint vc="4" uspid="3744" ordinal="0" offset="195" sl="39" sc="9" el="39" ec="9" bec="0" bev="0" fileid="33" />
                <SequencePoint vc="4" uspid="3745" ordinal="0" offset="196" sl="40" sc="9" el="40" ec="9" bec="0" bev="0" fileid="33" />
                <SequencePoint vc="4" uspid="3746" ordinal="0" offset="231" sl="41" sc="9" el="41" ec="9" bec="0" bev="0" fileid="33" />
                <SequencePoint vc="4" uspid="3747" ordinal="0" offset="232" sl="42" sc="13" el="42" ec="13" bec="0" bev="0" fileid="33" />
                <SequencePoint vc="4" uspid="3748" ordinal="0" offset="256" sl="43" sc="13" el="43" ec="13" bec="0" bev="0" fileid="33" />
                <SequencePoint vc="4" uspid="3749" ordinal="0" offset="280" sl="44" sc="9" el="44" ec="9" bec="0" bev="0" fileid="33" />
                <SequencePoint vc="4" uspid="3750" ordinal="0" offset="281" sl="45" sc="5" el="45" ec="5" bec="0" bev="0" fileid="33" />
              </SequencePoints>
              <BranchPoints />
            </Method>
            <Method visited="true" cyclomaticComplexity="0" nPathComplexity="0" sequenceCoverage="100.0" branchCoverage="0" crapScore="0" isConstructor="false" isStatic="false" isGetter="false" isSetter="false">
              <Summary numSequencePoints="6" visitedSequencePoints="6" numBranchPoints="0" visitedBranchPoints="0" sequenceCoverage="100.0" branchCoverage="0" maxCyclomaticComplexity="0" minCyclomaticComplexity="0" maxCrapScore="0" minCrapScore="0" visitedClasses="0" numClasses="0" visitedMethods="1" numMethods="1" />
              <MetadataToken>100663515</MetadataToken>
              <Name>System.Void HealthBarUI::Update()</Name>
              <FileRef uid="33" />
              <SequencePoints>
                <SequencePoint vc="376" uspid="3751" ordinal="0" offset="0" sl="48" sc="5" el="48" ec="5" bec="0" bev="0" fileid="33" />
                <SequencePoint vc="376" uspid="3752" ordinal="0" offset="1" sl="49" sc="9" el="49" ec="9" bec="0" bev="0" fileid="33" />
                <SequencePoint vc="376" uspid="3753" ordinal="0" offset="34" sl="50" sc="9" el="50" ec="9" bec="0" bev="0" fileid="33" />
                <SequencePoint vc="376" uspid="3754" ordinal="0" offset="35" sl="51" sc="13" el="51" ec="13" bec="0" bev="0" fileid="33" />
                <SequencePoint vc="376" uspid="3755" ordinal="0" offset="59" sl="52" sc="9" el="52" ec="9" bec="0" bev="0" fileid="33" />
                <SequencePoint vc="376" uspid="3756" ordinal="0" offset="60" sl="53" sc="5" el="53" ec="5" bec="0" bev="0" fileid="33" />
              </SequencePoints>
              <BranchPoints />
            </Method>
          </Methods>
        </Class>
        <Class>
          <Summary numSequencePoints="20" visitedSequencePoints="20" numBranchPoints="0" visitedBranchPoints="0" sequenceCoverage="100.0" branchCoverage="0.0" maxCyclomaticComplexity="0" minCyclomaticComplexity="0" maxCrapScore="0" minCrapScore="0" visitedClasses="1" numClasses="1" visitedMethods="1" numMethods="1" />
          <FullName>AudioManager/&lt;ChangeMusicSmoothly&gt;d__54</FullName>
          <Methods>
            <Method visited="true" cyclomaticComplexity="0" nPathComplexity="0" sequenceCoverage="100.0" branchCoverage="0" crapScore="0" isConstructor="false" isStatic="false" isGetter="false" isSetter="false">
              <Summary numSequencePoints="20" visitedSequencePoints="20" numBranchPoints="0" visitedBranchPoints="0" sequenceCoverage="100.0" branchCoverage="0" maxCyclomaticComplexity="0" minCyclomaticComplexity="0" maxCrapScore="0" minCrapScore="0" visitedClasses="0" numClasses="0" visitedMethods="1" numMethods="1" />
              <MetadataToken>100663525</MetadataToken>
              <Name>System.Boolean AudioManager/&lt;ChangeMusicSmoothly&gt;d__54::MoveNext()</Name>
              <FileRef uid="9" />
              <SequencePoints>
                <SequencePoint vc="13" uspid="3761" ordinal="0" offset="45" sl="256" sc="5" el="256" ec="5" bec="0" bev="0" fileid="9" />
                <SequencePoint vc="13" uspid="3762" ordinal="0" offset="46" sl="257" sc="9" el="257" ec="9" bec="0" bev="0" fileid="9" />
                <SequencePoint vc="13" uspid="3763" ordinal="0" offset="68" sl="259" sc="14" el="259" ec="14" bec="0" bev="0" fileid="9" />
                <SequencePoint vc="973" uspid="3764" ordinal="0" offset="81" sl="260" sc="9" el="260" ec="9" bec="0" bev="0" fileid="9" />
                <SequencePoint vc="973" uspid="3765" ordinal="0" offset="82" sl="261" sc="13" el="261" ec="13" bec="0" bev="0" fileid="9" />
                <SequencePoint vc="973" uspid="3766" ordinal="0" offset="128" sl="262" sc="13" el="262" ec="13" bec="0" bev="0" fileid="9" />
                <SequencePoint vc="971" uspid="3767" ordinal="0" offset="151" sl="263" sc="9" el="263" ec="9" bec="0" bev="0" fileid="9" />
                <SequencePoint vc="971" uspid="3768" ordinal="0" offset="152" sl="259" sc="42" el="259" ec="42" bec="0" bev="0" fileid="9" />
                <SequencePoint vc="984" uspid="3769" ordinal="0" offset="170" sl="259" sc="28" el="259" ec="28" bec="0" bev="0" fileid="9" />
                <SequencePoint vc="11" uspid="3770" ordinal="0" offset="188" sl="265" sc="9" el="265" ec="9" bec="0" bev="0" fileid="9" />
                <SequencePoint vc="11" uspid="3771" ordinal="0" offset="211" sl="266" sc="9" el="266" ec="9" bec="0" bev="0" fileid="9" />
                <SequencePoint vc="11" uspid="3772" ordinal="0" offset="228" sl="269" sc="14" el="269" ec="14" bec="0" bev="0" fileid="9" />
                <SequencePoint vc="450" uspid="3773" ordinal="0" offset="241" sl="270" sc="9" el="270" ec="9" bec="0" bev="0" fileid="9" />
                <SequencePoint vc="450" uspid="3774" ordinal="0" offset="242" sl="271" sc="13" el="271" ec="13" bec="0" bev="0" fileid="9" />
                <SequencePoint vc="450" uspid="3775" ordinal="0" offset="293" sl="272" sc="13" el="272" ec="13" bec="0" bev="0" fileid="9" />
                <SequencePoint vc="443" uspid="3776" ordinal="0" offset="316" sl="273" sc="9" el="273" ec="9" bec="0" bev="0" fileid="9" />
                <SequencePoint vc="443" uspid="3777" ordinal="0" offset="317" sl="269" sc="42" el="269" ec="42" bec="0" bev="0" fileid="9" />
                <SequencePoint vc="454" uspid="3778" ordinal="0" offset="335" sl="269" sc="28" el="269" ec="28" bec="0" bev="0" fileid="9" />
                <SequencePoint vc="4" uspid="3779" ordinal="0" offset="353" sl="274" sc="9" el="274" ec="9" bec="0" bev="0" fileid="9" />
                <SequencePoint vc="4" uspid="3780" ordinal="0" offset="381" sl="275" sc="5" el="275" ec="5" bec="0" bev="0" fileid="9" />
              </SequencePoints>
              <BranchPoints />
            </Method>
          </Methods>
        </Class>
        <Class>
          <Summary numSequencePoints="26" visitedSequencePoints="16" numBranchPoints="0" visitedBranchPoints="0" sequenceCoverage="61.54" branchCoverage="0.0" maxCyclomaticComplexity="0" minCyclomaticComplexity="0" maxCrapScore="0" minCrapScore="0" visitedClasses="1" numClasses="1" visitedMethods="1" numMethods="1" />
          <FullName>cottruyen/&lt;PlayStory&gt;d__7</FullName>
          <Methods>
            <Method visited="true" cyclomaticComplexity="0" nPathComplexity="0" sequenceCoverage="61.54" branchCoverage="0" crapScore="0" isConstructor="false" isStatic="false" isGetter="false" isSetter="false">
              <Summary numSequencePoints="26" visitedSequencePoints="16" numBranchPoints="0" visitedBranchPoints="0" sequenceCoverage="61.54" branchCoverage="0" maxCyclomaticComplexity="0" minCyclomaticComplexity="0" maxCrapScore="0" minCrapScore="0" visitedClasses="0" numClasses="0" visitedMethods="1" numMethods="1" />
              <MetadataToken>100663555</MetadataToken>
              <Name>System.Boolean cottruyen/&lt;PlayStory&gt;d__7::MoveNext()</Name>
              <FileRef uid="18" />
              <SequencePoints>
                <SequencePoint vc="2" uspid="3839" ordinal="0" offset="48" sl="29" sc="5" el="29" ec="5" bec="0" bev="0" fileid="18" />
                <SequencePoint vc="2" uspid="3840" ordinal="0" offset="49" sl="30" sc="9" el="30" ec="9" bec="0" bev="0" fileid="18" />
                <SequencePoint vc="2" uspid="3841" ordinal="0" offset="50" sl="30" sc="29" el="30" ec="29" bec="0" bev="0" fileid="18" />
                <SequencePoint vc="2" uspid="3842" ordinal="0" offset="79" sl="30" sc="18" el="30" ec="18" bec="0" bev="0" fileid="18" />
                <SequencePoint vc="2" uspid="3843" ordinal="0" offset="98" sl="31" sc="9" el="31" ec="9" bec="0" bev="0" fileid="18" />
                <SequencePoint vc="2" uspid="3844" ordinal="0" offset="99" sl="32" sc="13" el="32" ec="13" bec="0" bev="0" fileid="18" />
                <SequencePoint vc="2" uspid="3845" ordinal="0" offset="127" sl="33" sc="13" el="33" ec="13" bec="0" bev="0" fileid="18" />
                <SequencePoint vc="2" uspid="3846" ordinal="0" offset="149" sl="36" sc="13" el="36" ec="13" bec="0" bev="0" fileid="18" />
                <SequencePoint vc="2" uspid="3847" ordinal="0" offset="150" sl="36" sc="32" el="36" ec="32" bec="0" bev="0" fileid="18" />
                <SequencePoint vc="36" uspid="3848" ordinal="0" offset="176" sl="36" sc="22" el="36" ec="22" bec="0" bev="0" fileid="18" />
                <SequencePoint vc="36" uspid="3849" ordinal="0" offset="199" sl="37" sc="13" el="37" ec="13" bec="0" bev="0" fileid="18" />
                <SequencePoint vc="36" uspid="3850" ordinal="0" offset="200" sl="38" sc="17" el="38" ec="17" bec="0" bev="0" fileid="18" />
                <SequencePoint vc="36" uspid="3851" ordinal="0" offset="239" sl="39" sc="17" el="39" ec="17" bec="0" bev="0" fileid="18" />
                <SequencePoint vc="34" uspid="3852" ordinal="0" offset="277" sl="40" sc="13" el="40" ec="13" bec="0" bev="0" fileid="18" />
                <SequencePoint vc="36" uspid="3853" ordinal="0" offset="292" sl="36" sc="29" el="36" ec="29" bec="0" bev="0" fileid="18" />
                <SequencePoint vc="0" uspid="3854" ordinal="0" offset="321" sl="43" sc="13" el="43" ec="13" bec="0" bev="0" fileid="18" />
                <SequencePoint vc="0" uspid="3855" ordinal="0" offset="359" sl="44" sc="13" el="44" ec="13" bec="0" bev="0" fileid="18" />
                <SequencePoint vc="0" uspid="3856" ordinal="0" offset="377" sl="45" sc="13" el="45" ec="13" bec="0" bev="0" fileid="18" />
                <SequencePoint vc="0" uspid="3857" ordinal="0" offset="399" sl="46" sc="9" el="46" ec="9" bec="0" bev="0" fileid="18" />
                <SequencePoint vc="2" uspid="3858" ordinal="0" offset="421" sl="30" sc="26" el="30" ec="26" bec="0" bev="0" fileid="18" />
                <SequencePoint vc="0" uspid="3859" ordinal="0" offset="447" sl="47" sc="9" el="47" ec="9" bec="0" bev="0" fileid="18" />
                <SequencePoint vc="0" uspid="3860" ordinal="0" offset="527" sl="48" sc="9" el="48" ec="9" bec="0" bev="0" fileid="18" />
                <SequencePoint vc="0" uspid="3861" ordinal="0" offset="528" sl="49" sc="13" el="49" ec="13" bec="0" bev="0" fileid="18" />
                <SequencePoint vc="0" uspid="3862" ordinal="0" offset="539" sl="50" sc="9" el="50" ec="9" bec="0" bev="0" fileid="18" />
                <SequencePoint vc="0" uspid="3863" ordinal="0" offset="542" sl="51" sc="14" el="51" ec="14" bec="0" bev="0" fileid="18" />
                <SequencePoint vc="0" uspid="3864" ordinal="0" offset="563" sl="52" sc="5" el="52" ec="5" bec="0" bev="0" fileid="18" />
              </SequencePoints>
              <BranchPoints />
            </Method>
          </Methods>
        </Class>
      </Classes>
    </Module>
  </Modules>
</CoverageSession>