<?xml version="1.0" encoding="utf-8"?>
<CoverageSession xmlns:xsd="http://www.w3.org/2001/XMLSchema" xmlns:xsi="http://www.w3.org/2001/XMLSchema-instance" Version="0.0.0.0">
  <Summary numSequencePoints="936" visitedSequencePoints="804" numBranchPoints="0" visitedBranchPoints="0" sequenceCoverage="85.90" branchCoverage="0.0" maxCyclomaticComplexity="0" minCyclomaticComplexity="0" maxCrapScore="0" minCrapScore="0" visitedClasses="55" numClasses="55" visitedMethods="103" numMethods="103" />
  <Modules>
    <Module>
      <Summary numSequencePoints="186" visitedSequencePoints="182" numBranchPoints="0" visitedBranchPoints="0" sequenceCoverage="97.85" branchCoverage="0.0" maxCyclomaticComplexity="0" minCyclomaticComplexity="0" maxCrapScore="0" minCrapScore="0" visitedClasses="15" numClasses="15" visitedMethods="15" numMethods="15" />
      <ModuleTime>0001-01-01T00:00:00</ModuleTime>
      <ModuleName>EditTest</ModuleName>
      <Files>
        <File uid="2" fullPath="E:/Deadline Ong vang/deadline-ong-vang/Assets/TestFile/Quyen/PlayMode/PerformanceTests.cs" />
        <File uid="3" fullPath="E:/Deadline Ong vang/deadline-ong-vang/Assets/TestFile/Quyen/PlayMode/VolumeTest.cs" />
      </Files>
      <Classes>
        <Class>
          <Summary numSequencePoints="7" visitedSequencePoints="7" numBranchPoints="0" visitedBranchPoints="0" sequenceCoverage="100.0" branchCoverage="0.0" maxCyclomaticComplexity="0" minCyclomaticComplexity="0" maxCrapScore="0" minCrapScore="0" visitedClasses="1" numClasses="1" visitedMethods="1" numMethods="1" />
          <FullName>PerformanceTests/&lt;TC15_SceneLoadTime_UI&gt;d__1</FullName>
          <Methods>
            <Method visited="true" cyclomaticComplexity="0" nPathComplexity="0" sequenceCoverage="100.0" branchCoverage="0" crapScore="0" isConstructor="false" isStatic="false" isGetter="false" isSetter="false">
              <Summary numSequencePoints="7" visitedSequencePoints="7" numBranchPoints="0" visitedBranchPoints="0" sequenceCoverage="100.0" branchCoverage="0" maxCyclomaticComplexity="0" minCyclomaticComplexity="0" maxCrapScore="0" minCrapScore="0" visitedClasses="0" numClasses="0" visitedMethods="1" numMethods="1" />
              <MetadataToken>100663318</MetadataToken>
              <Name>System.Boolean PerformanceTests/&lt;TC15_SceneLoadTime_UI&gt;d__1::MoveNext()</Name>
              <FileRef uid="2" />
              <SequencePoints>
                <SequencePoint vc="1" uspid="2168" ordinal="0" offset="31" sl="17" sc="5" el="17" ec="5" bec="0" bev="0" fileid="2" />
                <SequencePoint vc="1" uspid="2169" ordinal="0" offset="32" sl="18" sc="9" el="18" ec="9" bec="0" bev="0" fileid="2" />
                <SequencePoint vc="1" uspid="2170" ordinal="0" offset="43" sl="19" sc="9" el="19" ec="9" bec="0" bev="0" fileid="2" />
                <SequencePoint vc="1" uspid="2171" ordinal="0" offset="75" sl="20" sc="9" el="20" ec="9" bec="0" bev="0" fileid="2" />
                <SequencePoint vc="1" uspid="2172" ordinal="0" offset="87" sl="22" sc="9" el="22" ec="9" bec="0" bev="0" fileid="2" />
                <SequencePoint vc="1" uspid="2173" ordinal="0" offset="141" sl="23" sc="9" el="23" ec="9" bec="0" bev="0" fileid="2" />
                <SequencePoint vc="1" uspid="2174" ordinal="0" offset="152" sl="24" sc="5" el="24" ec="5" bec="0" bev="0" fileid="2" />
              </SequencePoints>
              <BranchPoints />
            </Method>
          </Methods>
        </Class>
        <Class>
          <Summary numSequencePoints="21" visitedSequencePoints="20" numBranchPoints="0" visitedBranchPoints="0" sequenceCoverage="95.24" branchCoverage="0.0" maxCyclomaticComplexity="0" minCyclomaticComplexity="0" maxCrapScore="0" minCrapScore="0" visitedClasses="1" numClasses="1" visitedMethods="1" numMethods="1" />
          <FullName>PerformanceTests/&lt;TC16_FPS_Menu_30s&gt;d__2</FullName>
          <Methods>
            <Method visited="true" cyclomaticComplexity="0" nPathComplexity="0" sequenceCoverage="95.24" branchCoverage="0" crapScore="0" isConstructor="false" isStatic="false" isGetter="false" isSetter="false">
              <Summary numSequencePoints="21" visitedSequencePoints="20" numBranchPoints="0" visitedBranchPoints="0" sequenceCoverage="95.24" branchCoverage="0" maxCyclomaticComplexity="0" minCyclomaticComplexity="0" maxCrapScore="0" minCrapScore="0" visitedClasses="0" numClasses="0" visitedMethods="1" numMethods="1" />
              <MetadataToken>100663324</MetadataToken>
              <Name>System.Boolean PerformanceTests/&lt;TC16_FPS_Menu_30s&gt;d__2::MoveNext()</Name>
              <FileRef uid="2" />
              <SequencePoints>
                <SequencePoint vc="1" uspid="2175" ordinal="0" offset="51" sl="29" sc="5" el="29" ec="5" bec="0" bev="0" fileid="2" />
                <SequencePoint vc="1" uspid="2176" ordinal="0" offset="52" sl="30" sc="9" el="30" ec="9" bec="0" bev="0" fileid="2" />
                <SequencePoint vc="1" uspid="2177" ordinal="0" offset="84" sl="31" sc="9" el="31" ec="9" bec="0" bev="0" fileid="2" />
                <SequencePoint vc="1" uspid="2178" ordinal="0" offset="116" sl="33" sc="9" el="33" ec="9" bec="0" bev="0" fileid="2" />
                <SequencePoint vc="1" uspid="2179" ordinal="0" offset="127" sl="34" sc="9" el="34" ec="9" bec="0" bev="0" fileid="2" />
                <SequencePoint vc="1" uspid="2180" ordinal="0" offset="134" sl="35" sc="9" el="35" ec="9" bec="0" bev="0" fileid="2" />
                <SequencePoint vc="1" uspid="2181" ordinal="0" offset="145" sl="37" sc="14" el="37" ec="14" bec="0" bev="0" fileid="2" />
                <SequencePoint vc="1800" uspid="2182" ordinal="0" offset="154" sl="38" sc="9" el="38" ec="9" bec="0" bev="0" fileid="2" />
                <SequencePoint vc="1800" uspid="2183" ordinal="0" offset="155" sl="39" sc="13" el="39" ec="13" bec="0" bev="0" fileid="2" />
                <SequencePoint vc="1800" uspid="2184" ordinal="0" offset="173" sl="40" sc="13" el="40" ec="13" bec="0" bev="0" fileid="2" />
                <SequencePoint vc="1800" uspid="2185" ordinal="0" offset="189" sl="41" sc="13" el="41" ec="13" bec="0" bev="0" fileid="2" />
                <SequencePoint vc="1800" uspid="2186" ordinal="0" offset="206" sl="42" sc="13" el="42" ec="13" bec="0" bev="0" fileid="2" />
                <SequencePoint vc="1" uspid="2187" ordinal="0" offset="224" sl="42" sc="31" el="42" ec="31" bec="0" bev="0" fileid="2" />
                <SequencePoint vc="1800" uspid="2188" ordinal="0" offset="236" sl="43" sc="13" el="43" ec="13" bec="0" bev="0" fileid="2" />
                <SequencePoint vc="1800" uspid="2189" ordinal="0" offset="259" sl="44" sc="9" el="44" ec="9" bec="0" bev="0" fileid="2" />
                <SequencePoint vc="1800" uspid="2190" ordinal="0" offset="260" sl="37" sc="35" el="37" ec="35" bec="0" bev="0" fileid="2" />
                <SequencePoint vc="1801" uspid="2191" ordinal="0" offset="276" sl="37" sc="25" el="37" ec="25" bec="0" bev="0" fileid="2" />
                <SequencePoint vc="1" uspid="2192" ordinal="0" offset="296" sl="46" sc="9" el="46" ec="9" bec="0" bev="0" fileid="2" />
                <SequencePoint vc="1" uspid="2193" ordinal="0" offset="316" sl="47" sc="9" el="47" ec="9" bec="0" bev="0" fileid="2" />
                <SequencePoint vc="1" uspid="2194" ordinal="0" offset="359" sl="48" sc="9" el="48" ec="9" bec="0" bev="0" fileid="2" />
                <SequencePoint vc="0" uspid="2195" ordinal="0" offset="402" sl="49" sc="5" el="49" ec="5" bec="0" bev="0" fileid="2" />
              </SequencePoints>
              <BranchPoints />
            </Method>
          </Methods>
        </Class>
        <Class>
          <Summary numSequencePoints="8" visitedSequencePoints="8" numBranchPoints="0" visitedBranchPoints="0" sequenceCoverage="100.0" branchCoverage="0.0" maxCyclomaticComplexity="0" minCyclomaticComplexity="0" maxCrapScore="0" minCrapScore="0" visitedClasses="1" numClasses="1" visitedMethods="1" numMethods="1" />
          <FullName>PerformanceTests/&lt;TC17_MemoryUsage_OnLoadMenu&gt;d__3</FullName>
          <Methods>
            <Method visited="true" cyclomaticComplexity="0" nPathComplexity="0" sequenceCoverage="100.0" branchCoverage="0" crapScore="0" isConstructor="false" isStatic="false" isGetter="false" isSetter="false">
              <Summary numSequencePoints="8" visitedSequencePoints="8" numBranchPoints="0" visitedBranchPoints="0" sequenceCoverage="100.0" branchCoverage="0" maxCyclomaticComplexity="0" minCyclomaticComplexity="0" maxCrapScore="0" minCrapScore="0" visitedClasses="0" numClasses="0" visitedMethods="1" numMethods="1" />
              <MetadataToken>100663330</MetadataToken>
              <Name>System.Boolean PerformanceTests/&lt;TC17_MemoryUsage_OnLoadMenu&gt;d__3::MoveNext()</Name>
              <FileRef uid="2" />
              <SequencePoints>
                <SequencePoint vc="1" uspid="2196" ordinal="0" offset="42" sl="54" sc="5" el="54" ec="5" bec="0" bev="0" fileid="2" />
                <SequencePoint vc="1" uspid="2197" ordinal="0" offset="43" sl="55" sc="9" el="55" ec="9" bec="0" bev="0" fileid="2" />
                <SequencePoint vc="1" uspid="2198" ordinal="0" offset="54" sl="56" sc="9" el="56" ec="9" bec="0" bev="0" fileid="2" />
                <SequencePoint vc="1" uspid="2199" ordinal="0" offset="86" sl="57" sc="9" el="57" ec="9" bec="0" bev="0" fileid="2" />
                <SequencePoint vc="1" uspid="2200" ordinal="0" offset="118" sl="59" sc="9" el="59" ec="9" bec="0" bev="0" fileid="2" />
                <SequencePoint vc="1" uspid="2201" ordinal="0" offset="129" sl="60" sc="9" el="60" ec="9" bec="0" bev="0" fileid="2" />
                <SequencePoint vc="1" uspid="2202" ordinal="0" offset="148" sl="62" sc="9" el="62" ec="9" bec="0" bev="0" fileid="2" />
                <SequencePoint vc="1" uspid="2203" ordinal="0" offset="205" sl="63" sc="5" el="63" ec="5" bec="0" bev="0" fileid="2" />
              </SequencePoints>
              <BranchPoints />
            </Method>
          </Methods>
        </Class>
        <Class>
          <Summary numSequencePoints="10" visitedSequencePoints="10" numBranchPoints="0" visitedBranchPoints="0" sequenceCoverage="100.0" branchCoverage="0.0" maxCyclomaticComplexity="0" minCyclomaticComplexity="0" maxCrapScore="0" minCrapScore="0" visitedClasses="1" numClasses="1" visitedMethods="1" numMethods="1" />
          <FullName>PerformanceTests/&lt;TC18_GCSpike_WhenChangeMusic&gt;d__4</FullName>
          <Methods>
            <Method visited="true" cyclomaticComplexity="0" nPathComplexity="0" sequenceCoverage="100.0" branchCoverage="0" crapScore="0" isConstructor="false" isStatic="false" isGetter="false" isSetter="false">
              <Summary numSequencePoints="10" visitedSequencePoints="10" numBranchPoints="0" visitedBranchPoints="0" sequenceCoverage="100.0" branchCoverage="0" maxCyclomaticComplexity="0" minCyclomaticComplexity="0" maxCrapScore="0" minCrapScore="0" visitedClasses="0" numClasses="0" visitedMethods="1" numMethods="1" />
              <MetadataToken>100663336</MetadataToken>
              <Name>System.Boolean PerformanceTests/&lt;TC18_GCSpike_WhenChangeMusic&gt;d__4::MoveNext()</Name>
              <FileRef uid="2" />
              <SequencePoints>
                <SequencePoint vc="1" uspid="2204" ordinal="0" offset="57" sl="68" sc="5" el="68" ec="5" bec="0" bev="0" fileid="2" />
                <SequencePoint vc="1" uspid="2205" ordinal="0" offset="58" sl="69" sc="9" el="69" ec="9" bec="0" bev="0" fileid="2" />
                <SequencePoint vc="1" uspid="2206" ordinal="0" offset="90" sl="70" sc="9" el="70" ec="9" bec="0" bev="0" fileid="2" />
                <SequencePoint vc="1" uspid="2207" ordinal="0" offset="122" sl="72" sc="9" el="72" ec="9" bec="0" bev="0" fileid="2" />
                <SequencePoint vc="1" uspid="2208" ordinal="0" offset="133" sl="74" sc="9" el="74" ec="9" bec="0" bev="0" fileid="2" />
                <SequencePoint vc="1" uspid="2209" ordinal="0" offset="166" sl="75" sc="9" el="75" ec="9" bec="0" bev="0" fileid="2" />
                <SequencePoint vc="1" uspid="2210" ordinal="0" offset="198" sl="77" sc="9" el="77" ec="9" bec="0" bev="0" fileid="2" />
                <SequencePoint vc="1" uspid="2211" ordinal="0" offset="209" sl="78" sc="9" el="78" ec="9" bec="0" bev="0" fileid="2" />
                <SequencePoint vc="1" uspid="2212" ordinal="0" offset="228" sl="80" sc="9" el="80" ec="9" bec="0" bev="0" fileid="2" />
                <SequencePoint vc="1" uspid="2213" ordinal="0" offset="285" sl="81" sc="5" el="81" ec="5" bec="0" bev="0" fileid="2" />
              </SequencePoints>
              <BranchPoints />
            </Method>
          </Methods>
        </Class>
        <Class>
          <Summary numSequencePoints="18" visitedSequencePoints="17" numBranchPoints="0" visitedBranchPoints="0" sequenceCoverage="94.44" branchCoverage="0.0" maxCyclomaticComplexity="0" minCyclomaticComplexity="0" maxCrapScore="0" minCrapScore="0" visitedClasses="1" numClasses="1" visitedMethods="1" numMethods="1" />
          <FullName>PerformanceTests/&lt;TC19_UI_ButtonStressTest&gt;d__5</FullName>
          <Methods>
            <Method visited="true" cyclomaticComplexity="0" nPathComplexity="0" sequenceCoverage="94.44" branchCoverage="0" crapScore="0" isConstructor="false" isStatic="false" isGetter="false" isSetter="false">
              <Summary numSequencePoints="18" visitedSequencePoints="17" numBranchPoints="0" visitedBranchPoints="0" sequenceCoverage="94.44" branchCoverage="0" maxCyclomaticComplexity="0" minCyclomaticComplexity="0" maxCrapScore="0" minCrapScore="0" visitedClasses="0" numClasses="0" visitedMethods="1" numMethods="1" />
              <MetadataToken>100663342</MetadataToken>
              <Name>System.Boolean PerformanceTests/&lt;TC19_UI_ButtonStressTest&gt;d__5::MoveNext()</Name>
              <FileRef uid="2" />
              <SequencePoints>
                <SequencePoint vc="1" uspid="2214" ordinal="0" offset="51" sl="86" sc="5" el="86" ec="5" bec="0" bev="0" fileid="2" />
                <SequencePoint vc="1" uspid="2215" ordinal="0" offset="52" sl="87" sc="9" el="87" ec="9" bec="0" bev="0" fileid="2" />
                <SequencePoint vc="1" uspid="2216" ordinal="0" offset="84" sl="88" sc="9" el="88" ec="9" bec="0" bev="0" fileid="2" />
                <SequencePoint vc="1" uspid="2217" ordinal="0" offset="116" sl="90" sc="9" el="90" ec="9" bec="0" bev="0" fileid="2" />
                <SequencePoint vc="1" uspid="2218" ordinal="0" offset="132" sl="91" sc="9" el="91" ec="9" bec="0" bev="0" fileid="2" />
                <SequencePoint vc="1" uspid="2219" ordinal="0" offset="154" sl="93" sc="9" el="93" ec="9" bec="0" bev="0" fileid="2" />
                <SequencePoint vc="1" uspid="2220" ordinal="0" offset="171" sl="94" sc="9" el="94" ec="9" bec="0" bev="0" fileid="2" />
                <SequencePoint vc="1" uspid="2221" ordinal="0" offset="193" sl="96" sc="9" el="96" ec="9" bec="0" bev="0" fileid="2" />
                <SequencePoint vc="1" uspid="2222" ordinal="0" offset="204" sl="97" sc="14" el="97" ec="14" bec="0" bev="0" fileid="2" />
                <SequencePoint vc="100" uspid="2223" ordinal="0" offset="213" sl="98" sc="9" el="98" ec="9" bec="0" bev="0" fileid="2" />
                <SequencePoint vc="100" uspid="2224" ordinal="0" offset="214" sl="99" sc="13" el="99" ec="13" bec="0" bev="0" fileid="2" />
                <SequencePoint vc="100" uspid="2225" ordinal="0" offset="231" sl="100" sc="13" el="100" ec="13" bec="0" bev="0" fileid="2" />
                <SequencePoint vc="100" uspid="2226" ordinal="0" offset="254" sl="101" sc="9" el="101" ec="9" bec="0" bev="0" fileid="2" />
                <SequencePoint vc="100" uspid="2227" ordinal="0" offset="255" sl="97" sc="34" el="97" ec="34" bec="0" bev="0" fileid="2" />
                <SequencePoint vc="101" uspid="2228" ordinal="0" offset="271" sl="97" sc="25" el="97" ec="25" bec="0" bev="0" fileid="2" />
                <SequencePoint vc="1" uspid="2229" ordinal="0" offset="285" sl="102" sc="9" el="102" ec="9" bec="0" bev="0" fileid="2" />
                <SequencePoint vc="1" uspid="2230" ordinal="0" offset="297" sl="104" sc="9" el="104" ec="9" bec="0" bev="0" fileid="2" />
                <SequencePoint vc="0" uspid="2231" ordinal="0" offset="351" sl="105" sc="5" el="105" ec="5" bec="0" bev="0" fileid="2" />
              </SequencePoints>
              <BranchPoints />
            </Method>
          </Methods>
        </Class>
        <Class>
          <Summary numSequencePoints="8" visitedSequencePoints="8" numBranchPoints="0" visitedBranchPoints="0" sequenceCoverage="100.0" branchCoverage="0.0" maxCyclomaticComplexity="0" minCyclomaticComplexity="0" maxCrapScore="0" minCrapScore="0" visitedClasses="1" numClasses="1" visitedMethods="1" numMethods="1" />
          <FullName>PerformanceTests/&lt;TC20_SceneTransitionTime_MenuToMan1&gt;d__6</FullName>
          <Methods>
            <Method visited="true" cyclomaticComplexity="0" nPathComplexity="0" sequenceCoverage="100.0" branchCoverage="0" crapScore="0" isConstructor="false" isStatic="false" isGetter="false" isSetter="false">
              <Summary numSequencePoints="8" visitedSequencePoints="8" numBranchPoints="0" visitedBranchPoints="0" sequenceCoverage="100.0" branchCoverage="0" maxCyclomaticComplexity="0" minCyclomaticComplexity="0" maxCrapScore="0" minCrapScore="0" visitedClasses="0" numClasses="0" visitedMethods="1" numMethods="1" />
              <MetadataToken>100663348</MetadataToken>
              <Name>System.Boolean PerformanceTests/&lt;TC20_SceneTransitionTime_MenuToMan1&gt;d__6::MoveNext()</Name>
              <FileRef uid="2" />
              <SequencePoints>
                <SequencePoint vc="1" uspid="2232" ordinal="0" offset="48" sl="110" sc="5" el="110" ec="5" bec="0" bev="0" fileid="2" />
                <SequencePoint vc="1" uspid="2233" ordinal="0" offset="49" sl="111" sc="9" el="111" ec="9" bec="0" bev="0" fileid="2" />
                <SequencePoint vc="1" uspid="2234" ordinal="0" offset="81" sl="112" sc="9" el="112" ec="9" bec="0" bev="0" fileid="2" />
                <SequencePoint vc="1" uspid="2235" ordinal="0" offset="113" sl="114" sc="9" el="114" ec="9" bec="0" bev="0" fileid="2" />
                <SequencePoint vc="1" uspid="2236" ordinal="0" offset="124" sl="115" sc="9" el="115" ec="9" bec="0" bev="0" fileid="2" />
                <SequencePoint vc="1" uspid="2237" ordinal="0" offset="157" sl="116" sc="9" el="116" ec="9" bec="0" bev="0" fileid="2" />
                <SequencePoint vc="1" uspid="2238" ordinal="0" offset="169" sl="118" sc="9" el="118" ec="9" bec="0" bev="0" fileid="2" />
                <SequencePoint vc="1" uspid="2239" ordinal="0" offset="223" sl="119" sc="5" el="119" ec="5" bec="0" bev="0" fileid="2" />
              </SequencePoints>
              <BranchPoints />
            </Method>
          </Methods>
        </Class>
        <Class>
          <Summary numSequencePoints="20" visitedSequencePoints="20" numBranchPoints="0" visitedBranchPoints="0" sequenceCoverage="100.0" branchCoverage="0.0" maxCyclomaticComplexity="0" minCyclomaticComplexity="0" maxCrapScore="0" minCrapScore="0" visitedClasses="1" numClasses="1" visitedMethods="1" numMethods="1" />
          <FullName>PerformanceTests/&lt;TC21_LongRun_Menu_3Minutes&gt;d__7</FullName>
          <Methods>
            <Method visited="true" cyclomaticComplexity="0" nPathComplexity="0" sequenceCoverage="100.0" branchCoverage="0" crapScore="0" isConstructor="false" isStatic="false" isGetter="false" isSetter="false">
              <Summary numSequencePoints="20" visitedSequencePoints="20" numBranchPoints="0" visitedBranchPoints="0" sequenceCoverage="100.0" branchCoverage="0" maxCyclomaticComplexity="0" minCyclomaticComplexity="0" maxCrapScore="0" minCrapScore="0" visitedClasses="0" numClasses="0" visitedMethods="1" numMethods="1" />
              <MetadataToken>100663354</MetadataToken>
              <Name>System.Boolean PerformanceTests/&lt;TC21_LongRun_Menu_3Minutes&gt;d__7::MoveNext()</Name>
              <FileRef uid="2" />
              <SequencePoints>
                <SequencePoint vc="1" uspid="2240" ordinal="0" offset="51" sl="124" sc="5" el="124" ec="5" bec="0" bev="0" fileid="2" />
                <SequencePoint vc="1" uspid="2241" ordinal="0" offset="52" sl="125" sc="9" el="125" ec="9" bec="0" bev="0" fileid="2" />
                <SequencePoint vc="1" uspid="2242" ordinal="0" offset="84" sl="126" sc="9" el="126" ec="9" bec="0" bev="0" fileid="2" />
                <SequencePoint vc="1" uspid="2243" ordinal="0" offset="116" sl="128" sc="9" el="128" ec="9" bec="0" bev="0" fileid="2" />
                <SequencePoint vc="1" uspid="2244" ordinal="0" offset="127" sl="129" sc="9" el="129" ec="9" bec="0" bev="0" fileid="2" />
                <SequencePoint vc="1" uspid="2245" ordinal="0" offset="134" sl="130" sc="9" el="130" ec="9" bec="0" bev="0" fileid="2" />
                <SequencePoint vc="1" uspid="2246" ordinal="0" offset="145" sl="132" sc="14" el="132" ec="14" bec="0" bev="0" fileid="2" />
                <SequencePoint vc="10800" uspid="2247" ordinal="0" offset="154" sl="133" sc="9" el="133" ec="9" bec="0" bev="0" fileid="2" />
                <SequencePoint vc="10800" uspid="2248" ordinal="0" offset="155" sl="134" sc="13" el="134" ec="13" bec="0" bev="0" fileid="2" />
                <SequencePoint vc="10800" uspid="2249" ordinal="0" offset="173" sl="135" sc="13" el="135" ec="13" bec="0" bev="0" fileid="2" />
                <SequencePoint vc="10800" uspid="2250" ordinal="0" offset="189" sl="136" sc="13" el="136" ec="13" bec="0" bev="0" fileid="2" />
                <SequencePoint vc="10800" uspid="2251" ordinal="0" offset="212" sl="137" sc="9" el="137" ec="9" bec="0" bev="0" fileid="2" />
                <SequencePoint vc="10800" uspid="2252" ordinal="0" offset="213" sl="132" sc="36" el="132" ec="36" bec="0" bev="0" fileid="2" />
                <SequencePoint vc="10801" uspid="2253" ordinal="0" offset="229" sl="132" sc="25" el="132" ec="25" bec="0" bev="0" fileid="2" />
                <SequencePoint vc="1" uspid="2254" ordinal="0" offset="246" sl="139" sc="9" el="139" ec="9" bec="0" bev="0" fileid="2" />
                <SequencePoint vc="1" uspid="2255" ordinal="0" offset="266" sl="140" sc="9" el="140" ec="9" bec="0" bev="0" fileid="2" />
                <SequencePoint vc="1" uspid="2256" ordinal="0" offset="277" sl="141" sc="9" el="141" ec="9" bec="0" bev="0" fileid="2" />
                <SequencePoint vc="1" uspid="2257" ordinal="0" offset="303" sl="143" sc="9" el="143" ec="9" bec="0" bev="0" fileid="2" />
                <SequencePoint vc="1" uspid="2258" ordinal="0" offset="346" sl="144" sc="9" el="144" ec="9" bec="0" bev="0" fileid="2" />
                <SequencePoint vc="1" uspid="2259" ordinal="0" offset="389" sl="145" sc="5" el="145" ec="5" bec="0" bev="0" fileid="2" />
              </SequencePoints>
              <BranchPoints />
            </Method>
          </Methods>
        </Class>
        <Class>
          <Summary numSequencePoints="6" visitedSequencePoints="5" numBranchPoints="0" visitedBranchPoints="0" sequenceCoverage="83.33" branchCoverage="0.0" maxCyclomaticComplexity="0" minCyclomaticComplexity="0" maxCrapScore="0" minCrapScore="0" visitedClasses="1" numClasses="1" visitedMethods="1" numMethods="1" />
          <FullName>PerformanceTests/&lt;TC22_AudioManager_InitTime&gt;d__8</FullName>
          <Methods>
            <Method visited="true" cyclomaticComplexity="0" nPathComplexity="0" sequenceCoverage="83.33" branchCoverage="0" crapScore="0" isConstructor="false" isStatic="false" isGetter="false" isSetter="false">
              <Summary numSequencePoints="6" visitedSequencePoints="5" numBranchPoints="0" visitedBranchPoints="0" sequenceCoverage="83.33" branchCoverage="0" maxCyclomaticComplexity="0" minCyclomaticComplexity="0" maxCrapScore="0" minCrapScore="0" visitedClasses="0" numClasses="0" visitedMethods="1" numMethods="1" />
              <MetadataToken>100663360</MetadataToken>
              <Name>System.Boolean PerformanceTests/&lt;TC22_AudioManager_InitTime&gt;d__8::MoveNext()</Name>
              <FileRef uid="2" />
              <SequencePoints>
                <SequencePoint vc="1" uspid="2260" ordinal="0" offset="31" sl="150" sc="5" el="150" ec="5" bec="0" bev="0" fileid="2" />
                <SequencePoint vc="1" uspid="2261" ordinal="0" offset="32" sl="151" sc="9" el="151" ec="9" bec="0" bev="0" fileid="2" />
                <SequencePoint vc="1" uspid="2262" ordinal="0" offset="43" sl="152" sc="9" el="152" ec="9" bec="0" bev="0" fileid="2" />
                <SequencePoint vc="1" uspid="2263" ordinal="0" offset="75" sl="153" sc="9" el="153" ec="9" bec="0" bev="0" fileid="2" />
                <SequencePoint vc="1" uspid="2264" ordinal="0" offset="87" sl="155" sc="9" el="155" ec="9" bec="0" bev="0" fileid="2" />
                <SequencePoint vc="0" uspid="2265" ordinal="0" offset="141" sl="156" sc="5" el="156" ec="5" bec="0" bev="0" fileid="2" />
              </SequencePoints>
              <BranchPoints />
            </Method>
          </Methods>
        </Class>
        <Class>
          <Summary numSequencePoints="13" visitedSequencePoints="13" numBranchPoints="0" visitedBranchPoints="0" sequenceCoverage="100.0" branchCoverage="0.0" maxCyclomaticComplexity="0" minCyclomaticComplexity="0" maxCrapScore="0" minCrapScore="0" visitedClasses="1" numClasses="1" visitedMethods="1" numMethods="1" />
          <FullName>PerformanceTests/&lt;TC23_MultipleSceneSwitch_5Times&gt;d__9</FullName>
          <Methods>
            <Method visited="true" cyclomaticComplexity="0" nPathComplexity="0" sequenceCoverage="100.0" branchCoverage="0" crapScore="0" isConstructor="false" isStatic="false" isGetter="false" isSetter="false">
              <Summary numSequencePoints="13" visitedSequencePoints="13" numBranchPoints="0" visitedBranchPoints="0" sequenceCoverage="100.0" branchCoverage="0" maxCyclomaticComplexity="0" minCyclomaticComplexity="0" maxCrapScore="0" minCrapScore="0" visitedClasses="0" numClasses="0" visitedMethods="1" numMethods="1" />
              <MetadataToken>100663366</MetadataToken>
              <Name>System.Boolean PerformanceTests/&lt;TC23_MultipleSceneSwitch_5Times&gt;d__9::MoveNext()</Name>
              <FileRef uid="2" />
              <SequencePoints>
                <SequencePoint vc="1" uspid="2266" ordinal="0" offset="45" sl="161" sc="5" el="161" ec="5" bec="0" bev="0" fileid="2" />
                <SequencePoint vc="1" uspid="2267" ordinal="0" offset="46" sl="162" sc="9" el="162" ec="9" bec="0" bev="0" fileid="2" />
                <SequencePoint vc="1" uspid="2268" ordinal="0" offset="57" sl="163" sc="9" el="163" ec="9" bec="0" bev="0" fileid="2" />
                <SequencePoint vc="1" uspid="2269" ordinal="0" offset="109" sl="165" sc="14" el="165" ec="14" bec="0" bev="0" fileid="2" />
                <SequencePoint vc="5" uspid="2270" ordinal="0" offset="118" sl="166" sc="9" el="166" ec="9" bec="0" bev="0" fileid="2" />
                <SequencePoint vc="5" uspid="2271" ordinal="0" offset="119" sl="167" sc="13" el="167" ec="13" bec="0" bev="0" fileid="2" />
                <SequencePoint vc="5" uspid="2272" ordinal="0" offset="160" sl="168" sc="13" el="168" ec="13" bec="0" bev="0" fileid="2" />
                <SequencePoint vc="5" uspid="2273" ordinal="0" offset="192" sl="169" sc="9" el="169" ec="9" bec="0" bev="0" fileid="2" />
                <SequencePoint vc="5" uspid="2274" ordinal="0" offset="193" sl="165" sc="44" el="165" ec="44" bec="0" bev="0" fileid="2" />
                <SequencePoint vc="6" uspid="2275" ordinal="0" offset="209" sl="165" sc="25" el="165" ec="25" bec="0" bev="0" fileid="2" />
                <SequencePoint vc="1" uspid="2276" ordinal="0" offset="229" sl="170" sc="9" el="170" ec="9" bec="0" bev="0" fileid="2" />
                <SequencePoint vc="1" uspid="2277" ordinal="0" offset="241" sl="172" sc="9" el="172" ec="9" bec="0" bev="0" fileid="2" />
                <SequencePoint vc="1" uspid="2278" ordinal="0" offset="295" sl="173" sc="5" el="173" ec="5" bec="0" bev="0" fileid="2" />
              </SequencePoints>
              <BranchPoints />
            </Method>
          </Methods>
        </Class>
        <Class>
          <Summary numSequencePoints="15" visitedSequencePoints="14" numBranchPoints="0" visitedBranchPoints="0" sequenceCoverage="93.33" branchCoverage="0.0" maxCyclomaticComplexity="0" minCyclomaticComplexity="0" maxCrapScore="0" minCrapScore="0" visitedClasses="1" numClasses="1" visitedMethods="1" numMethods="1" />
          <FullName>PerformanceTests/&lt;TC24_FrameTime_Consistency_60s&gt;d__10</FullName>
          <Methods>
            <Method visited="true" cyclomaticComplexity="0" nPathComplexity="0" sequenceCoverage="93.33" branchCoverage="0" crapScore="0" isConstructor="false" isStatic="false" isGetter="false" isSetter="false">
              <Summary numSequencePoints="15" visitedSequencePoints="14" numBranchPoints="0" visitedBranchPoints="0" sequenceCoverage="93.33" branchCoverage="0" maxCyclomaticComplexity="0" minCyclomaticComplexity="0" maxCrapScore="0" minCrapScore="0" visitedClasses="0" numClasses="0" visitedMethods="1" numMethods="1" />
              <MetadataToken>100663372</MetadataToken>
              <Name>System.Boolean PerformanceTests/&lt;TC24_FrameTime_Consistency_60s&gt;d__10::MoveNext()</Name>
              <FileRef uid="2" />
              <SequencePoints>
                <SequencePoint vc="1" uspid="2279" ordinal="0" offset="51" sl="178" sc="5" el="178" ec="5" bec="0" bev="0" fileid="2" />
                <SequencePoint vc="1" uspid="2280" ordinal="0" offset="52" sl="179" sc="9" el="179" ec="9" bec="0" bev="0" fileid="2" />
                <SequencePoint vc="1" uspid="2281" ordinal="0" offset="84" sl="180" sc="9" el="180" ec="9" bec="0" bev="0" fileid="2" />
                <SequencePoint vc="1" uspid="2282" ordinal="0" offset="116" sl="182" sc="9" el="182" ec="9" bec="0" bev="0" fileid="2" />
                <SequencePoint vc="1" uspid="2283" ordinal="0" offset="123" sl="183" sc="14" el="183" ec="14" bec="0" bev="0" fileid="2" />
                <SequencePoint vc="3600" uspid="2284" ordinal="0" offset="132" sl="184" sc="9" el="184" ec="9" bec="0" bev="0" fileid="2" />
                <SequencePoint vc="3600" uspid="2285" ordinal="0" offset="133" sl="185" sc="13" el="185" ec="13" bec="0" bev="0" fileid="2" />
                <SequencePoint vc="0" uspid="2286" ordinal="0" offset="149" sl="185" sc="41" el="185" ec="41" bec="0" bev="0" fileid="2" />
                <SequencePoint vc="3600" uspid="2287" ordinal="0" offset="165" sl="186" sc="13" el="186" ec="13" bec="0" bev="0" fileid="2" />
                <SequencePoint vc="3600" uspid="2288" ordinal="0" offset="188" sl="187" sc="9" el="187" ec="9" bec="0" bev="0" fileid="2" />
                <SequencePoint vc="3600" uspid="2289" ordinal="0" offset="189" sl="183" sc="35" el="183" ec="35" bec="0" bev="0" fileid="2" />
                <SequencePoint vc="3601" uspid="2290" ordinal="0" offset="205" sl="183" sc="25" el="183" ec="25" bec="0" bev="0" fileid="2" />
                <SequencePoint vc="1" uspid="2291" ordinal="0" offset="222" sl="189" sc="9" el="189" ec="9" bec="0" bev="0" fileid="2" />
                <SequencePoint vc="1" uspid="2292" ordinal="0" offset="247" sl="190" sc="9" el="190" ec="9" bec="0" bev="0" fileid="2" />
                <SequencePoint vc="1" uspid="2293" ordinal="0" offset="290" sl="191" sc="5" el="191" ec="5" bec="0" bev="0" fileid="2" />
              </SequencePoints>
              <BranchPoints />
            </Method>
          </Methods>
        </Class>
        <Class>
          <Summary numSequencePoints="12" visitedSequencePoints="12" numBranchPoints="0" visitedBranchPoints="0" sequenceCoverage="100.0" branchCoverage="0.0" maxCyclomaticComplexity="0" minCyclomaticComplexity="0" maxCrapScore="0" minCrapScore="0" visitedClasses="1" numClasses="1" visitedMethods="1" numMethods="1" />
          <FullName>VolumeTest/&lt;AudioSourceVolume_SetToAboveOne_ClampedToOne&gt;d__4</FullName>
          <Methods>
            <Method visited="true" cyclomaticComplexity="0" nPathComplexity="0" sequenceCoverage="100.0" branchCoverage="0" crapScore="0" isConstructor="false" isStatic="false" isGetter="false" isSetter="false">
              <Summary numSequencePoints="12" visitedSequencePoints="12" numBranchPoints="0" visitedBranchPoints="0" sequenceCoverage="100.0" branchCoverage="0" maxCyclomaticComplexity="0" minCyclomaticComplexity="0" maxCrapScore="0" minCrapScore="0" visitedClasses="0" numClasses="0" visitedMethods="1" numMethods="1" />
              <MetadataToken>100663378</MetadataToken>
              <Name>System.Boolean VolumeTest/&lt;AudioSourceVolume_SetToAboveOne_ClampedToOne&gt;d__4::MoveNext()</Name>
              <FileRef uid="3" />
              <SequencePoints>
                <SequencePoint vc="1" uspid="2294" ordinal="0" offset="34" sl="81" sc="5" el="81" ec="5" bec="0" bev="0" fileid="3" />
                <SequencePoint vc="1" uspid="2295" ordinal="0" offset="35" sl="82" sc="9" el="82" ec="9" bec="0" bev="0" fileid="3" />
                <SequencePoint vc="1" uspid="2296" ordinal="0" offset="51" sl="83" sc="9" el="83" ec="9" bec="0" bev="0" fileid="3" />
                <SequencePoint vc="1" uspid="2297" ordinal="0" offset="68" sl="85" sc="9" el="85" ec="9" bec="0" bev="0" fileid="3" />
                <SequencePoint vc="1" uspid="2298" ordinal="0" offset="96" sl="86" sc="9" el="86" ec="9" bec="0" bev="0" fileid="3" />
                <SequencePoint vc="1" uspid="2299" ordinal="0" offset="114" sl="87" sc="9" el="87" ec="9" bec="0" bev="0" fileid="3" />
                <SequencePoint vc="1" uspid="2300" ordinal="0" offset="131" sl="88" sc="9" el="88" ec="9" bec="0" bev="0" fileid="3" />
                <SequencePoint vc="1" uspid="2301" ordinal="0" offset="143" sl="90" sc="9" el="90" ec="9" bec="0" bev="0" fileid="3" />
                <SequencePoint vc="1" uspid="2302" ordinal="0" offset="166" sl="91" sc="9" el="91" ec="9" bec="0" bev="0" fileid="3" />
                <SequencePoint vc="1" uspid="2303" ordinal="0" offset="212" sl="92" sc="9" el="92" ec="9" bec="0" bev="0" fileid="3" />
                <SequencePoint vc="1" uspid="2304" ordinal="0" offset="239" sl="93" sc="9" el="93" ec="9" bec="0" bev="0" fileid="3" />
                <SequencePoint vc="1" uspid="2305" ordinal="0" offset="251" sl="94" sc="5" el="94" ec="5" bec="0" bev="0" fileid="3" />
              </SequencePoints>
              <BranchPoints />
            </Method>
          </Methods>
        </Class>
        <Class>
          <Summary numSequencePoints="12" visitedSequencePoints="12" numBranchPoints="0" visitedBranchPoints="0" sequenceCoverage="100.0" branchCoverage="0.0" maxCyclomaticComplexity="0" minCyclomaticComplexity="0" maxCrapScore="0" minCrapScore="0" visitedClasses="1" numClasses="1" visitedMethods="1" numMethods="1" />
          <FullName>VolumeTest/&lt;AudioSourceVolume_SetToNegative_ClampedToZero&gt;d__3</FullName>
          <Methods>
            <Method visited="true" cyclomaticComplexity="0" nPathComplexity="0" sequenceCoverage="100.0" branchCoverage="0" crapScore="0" isConstructor="false" isStatic="false" isGetter="false" isSetter="false">
              <Summary numSequencePoints="12" visitedSequencePoints="12" numBranchPoints="0" visitedBranchPoints="0" sequenceCoverage="100.0" branchCoverage="0" maxCyclomaticComplexity="0" minCyclomaticComplexity="0" maxCrapScore="0" minCrapScore="0" visitedClasses="0" numClasses="0" visitedMethods="1" numMethods="1" />
              <MetadataToken>100663384</MetadataToken>
              <Name>System.Boolean VolumeTest/&lt;AudioSourceVolume_SetToNegative_ClampedToZero&gt;d__3::MoveNext()</Name>
              <FileRef uid="3" />
              <SequencePoints>
                <SequencePoint vc="1" uspid="2306" ordinal="0" offset="34" sl="65" sc="5" el="65" ec="5" bec="0" bev="0" fileid="3" />
                <SequencePoint vc="1" uspid="2307" ordinal="0" offset="35" sl="66" sc="9" el="66" ec="9" bec="0" bev="0" fileid="3" />
                <SequencePoint vc="1" uspid="2308" ordinal="0" offset="51" sl="67" sc="9" el="67" ec="9" bec="0" bev="0" fileid="3" />
                <SequencePoint vc="1" uspid="2309" ordinal="0" offset="68" sl="69" sc="9" el="69" ec="9" bec="0" bev="0" fileid="3" />
                <SequencePoint vc="1" uspid="2310" ordinal="0" offset="96" sl="70" sc="9" el="70" ec="9" bec="0" bev="0" fileid="3" />
                <SequencePoint vc="1" uspid="2311" ordinal="0" offset="114" sl="71" sc="9" el="71" ec="9" bec="0" bev="0" fileid="3" />
                <SequencePoint vc="1" uspid="2312" ordinal="0" offset="131" sl="72" sc="9" el="72" ec="9" bec="0" bev="0" fileid="3" />
                <SequencePoint vc="1" uspid="2313" ordinal="0" offset="143" sl="74" sc="9" el="74" ec="9" bec="0" bev="0" fileid="3" />
                <SequencePoint vc="1" uspid="2314" ordinal="0" offset="166" sl="75" sc="9" el="75" ec="9" bec="0" bev="0" fileid="3" />
                <SequencePoint vc="1" uspid="2315" ordinal="0" offset="212" sl="76" sc="9" el="76" ec="9" bec="0" bev="0" fileid="3" />
                <SequencePoint vc="1" uspid="2316" ordinal="0" offset="239" sl="77" sc="9" el="77" ec="9" bec="0" bev="0" fileid="3" />
                <SequencePoint vc="1" uspid="2317" ordinal="0" offset="251" sl="78" sc="5" el="78" ec="5" bec="0" bev="0" fileid="3" />
              </SequencePoints>
              <BranchPoints />
            </Method>
          </Methods>
        </Class>
        <Class>
          <Summary numSequencePoints="12" visitedSequencePoints="12" numBranchPoints="0" visitedBranchPoints="0" sequenceCoverage="100.0" branchCoverage="0.0" maxCyclomaticComplexity="0" minCyclomaticComplexity="0" maxCrapScore="0" minCrapScore="0" visitedClasses="1" numClasses="1" visitedMethods="1" numMethods="1" />
          <FullName>VolumeTest/&lt;AudioSourceVolume_SetToOne_PlayingHasFullVolume&gt;d__2</FullName>
          <Methods>
            <Method visited="true" cyclomaticComplexity="0" nPathComplexity="0" sequenceCoverage="100.0" branchCoverage="0" crapScore="0" isConstructor="false" isStatic="false" isGetter="false" isSetter="false">
              <Summary numSequencePoints="12" visitedSequencePoints="12" numBranchPoints="0" visitedBranchPoints="0" sequenceCoverage="100.0" branchCoverage="0" maxCyclomaticComplexity="0" minCyclomaticComplexity="0" maxCrapScore="0" minCrapScore="0" visitedClasses="0" numClasses="0" visitedMethods="1" numMethods="1" />
              <MetadataToken>100663390</MetadataToken>
              <Name>System.Boolean VolumeTest/&lt;AudioSourceVolume_SetToOne_PlayingHasFullVolume&gt;d__2::MoveNext()</Name>
              <FileRef uid="3" />
              <SequencePoints>
                <SequencePoint vc="1" uspid="2318" ordinal="0" offset="34" sl="48" sc="5" el="48" ec="5" bec="0" bev="0" fileid="3" />
                <SequencePoint vc="1" uspid="2319" ordinal="0" offset="35" sl="49" sc="9" el="49" ec="9" bec="0" bev="0" fileid="3" />
                <SequencePoint vc="1" uspid="2320" ordinal="0" offset="51" sl="50" sc="9" el="50" ec="9" bec="0" bev="0" fileid="3" />
                <SequencePoint vc="1" uspid="2321" ordinal="0" offset="68" sl="52" sc="9" el="52" ec="9" bec="0" bev="0" fileid="3" />
                <SequencePoint vc="1" uspid="2322" ordinal="0" offset="96" sl="53" sc="9" el="53" ec="9" bec="0" bev="0" fileid="3" />
                <SequencePoint vc="1" uspid="2323" ordinal="0" offset="114" sl="54" sc="9" el="54" ec="9" bec="0" bev="0" fileid="3" />
                <SequencePoint vc="1" uspid="2324" ordinal="0" offset="131" sl="55" sc="9" el="55" ec="9" bec="0" bev="0" fileid="3" />
                <SequencePoint vc="1" uspid="2325" ordinal="0" offset="143" sl="57" sc="9" el="57" ec="9" bec="0" bev="0" fileid="3" />
                <SequencePoint vc="1" uspid="2326" ordinal="0" offset="166" sl="58" sc="9" el="58" ec="9" bec="0" bev="0" fileid="3" />
                <SequencePoint vc="1" uspid="2327" ordinal="0" offset="202" sl="59" sc="9" el="59" ec="9" bec="0" bev="0" fileid="3" />
                <SequencePoint vc="1" uspid="2328" ordinal="0" offset="229" sl="60" sc="9" el="60" ec="9" bec="0" bev="0" fileid="3" />
                <SequencePoint vc="1" uspid="2329" ordinal="0" offset="241" sl="62" sc="5" el="62" ec="5" bec="0" bev="0" fileid="3" />
              </SequencePoints>
              <BranchPoints />
            </Method>
          </Methods>
        </Class>
        <Class>
          <Summary numSequencePoints="12" visitedSequencePoints="12" numBranchPoints="0" visitedBranchPoints="0" sequenceCoverage="100.0" branchCoverage="0.0" maxCyclomaticComplexity="0" minCyclomaticComplexity="0" maxCrapScore="0" minCrapScore="0" visitedClasses="1" numClasses="1" visitedMethods="1" numMethods="1" />
          <FullName>VolumeTest/&lt;AudioSourceVolume_SetToPointOneFive_PlayingHasCorrectVolume&gt;d__0</FullName>
          <Methods>
            <Method visited="true" cyclomaticComplexity="0" nPathComplexity="0" sequenceCoverage="100.0" branchCoverage="0" crapScore="0" isConstructor="false" isStatic="false" isGetter="false" isSetter="false">
              <Summary numSequencePoints="12" visitedSequencePoints="12" numBranchPoints="0" visitedBranchPoints="0" sequenceCoverage="100.0" branchCoverage="0" maxCyclomaticComplexity="0" minCyclomaticComplexity="0" maxCrapScore="0" minCrapScore="0" visitedClasses="0" numClasses="0" visitedMethods="1" numMethods="1" />
              <MetadataToken>100663396</MetadataToken>
              <Name>System.Boolean VolumeTest/&lt;AudioSourceVolume_SetToPointOneFive_PlayingHasCorrectVolume&gt;d__0::MoveNext()</Name>
              <FileRef uid="3" />
              <SequencePoints>
                <SequencePoint vc="1" uspid="2330" ordinal="0" offset="34" sl="10" sc="5" el="10" ec="5" bec="0" bev="0" fileid="3" />
                <SequencePoint vc="1" uspid="2331" ordinal="0" offset="35" sl="11" sc="9" el="11" ec="9" bec="0" bev="0" fileid="3" />
                <SequencePoint vc="1" uspid="2332" ordinal="0" offset="51" sl="12" sc="9" el="12" ec="9" bec="0" bev="0" fileid="3" />
                <SequencePoint vc="1" uspid="2333" ordinal="0" offset="68" sl="15" sc="9" el="15" ec="9" bec="0" bev="0" fileid="3" />
                <SequencePoint vc="1" uspid="2334" ordinal="0" offset="96" sl="16" sc="9" el="16" ec="9" bec="0" bev="0" fileid="3" />
                <SequencePoint vc="1" uspid="2335" ordinal="0" offset="114" sl="18" sc="9" el="18" ec="9" bec="0" bev="0" fileid="3" />
                <SequencePoint vc="1" uspid="2336" ordinal="0" offset="131" sl="19" sc="9" el="19" ec="9" bec="0" bev="0" fileid="3" />
                <SequencePoint vc="1" uspid="2337" ordinal="0" offset="143" sl="22" sc="9" el="22" ec="9" bec="0" bev="0" fileid="3" />
                <SequencePoint vc="1" uspid="2338" ordinal="0" offset="166" sl="24" sc="9" el="24" ec="9" bec="0" bev="0" fileid="3" />
                <SequencePoint vc="1" uspid="2339" ordinal="0" offset="202" sl="25" sc="9" el="25" ec="9" bec="0" bev="0" fileid="3" />
                <SequencePoint vc="1" uspid="2340" ordinal="0" offset="229" sl="27" sc="9" el="27" ec="9" bec="0" bev="0" fileid="3" />
                <SequencePoint vc="1" uspid="2341" ordinal="0" offset="241" sl="28" sc="5" el="28" ec="5" bec="0" bev="0" fileid="3" />
              </SequencePoints>
              <BranchPoints />
            </Method>
          </Methods>
        </Class>
        <Class>
          <Summary numSequencePoints="12" visitedSequencePoints="12" numBranchPoints="0" visitedBranchPoints="0" sequenceCoverage="100.0" branchCoverage="0.0" maxCyclomaticComplexity="0" minCyclomaticComplexity="0" maxCrapScore="0" minCrapScore="0" visitedClasses="1" numClasses="1" visitedMethods="1" numMethods="1" />
          <FullName>VolumeTest/&lt;AudioSourceVolume_SetToZero_PlayingHasZeroVolume&gt;d__1</FullName>
          <Methods>
            <Method visited="true" cyclomaticComplexity="0" nPathComplexity="0" sequenceCoverage="100.0" branchCoverage="0" crapScore="0" isConstructor="false" isStatic="false" isGetter="false" isSetter="false">
              <Summary numSequencePoints="12" visitedSequencePoints="12" numBranchPoints="0" visitedBranchPoints="0" sequenceCoverage="100.0" branchCoverage="0" maxCyclomaticComplexity="0" minCyclomaticComplexity="0" maxCrapScore="0" minCrapScore="0" visitedClasses="0" numClasses="0" visitedMethods="1" numMethods="1" />
              <MetadataToken>100663402</MetadataToken>
              <Name>System.Boolean VolumeTest/&lt;AudioSourceVolume_SetToZero_PlayingHasZeroVolume&gt;d__1::MoveNext()</Name>
              <FileRef uid="3" />
              <SequencePoints>
                <SequencePoint vc="1" uspid="2342" ordinal="0" offset="34" sl="31" sc="5" el="31" ec="5" bec="0" bev="0" fileid="3" />
                <SequencePoint vc="1" uspid="2343" ordinal="0" offset="35" sl="32" sc="9" el="32" ec="9" bec="0" bev="0" fileid="3" />
                <SequencePoint vc="1" uspid="2344" ordinal="0" offset="51" sl="33" sc="9" el="33" ec="9" bec="0" bev="0" fileid="3" />
                <SequencePoint vc="1" uspid="2345" ordinal="0" offset="68" sl="35" sc="9" el="35" ec="9" bec="0" bev="0" fileid="3" />
                <SequencePoint vc="1" uspid="2346" ordinal="0" offset="96" sl="36" sc="9" el="36" ec="9" bec="0" bev="0" fileid="3" />
                <SequencePoint vc="1" uspid="2347" ordinal="0" offset="114" sl="37" sc="9" el="37" ec="9" bec="0" bev="0" fileid="3" />
                <SequencePoint vc="1" uspid="2348" ordinal="0" offset="131" sl="38" sc="9" el="38" ec="9" bec="0" bev="0" fileid="3" />
                <SequencePoint vc="1" uspid="2349" ordinal="0" offset="143" sl="40" sc="9" el="40" ec="9" bec="0" bev="0" fileid="3" />
                <SequencePoint vc="1" uspid="2350" ordinal="0" offset="166" sl="41" sc="9" el="41" ec="9" bec="0" bev="0" fileid="3" />
                <SequencePoint vc="1" uspid="2351" ordinal="0" offset="202" sl="42" sc="9" el="42" ec="9" bec="0" bev="0" fileid="3" />
                <SequencePoint vc="1" uspid="2352" ordinal="0" offset="229" sl="43" sc="9" el="43" ec="9" bec="0" bev="0" fileid="3" />
                <SequencePoint vc="1" uspid="2353" ordinal="0" offset="241" sl="44" sc="5" el="44" ec="5" bec="0" bev="0" fileid="3" />
              </SequencePoints>
              <BranchPoints />
            </Method>
          </Methods>
        </Class>
      </Classes>
    </Module>
    <Module>
      <Summary numSequencePoints="271" visitedSequencePoints="232" numBranchPoints="0" visitedBranchPoints="0" sequenceCoverage="85.61" branchCoverage="0.0" maxCyclomaticComplexity="0" minCyclomaticComplexity="0" maxCrapScore="0" minCrapScore="0" visitedClasses="22" numClasses="22" visitedMethods="39" numMethods="39" />
      <ModuleTime>0001-01-01T00:00:00</ModuleTime>
      <ModuleName>PlayMode</ModuleName>
      <Files>
        <File uid="4" fullPath="E:/Deadline Ong vang/deadline-ong-vang/Assets/TestFile/Quyen/EditMode/UITest.cs" />
        <File uid="5" fullPath="E:/Deadline Ong vang/deadline-ong-vang/Assets/TestFile/Quyen/EditMode/BossTest.cs" />
        <File uid="6" fullPath="E:/Deadline Ong vang/deadline-ong-vang/Assets/TestFile/Quyen/EditMode/GameplayIntegrationTests.cs" />
      </Files>
      <Classes>
        <Class>
          <Summary numSequencePoints="39" visitedSequencePoints="38" numBranchPoints="0" visitedBranchPoints="0" sequenceCoverage="97.44" branchCoverage="0.0" maxCyclomaticComplexity="0" minCyclomaticComplexity="0" maxCrapScore="0" minCrapScore="0" visitedClasses="1" numClasses="1" visitedMethods="6" numMethods="6" />
          <FullName>UITest</FullName>
          <Methods>
            <Method visited="true" cyclomaticComplexity="0" nPathComplexity="0" sequenceCoverage="100.0" branchCoverage="0" crapScore="0" isConstructor="false" isStatic="false" isGetter="false" isSetter="false">
              <Summary numSequencePoints="6" visitedSequencePoints="6" numBranchPoints="0" visitedBranchPoints="0" sequenceCoverage="100.0" branchCoverage="0" maxCyclomaticComplexity="0" minCyclomaticComplexity="0" maxCrapScore="0" minCrapScore="0" visitedClasses="0" numClasses="0" visitedMethods="1" numMethods="1" />
              <MetadataToken>100663312</MetadataToken>
              <Name>System.Void UITest::TestActiveUIMenu()</Name>
              <FileRef uid="4" />
              <SequencePoints>
                <SequencePoint vc="1" uspid="2354" ordinal="0" offset="0" sl="11" sc="5" el="11" ec="5" bec="0" bev="0" fileid="4" />
                <SequencePoint vc="1" uspid="2355" ordinal="0" offset="1" sl="13" sc="9" el="13" ec="9" bec="0" bev="0" fileid="4" />
                <SequencePoint vc="1" uspid="2356" ordinal="0" offset="12" sl="14" sc="9" el="14" ec="9" bec="0" bev="0" fileid="4" />
                <SequencePoint vc="1" uspid="2357" ordinal="0" offset="20" sl="16" sc="9" el="16" ec="9" bec="0" bev="0" fileid="4" />
                <SequencePoint vc="1" uspid="2358" ordinal="0" offset="28" sl="18" sc="9" el="18" ec="9" bec="0" bev="0" fileid="4" />
                <SequencePoint vc="1" uspid="2359" ordinal="0" offset="50" sl="19" sc="5" el="19" ec="5" bec="0" bev="0" fileid="4" />
              </SequencePoints>
              <BranchPoints />
            </Method>
            <Method visited="true" cyclomaticComplexity="0" nPathComplexity="0" sequenceCoverage="100.0" branchCoverage="0" crapScore="0" isConstructor="false" isStatic="false" isGetter="false" isSetter="false">
              <Summary numSequencePoints="7" visitedSequencePoints="7" numBranchPoints="0" visitedBranchPoints="0" sequenceCoverage="100.0" branchCoverage="0" maxCyclomaticComplexity="0" minCyclomaticComplexity="0" maxCrapScore="0" minCrapScore="0" visitedClasses="0" numClasses="0" visitedMethods="1" numMethods="1" />
              <MetadataToken>100663313</MetadataToken>
              <Name>System.Void UITest::TestUIButtonClick()</Name>
              <FileRef uid="4" />
              <SequencePoints>
                <SequencePoint vc="1" uspid="2360" ordinal="0" offset="6" sl="24" sc="5" el="24" ec="5" bec="0" bev="0" fileid="4" />
                <SequencePoint vc="1" uspid="2361" ordinal="0" offset="7" sl="26" sc="9" el="26" ec="9" bec="0" bev="0" fileid="4" />
                <SequencePoint vc="1" uspid="2362" ordinal="0" offset="18" sl="27" sc="9" el="27" ec="9" bec="0" bev="0" fileid="4" />
                <SequencePoint vc="1" uspid="2363" ordinal="0" offset="25" sl="28" sc="9" el="28" ec="9" bec="0" bev="0" fileid="4" />
                <SequencePoint vc="1" uspid="2364" ordinal="0" offset="54" sl="30" sc="9" el="30" ec="9" bec="0" bev="0" fileid="4" />
                <SequencePoint vc="1" uspid="2365" ordinal="0" offset="71" sl="32" sc="9" el="32" ec="9" bec="0" bev="0" fileid="4" />
                <SequencePoint vc="1" uspid="2366" ordinal="0" offset="93" sl="33" sc="5" el="33" ec="5" bec="0" bev="0" fileid="4" />
              </SequencePoints>
              <BranchPoints />
            </Method>
            <Method visited="true" cyclomaticComplexity="0" nPathComplexity="0" sequenceCoverage="85.71" branchCoverage="0" crapScore="0" isConstructor="false" isStatic="false" isGetter="false" isSetter="false">
              <Summary numSequencePoints="7" visitedSequencePoints="6" numBranchPoints="0" visitedBranchPoints="0" sequenceCoverage="85.71" branchCoverage="0" maxCyclomaticComplexity="0" minCyclomaticComplexity="0" maxCrapScore="0" minCrapScore="0" visitedClasses="0" numClasses="0" visitedMethods="1" numMethods="1" />
              <MetadataToken>100663314</MetadataToken>
              <Name>System.Void UITest::TestUIElementPosition()</Name>
              <FileRef uid="4" />
              <SequencePoints>
                <SequencePoint vc="1" uspid="2367" ordinal="0" offset="0" sl="38" sc="5" el="38" ec="5" bec="0" bev="0" fileid="4" />
                <SequencePoint vc="1" uspid="2368" ordinal="0" offset="1" sl="40" sc="9" el="40" ec="9" bec="0" bev="0" fileid="4" />
                <SequencePoint vc="1" uspid="2369" ordinal="0" offset="12" sl="41" sc="9" el="41" ec="9" bec="0" bev="0" fileid="4" />
                <SequencePoint vc="1" uspid="2370" ordinal="0" offset="19" sl="42" sc="9" el="42" ec="9" bec="0" bev="0" fileid="4" />
                <SequencePoint vc="1" uspid="2371" ordinal="0" offset="41" sl="44" sc="9" el="44" ec="9" bec="0" bev="0" fileid="4" />
                <SequencePoint vc="1" uspid="2372" ordinal="0" offset="54" sl="46" sc="9" el="46" ec="9" bec="0" bev="0" fileid="4" />
                <SequencePoint vc="0" uspid="2373" ordinal="0" offset="87" sl="47" sc="5" el="47" ec="5" bec="0" bev="0" fileid="4" />
              </SequencePoints>
              <BranchPoints />
            </Method>
            <Method visited="true" cyclomaticComplexity="0" nPathComplexity="0" sequenceCoverage="100.0" branchCoverage="0" crapScore="0" isConstructor="false" isStatic="false" isGetter="false" isSetter="false">
              <Summary numSequencePoints="5" visitedSequencePoints="5" numBranchPoints="0" visitedBranchPoints="0" sequenceCoverage="100.0" branchCoverage="0" maxCyclomaticComplexity="0" minCyclomaticComplexity="0" maxCrapScore="0" minCrapScore="0" visitedClasses="0" numClasses="0" visitedMethods="1" numMethods="1" />
              <MetadataToken>100663315</MetadataToken>
              <Name>System.Void UITest::TestUIElementVisibility()</Name>
              <FileRef uid="4" />
              <SequencePoints>
                <SequencePoint vc="1" uspid="2374" ordinal="0" offset="0" sl="52" sc="5" el="52" ec="5" bec="0" bev="0" fileid="4" />
                <SequencePoint vc="1" uspid="2375" ordinal="0" offset="1" sl="54" sc="9" el="54" ec="9" bec="0" bev="0" fileid="4" />
                <SequencePoint vc="1" uspid="2376" ordinal="0" offset="12" sl="56" sc="9" el="56" ec="9" bec="0" bev="0" fileid="4" />
                <SequencePoint vc="1" uspid="2377" ordinal="0" offset="20" sl="58" sc="9" el="58" ec="9" bec="0" bev="0" fileid="4" />
                <SequencePoint vc="1" uspid="2378" ordinal="0" offset="42" sl="59" sc="5" el="59" ec="5" bec="0" bev="0" fileid="4" />
              </SequencePoints>
              <BranchPoints />
            </Method>
            <Method visited="true" cyclomaticComplexity="0" nPathComplexity="0" sequenceCoverage="100.0" branchCoverage="0" crapScore="0" isConstructor="false" isStatic="false" isGetter="false" isSetter="false">
              <Summary numSequencePoints="7" visitedSequencePoints="7" numBranchPoints="0" visitedBranchPoints="0" sequenceCoverage="100.0" branchCoverage="0" maxCyclomaticComplexity="0" minCyclomaticComplexity="0" maxCrapScore="0" minCrapScore="0" visitedClasses="0" numClasses="0" visitedMethods="1" numMethods="1" />
              <MetadataToken>100663316</MetadataToken>
              <Name>System.Void UITest::TestUIElementScale()</Name>
              <FileRef uid="4" />
              <SequencePoints>
                <SequencePoint vc="1" uspid="2379" ordinal="0" offset="0" sl="64" sc="5" el="64" ec="5" bec="0" bev="0" fileid="4" />
                <SequencePoint vc="1" uspid="2380" ordinal="0" offset="1" sl="66" sc="9" el="66" ec="9" bec="0" bev="0" fileid="4" />
                <SequencePoint vc="1" uspid="2381" ordinal="0" offset="12" sl="67" sc="9" el="67" ec="9" bec="0" bev="0" fileid="4" />
                <SequencePoint vc="1" uspid="2382" ordinal="0" offset="19" sl="68" sc="9" el="68" ec="9" bec="0" bev="0" fileid="4" />
                <SequencePoint vc="1" uspid="2383" ordinal="0" offset="41" sl="70" sc="9" el="70" ec="9" bec="0" bev="0" fileid="4" />
                <SequencePoint vc="1" uspid="2384" ordinal="0" offset="49" sl="72" sc="9" el="72" ec="9" bec="0" bev="0" fileid="4" />
                <SequencePoint vc="1" uspid="2385" ordinal="0" offset="82" sl="73" sc="5" el="73" ec="5" bec="0" bev="0" fileid="4" />
              </SequencePoints>
              <BranchPoints />
            </Method>
            <Method visited="true" cyclomaticComplexity="0" nPathComplexity="0" sequenceCoverage="100.0" branchCoverage="0" crapScore="0" isConstructor="false" isStatic="false" isGetter="false" isSetter="false">
              <Summary numSequencePoints="7" visitedSequencePoints="7" numBranchPoints="0" visitedBranchPoints="0" sequenceCoverage="100.0" branchCoverage="0" maxCyclomaticComplexity="0" minCyclomaticComplexity="0" maxCrapScore="0" minCrapScore="0" visitedClasses="0" numClasses="0" visitedMethods="1" numMethods="1" />
              <MetadataToken>100663317</MetadataToken>
              <Name>System.Void UITest::TestUIElementRotation()</Name>
              <FileRef uid="4" />
              <SequencePoints>
                <SequencePoint vc="1" uspid="2386" ordinal="0" offset="0" sl="78" sc="5" el="78" ec="5" bec="0" bev="0" fileid="4" />
                <SequencePoint vc="1" uspid="2387" ordinal="0" offset="1" sl="80" sc="9" el="80" ec="9" bec="0" bev="0" fileid="4" />
                <SequencePoint vc="1" uspid="2388" ordinal="0" offset="12" sl="81" sc="9" el="81" ec="9" bec="0" bev="0" fileid="4" />
                <SequencePoint vc="1" uspid="2389" ordinal="0" offset="19" sl="82" sc="9" el="82" ec="9" bec="0" bev="0" fileid="4" />
                <SequencePoint vc="1" uspid="2390" ordinal="0" offset="40" sl="84" sc="9" el="84" ec="9" bec="0" bev="0" fileid="4" />
                <SequencePoint vc="1" uspid="2391" ordinal="0" offset="48" sl="86" sc="9" el="86" ec="9" bec="0" bev="0" fileid="4" />
                <SequencePoint vc="1" uspid="2392" ordinal="0" offset="81" sl="87" sc="5" el="87" ec="5" bec="0" bev="0" fileid="4" />
              </SequencePoints>
              <BranchPoints />
            </Method>
          </Methods>
        </Class>
        <Class>
          <Summary numSequencePoints="9" visitedSequencePoints="9" numBranchPoints="0" visitedBranchPoints="0" sequenceCoverage="100.0" branchCoverage="0.0" maxCyclomaticComplexity="0" minCyclomaticComplexity="0" maxCrapScore="0" minCrapScore="0" visitedClasses="1" numClasses="1" visitedMethods="1" numMethods="1" />
          <FullName>BossTest/&lt;Boss_Die_And_Play_Death_Animation&gt;d__5</FullName>
          <Methods>
            <Method visited="true" cyclomaticComplexity="0" nPathComplexity="0" sequenceCoverage="100.0" branchCoverage="0" crapScore="0" isConstructor="false" isStatic="false" isGetter="false" isSetter="false">
              <Summary numSequencePoints="9" visitedSequencePoints="9" numBranchPoints="0" visitedBranchPoints="0" sequenceCoverage="100.0" branchCoverage="0" maxCyclomaticComplexity="0" minCyclomaticComplexity="0" maxCrapScore="0" minCrapScore="0" visitedClasses="0" numClasses="0" visitedMethods="1" numMethods="1" />
              <MetadataToken>100663323</MetadataToken>
              <Name>System.Boolean BossTest/&lt;Boss_Die_And_Play_Death_Animation&gt;d__5::MoveNext()</Name>
              <FileRef uid="5" />
              <SequencePoints>
                <SequencePoint vc="1" uspid="2393" ordinal="0" offset="42" sl="58" sc="5" el="58" ec="5" bec="0" bev="0" fileid="5" />
                <SequencePoint vc="1" uspid="2394" ordinal="0" offset="43" sl="59" sc="9" el="59" ec="9" bec="0" bev="0" fileid="5" />
                <SequencePoint vc="1" uspid="2395" ordinal="0" offset="65" sl="61" sc="9" el="61" ec="9" bec="0" bev="0" fileid="5" />
                <SequencePoint vc="1" uspid="2396" ordinal="0" offset="84" sl="63" sc="9" el="63" ec="9" bec="0" bev="0" fileid="5" />
                <SequencePoint vc="1" uspid="2397" ordinal="0" offset="107" sl="65" sc="9" el="65" ec="9" bec="0" bev="0" fileid="5" />
                <SequencePoint vc="1" uspid="2398" ordinal="0" offset="131" sl="67" sc="9" el="67" ec="9" bec="0" bev="0" fileid="5" />
                <SequencePoint vc="1" uspid="2399" ordinal="0" offset="154" sl="69" sc="9" el="69" ec="9" bec="0" bev="0" fileid="5" />
                <SequencePoint vc="1" uspid="2400" ordinal="0" offset="176" sl="71" sc="9" el="71" ec="9" bec="0" bev="0" fileid="5" />
                <SequencePoint vc="1" uspid="2401" ordinal="0" offset="188" sl="72" sc="5" el="72" ec="5" bec="0" bev="0" fileid="5" />
              </SequencePoints>
              <BranchPoints />
            </Method>
          </Methods>
        </Class>
        <Class>
          <Summary numSequencePoints="7" visitedSequencePoints="7" numBranchPoints="0" visitedBranchPoints="0" sequenceCoverage="100.0" branchCoverage="0.0" maxCyclomaticComplexity="0" minCyclomaticComplexity="0" maxCrapScore="0" minCrapScore="0" visitedClasses="1" numClasses="1" visitedMethods="1" numMethods="1" />
          <FullName>BossTest/&lt;Boss_Die_When_HP_Zero&gt;d__4</FullName>
          <Methods>
            <Method visited="true" cyclomaticComplexity="0" nPathComplexity="0" sequenceCoverage="100.0" branchCoverage="0" crapScore="0" isConstructor="false" isStatic="false" isGetter="false" isSetter="false">
              <Summary numSequencePoints="7" visitedSequencePoints="7" numBranchPoints="0" visitedBranchPoints="0" sequenceCoverage="100.0" branchCoverage="0" maxCyclomaticComplexity="0" minCyclomaticComplexity="0" maxCrapScore="0" minCrapScore="0" visitedClasses="0" numClasses="0" visitedMethods="1" numMethods="1" />
              <MetadataToken>100663329</MetadataToken>
              <Name>System.Boolean BossTest/&lt;Boss_Die_When_HP_Zero&gt;d__4::MoveNext()</Name>
              <FileRef uid="5" />
              <SequencePoints>
                <SequencePoint vc="1" uspid="2402" ordinal="0" offset="42" sl="43" sc="5" el="43" ec="5" bec="0" bev="0" fileid="5" />
                <SequencePoint vc="1" uspid="2403" ordinal="0" offset="43" sl="44" sc="9" el="44" ec="9" bec="0" bev="0" fileid="5" />
                <SequencePoint vc="1" uspid="2404" ordinal="0" offset="62" sl="46" sc="9" el="46" ec="9" bec="0" bev="0" fileid="5" />
                <SequencePoint vc="1" uspid="2405" ordinal="0" offset="85" sl="48" sc="9" el="48" ec="9" bec="0" bev="0" fileid="5" />
                <SequencePoint vc="1" uspid="2406" ordinal="0" offset="109" sl="50" sc="9" el="50" ec="9" bec="0" bev="0" fileid="5" />
                <SequencePoint vc="1" uspid="2407" ordinal="0" offset="132" sl="52" sc="9" el="52" ec="9" bec="0" bev="0" fileid="5" />
                <SequencePoint vc="1" uspid="2408" ordinal="0" offset="154" sl="53" sc="5" el="53" ec="5" bec="0" bev="0" fileid="5" />
              </SequencePoints>
              <BranchPoints />
            </Method>
          </Methods>
        </Class>
        <Class>
          <Summary numSequencePoints="7" visitedSequencePoints="7" numBranchPoints="0" visitedBranchPoints="0" sequenceCoverage="100.0" branchCoverage="0.0" maxCyclomaticComplexity="0" minCyclomaticComplexity="0" maxCrapScore="0" minCrapScore="0" visitedClasses="1" numClasses="1" visitedMethods="1" numMethods="1" />
          <FullName>BossTest/&lt;Player_Attack_Boss_Decrease_HP&gt;d__3</FullName>
          <Methods>
            <Method visited="true" cyclomaticComplexity="0" nPathComplexity="0" sequenceCoverage="100.0" branchCoverage="0" crapScore="0" isConstructor="false" isStatic="false" isGetter="false" isSetter="false">
              <Summary numSequencePoints="7" visitedSequencePoints="7" numBranchPoints="0" visitedBranchPoints="0" sequenceCoverage="100.0" branchCoverage="0" maxCyclomaticComplexity="0" minCyclomaticComplexity="0" maxCrapScore="0" minCrapScore="0" visitedClasses="0" numClasses="0" visitedMethods="1" numMethods="1" />
              <MetadataToken>100663335</MetadataToken>
              <Name>System.Boolean BossTest/&lt;Player_Attack_Boss_Decrease_HP&gt;d__3::MoveNext()</Name>
              <FileRef uid="5" />
              <SequencePoints>
                <SequencePoint vc="1" uspid="2409" ordinal="0" offset="42" sl="28" sc="5" el="28" ec="5" bec="0" bev="0" fileid="5" />
                <SequencePoint vc="1" uspid="2410" ordinal="0" offset="43" sl="29" sc="9" el="29" ec="9" bec="0" bev="0" fileid="5" />
                <SequencePoint vc="1" uspid="2411" ordinal="0" offset="62" sl="31" sc="9" el="31" ec="9" bec="0" bev="0" fileid="5" />
                <SequencePoint vc="1" uspid="2412" ordinal="0" offset="85" sl="33" sc="9" el="33" ec="9" bec="0" bev="0" fileid="5" />
                <SequencePoint vc="1" uspid="2413" ordinal="0" offset="109" sl="35" sc="9" el="35" ec="9" bec="0" bev="0" fileid="5" />
                <SequencePoint vc="1" uspid="2414" ordinal="0" offset="132" sl="37" sc="9" el="37" ec="9" bec="0" bev="0" fileid="5" />
                <SequencePoint vc="1" uspid="2415" ordinal="0" offset="166" sl="38" sc="5" el="38" ec="5" bec="0" bev="0" fileid="5" />
              </SequencePoints>
              <BranchPoints />
            </Method>
          </Methods>
        </Class>
        <Class>
          <Summary numSequencePoints="8" visitedSequencePoints="8" numBranchPoints="0" visitedBranchPoints="0" sequenceCoverage="100.0" branchCoverage="0.0" maxCyclomaticComplexity="0" minCyclomaticComplexity="0" maxCrapScore="0" minCrapScore="0" visitedClasses="1" numClasses="1" visitedMethods="1" numMethods="1" />
          <FullName>BossTest/&lt;Setup&gt;d__2</FullName>
          <Methods>
            <Method visited="true" cyclomaticComplexity="0" nPathComplexity="0" sequenceCoverage="100.0" branchCoverage="0" crapScore="0" isConstructor="false" isStatic="false" isGetter="false" isSetter="false">
              <Summary numSequencePoints="8" visitedSequencePoints="8" numBranchPoints="0" visitedBranchPoints="0" sequenceCoverage="100.0" branchCoverage="0" maxCyclomaticComplexity="0" minCyclomaticComplexity="0" maxCrapScore="0" minCrapScore="0" visitedClasses="0" numClasses="0" visitedMethods="1" numMethods="1" />
              <MetadataToken>100663341</MetadataToken>
              <Name>System.Boolean BossTest/&lt;Setup&gt;d__2::MoveNext()</Name>
              <FileRef uid="5" />
              <SequencePoints>
                <SequencePoint vc="3" uspid="2416" ordinal="0" offset="31" sl="13" sc="5" el="13" ec="5" bec="0" bev="0" fileid="5" />
                <SequencePoint vc="3" uspid="2417" ordinal="0" offset="32" sl="14" sc="9" el="14" ec="9" bec="0" bev="0" fileid="5" />
                <SequencePoint vc="3" uspid="2418" ordinal="0" offset="53" sl="16" sc="9" el="16" ec="9" bec="0" bev="0" fileid="5" />
                <SequencePoint vc="3" uspid="2419" ordinal="0" offset="70" sl="17" sc="9" el="17" ec="9" bec="0" bev="0" fileid="5" />
                <SequencePoint vc="3" uspid="2420" ordinal="0" offset="87" sl="18" sc="9" el="18" ec="9" bec="0" bev="0" fileid="5" />
                <SequencePoint vc="3" uspid="2421" ordinal="0" offset="104" sl="20" sc="9" el="20" ec="9" bec="0" bev="0" fileid="5" />
                <SequencePoint vc="3" uspid="2422" ordinal="0" offset="131" sl="22" sc="9" el="22" ec="9" bec="0" bev="0" fileid="5" />
                <SequencePoint vc="3" uspid="2423" ordinal="0" offset="154" sl="23" sc="5" el="23" ec="5" bec="0" bev="0" fileid="5" />
              </SequencePoints>
              <BranchPoints />
            </Method>
          </Methods>
        </Class>
        <Class>
          <Summary numSequencePoints="7" visitedSequencePoints="7" numBranchPoints="0" visitedBranchPoints="0" sequenceCoverage="100.0" branchCoverage="0.0" maxCyclomaticComplexity="0" minCyclomaticComplexity="0" maxCrapScore="0" minCrapScore="0" visitedClasses="1" numClasses="1" visitedMethods="2" numMethods="2" />
          <FullName>GameplayIntegrationTests/DamageAble</FullName>
          <Methods>
            <Method visited="true" cyclomaticComplexity="0" nPathComplexity="0" sequenceCoverage="100.0" branchCoverage="0" crapScore="0" isConstructor="false" isStatic="false" isGetter="false" isSetter="false">
              <Summary numSequencePoints="4" visitedSequencePoints="4" numBranchPoints="0" visitedBranchPoints="0" sequenceCoverage="100.0" branchCoverage="0" maxCyclomaticComplexity="0" minCyclomaticComplexity="0" maxCrapScore="0" minCrapScore="0" visitedClasses="0" numClasses="0" visitedMethods="1" numMethods="1" />
              <MetadataToken>100663346</MetadataToken>
              <Name>System.Void GameplayIntegrationTests/DamageAble::Hit(System.Int32, UnityEngine.Vector2)</Name>
              <FileRef uid="6" />
              <SequencePoints>
                <SequencePoint vc="3" uspid="2425" ordinal="0" offset="0" sl="19" sc="9" el="19" ec="9" bec="0" bev="0" fileid="6" />
                <SequencePoint vc="3" uspid="2426" ordinal="0" offset="1" sl="20" sc="13" el="20" ec="13" bec="0" bev="0" fileid="6" />
                <SequencePoint vc="3" uspid="2427" ordinal="0" offset="21" sl="21" sc="13" el="21" ec="13" bec="0" bev="0" fileid="6" />
                <SequencePoint vc="3" uspid="2428" ordinal="0" offset="41" sl="22" sc="9" el="22" ec="9" bec="0" bev="0" fileid="6" />
              </SequencePoints>
              <BranchPoints />
            </Method>
            <Method visited="true" cyclomaticComplexity="0" nPathComplexity="0" sequenceCoverage="100.0" branchCoverage="0" crapScore="0" isConstructor="true" isStatic="false" isGetter="false" isSetter="false">
              <Summary numSequencePoints="3" visitedSequencePoints="3" numBranchPoints="0" visitedBranchPoints="0" sequenceCoverage="100.0" branchCoverage="0" maxCyclomaticComplexity="0" minCyclomaticComplexity="0" maxCrapScore="0" minCrapScore="0" visitedClasses="0" numClasses="0" visitedMethods="1" numMethods="1" />
              <MetadataToken>100663347</MetadataToken>
              <Name>GameplayIntegrationTests/DamageAble::DamageAble()</Name>
              <FileRef uid="6" />
              <SequencePoints>
                <SequencePoint vc="4" uspid="2429" ordinal="0" offset="0" sl="13" sc="9" el="13" ec="9" bec="0" bev="0" fileid="6" />
                <SequencePoint vc="4" uspid="2430" ordinal="0" offset="8" sl="14" sc="9" el="14" ec="9" bec="0" bev="0" fileid="6" />
                <SequencePoint vc="4" uspid="2431" ordinal="0" offset="16" sl="16" sc="9" el="16" ec="9" bec="0" bev="0" fileid="6" />
              </SequencePoints>
              <BranchPoints />
            </Method>
          </Methods>
        </Class>
        <Class>
          <Summary numSequencePoints="15" visitedSequencePoints="12" numBranchPoints="0" visitedBranchPoints="0" sequenceCoverage="80.00" branchCoverage="0.0" maxCyclomaticComplexity="0" minCyclomaticComplexity="0" maxCrapScore="0" minCrapScore="0" visitedClasses="1" numClasses="1" visitedMethods="4" numMethods="4" />
          <FullName>GameplayIntegrationTests/PlayerControllerMock</FullName>
          <Methods>
            <Method visited="true" cyclomaticComplexity="0" nPathComplexity="0" sequenceCoverage="100.0" branchCoverage="0" crapScore="0" isConstructor="false" isStatic="false" isGetter="false" isSetter="false">
              <Summary numSequencePoints="4" visitedSequencePoints="4" numBranchPoints="0" visitedBranchPoints="0" sequenceCoverage="100.0" branchCoverage="0" maxCyclomaticComplexity="0" minCyclomaticComplexity="0" maxCrapScore="0" minCrapScore="0" visitedClasses="0" numClasses="0" visitedMethods="1" numMethods="1" />
              <MetadataToken>100663348</MetadataToken>
              <Name>System.Void GameplayIntegrationTests/PlayerControllerMock::Awake()</Name>
              <FileRef uid="6" />
              <SequencePoints>
                <SequencePoint vc="203" uspid="2432" ordinal="0" offset="0" sl="33" sc="9" el="33" ec="9" bec="0" bev="0" fileid="6" />
                <SequencePoint vc="203" uspid="2433" ordinal="0" offset="1" sl="34" sc="13" el="34" ec="13" bec="0" bev="0" fileid="6" />
                <SequencePoint vc="203" uspid="2434" ordinal="0" offset="33" sl="35" sc="13" el="35" ec="13" bec="0" bev="0" fileid="6" />
                <SequencePoint vc="200" uspid="2435" ordinal="0" offset="50" sl="36" sc="9" el="36" ec="9" bec="0" bev="0" fileid="6" />
              </SequencePoints>
              <BranchPoints />
            </Method>
            <Method visited="true" cyclomaticComplexity="0" nPathComplexity="0" sequenceCoverage="40.00" branchCoverage="0" crapScore="0" isConstructor="false" isStatic="false" isGetter="false" isSetter="false">
              <Summary numSequencePoints="5" visitedSequencePoints="2" numBranchPoints="0" visitedBranchPoints="0" sequenceCoverage="40.00" branchCoverage="0" maxCyclomaticComplexity="0" minCyclomaticComplexity="0" maxCrapScore="0" minCrapScore="0" visitedClasses="0" numClasses="0" visitedMethods="1" numMethods="1" />
              <MetadataToken>100663349</MetadataToken>
              <Name>System.Void GameplayIntegrationTests/PlayerControllerMock::Move(System.Single)</Name>
              <FileRef uid="6" />
              <SequencePoints>
                <SequencePoint vc="1" uspid="2436" ordinal="0" offset="0" sl="39" sc="9" el="39" ec="9" bec="0" bev="0" fileid="6" />
                <SequencePoint vc="1" uspid="2437" ordinal="0" offset="1" sl="40" sc="13" el="40" ec="13" bec="0" bev="0" fileid="6" />
                <SequencePoint vc="0" uspid="2438" ordinal="0" offset="13" sl="41" sc="13" el="41" ec="13" bec="0" bev="0" fileid="6" />
                <SequencePoint vc="0" uspid="2439" ordinal="0" offset="28" sl="42" sc="13" el="42" ec="13" bec="0" bev="0" fileid="6" />
                <SequencePoint vc="0" uspid="2440" ordinal="0" offset="41" sl="43" sc="9" el="43" ec="9" bec="0" bev="0" fileid="6" />
              </SequencePoints>
              <BranchPoints />
            </Method>
            <Method visited="true" cyclomaticComplexity="0" nPathComplexity="0" sequenceCoverage="100.0" branchCoverage="0" crapScore="0" isConstructor="false" isStatic="false" isGetter="false" isSetter="false">
              <Summary numSequencePoints="3" visitedSequencePoints="3" numBranchPoints="0" visitedBranchPoints="0" sequenceCoverage="100.0" branchCoverage="0" maxCyclomaticComplexity="0" minCyclomaticComplexity="0" maxCrapScore="0" minCrapScore="0" visitedClasses="0" numClasses="0" visitedMethods="1" numMethods="1" />
              <MetadataToken>100663353</MetadataToken>
              <Name>System.Void GameplayIntegrationTests/PlayerControllerMock::Attack(GameplayIntegrationTests/DamageAble, System.Int32, UnityEngine.Vector2)</Name>
              <FileRef uid="6" />
              <SequencePoints>
                <SequencePoint vc="2" uspid="2453" ordinal="0" offset="0" sl="62" sc="9" el="62" ec="9" bec="0" bev="0" fileid="6" />
                <SequencePoint vc="2" uspid="2454" ordinal="0" offset="1" sl="63" sc="13" el="63" ec="13" bec="0" bev="0" fileid="6" />
                <SequencePoint vc="2" uspid="2455" ordinal="0" offset="15" sl="64" sc="9" el="64" ec="9" bec="0" bev="0" fileid="6" />
              </SequencePoints>
              <BranchPoints />
            </Method>
            <Method visited="true" cyclomaticComplexity="0" nPathComplexity="0" sequenceCoverage="100.0" branchCoverage="0" crapScore="0" isConstructor="true" isStatic="false" isGetter="false" isSetter="false">
              <Summary numSequencePoints="3" visitedSequencePoints="3" numBranchPoints="0" visitedBranchPoints="0" sequenceCoverage="100.0" branchCoverage="0" maxCyclomaticComplexity="0" minCyclomaticComplexity="0" maxCrapScore="0" minCrapScore="0" visitedClasses="0" numClasses="0" visitedMethods="1" numMethods="1" />
              <MetadataToken>100663354</MetadataToken>
              <Name>GameplayIntegrationTests/PlayerControllerMock::PlayerControllerMock()</Name>
              <FileRef uid="6" />
              <SequencePoints>
                <SequencePoint vc="203" uspid="2456" ordinal="0" offset="0" sl="28" sc="9" el="28" ec="9" bec="0" bev="0" fileid="6" />
                <SequencePoint vc="203" uspid="2457" ordinal="0" offset="11" sl="29" sc="9" el="29" ec="9" bec="0" bev="0" fileid="6" />
                <SequencePoint vc="203" uspid="2458" ordinal="0" offset="22" sl="30" sc="9" el="30" ec="9" bec="0" bev="0" fileid="6" />
              </SequencePoints>
              <BranchPoints />
            </Method>
          </Methods>
        </Class>
        <Class>
          <Summary numSequencePoints="25" visitedSequencePoints="20" numBranchPoints="0" visitedBranchPoints="0" sequenceCoverage="80.00" branchCoverage="0.0" maxCyclomaticComplexity="0" minCyclomaticComplexity="0" maxCrapScore="0" minCrapScore="0" visitedClasses="1" numClasses="1" visitedMethods="7" numMethods="7" />
          <FullName>GameplayIntegrationTests/BossAIMock</FullName>
          <Methods>
            <Method visited="true" cyclomaticComplexity="0" nPathComplexity="0" sequenceCoverage="100.0" branchCoverage="0" crapScore="0" isConstructor="false" isStatic="false" isGetter="true" isSetter="false">
              <Summary numSequencePoints="1" visitedSequencePoints="1" numBranchPoints="0" visitedBranchPoints="0" sequenceCoverage="100.0" branchCoverage="0" maxCyclomaticComplexity="0" minCyclomaticComplexity="0" maxCrapScore="0" minCrapScore="0" visitedClasses="0" numClasses="0" visitedMethods="1" numMethods="1" />
              <MetadataToken>100663355</MetadataToken>
              <Name>System.Boolean GameplayIntegrationTests/BossAIMock::get_IsPhase2()</Name>
              <FileRef uid="6" />
              <SequencePoints>
                <SequencePoint vc="2" uspid="2459" ordinal="0" offset="0" sl="72" sc="32" el="72" ec="32" bec="0" bev="0" fileid="6" />
              </SequencePoints>
              <BranchPoints />
            </Method>
            <Method visited="true" cyclomaticComplexity="0" nPathComplexity="0" sequenceCoverage="100.0" branchCoverage="0" crapScore="0" isConstructor="false" isStatic="false" isGetter="false" isSetter="true">
              <Summary numSequencePoints="1" visitedSequencePoints="1" numBranchPoints="0" visitedBranchPoints="0" sequenceCoverage="100.0" branchCoverage="0" maxCyclomaticComplexity="0" minCyclomaticComplexity="0" maxCrapScore="0" minCrapScore="0" visitedClasses="0" numClasses="0" visitedMethods="1" numMethods="1" />
              <MetadataToken>100663356</MetadataToken>
              <Name>System.Void GameplayIntegrationTests/BossAIMock::set_IsPhase2(System.Boolean)</Name>
              <FileRef uid="6" />
              <SequencePoints>
                <SequencePoint vc="1" uspid="2460" ordinal="0" offset="0" sl="72" sc="37" el="72" ec="37" bec="0" bev="0" fileid="6" />
              </SequencePoints>
              <BranchPoints />
            </Method>
            <Method visited="true" cyclomaticComplexity="0" nPathComplexity="0" sequenceCoverage="100.0" branchCoverage="0" crapScore="0" isConstructor="false" isStatic="false" isGetter="true" isSetter="false">
              <Summary numSequencePoints="1" visitedSequencePoints="1" numBranchPoints="0" visitedBranchPoints="0" sequenceCoverage="100.0" branchCoverage="0" maxCyclomaticComplexity="0" minCyclomaticComplexity="0" maxCrapScore="0" minCrapScore="0" visitedClasses="0" numClasses="0" visitedMethods="1" numMethods="1" />
              <MetadataToken>100663357</MetadataToken>
              <Name>System.Int32 GameplayIntegrationTests/BossAIMock::get_Damage()</Name>
              <FileRef uid="6" />
              <SequencePoints>
                <SequencePoint vc="1" uspid="2461" ordinal="0" offset="0" sl="75" sc="30" el="75" ec="30" bec="0" bev="0" fileid="6" />
              </SequencePoints>
              <BranchPoints />
            </Method>
[...]
              <Summary numSequencePoints="4" visitedSequencePoints="4" numBranchPoints="0" visitedBranchPoints="0" sequenceCoverage="100.0" branchCoverage="0" maxCyclomaticComplexity="0" minCyclomaticComplexity="0" maxCrapScore="0" minCrapScore="0" visitedClasses="0" numClasses="0" visitedMethods="1" numMethods="1" />
              <MetadataToken>100663501</MetadataToken>
              <Name>System.Void Trangthai::Start()</Name>
              <FileRef uid="32" />
              <SequencePoints>
                <SequencePoint vc="11" uspid="4101" ordinal="0" offset="0" sl="18" sc="5" el="18" ec="5" bec="0" bev="0" fileid="32" />
                <SequencePoint vc="11" uspid="4102" ordinal="0" offset="1" sl="19" sc="9" el="19" ec="9" bec="0" bev="0" fileid="32" />
                <SequencePoint vc="11" uspid="4103" ordinal="0" offset="16" sl="20" sc="9" el="20" ec="9" bec="0" bev="0" fileid="32" />
                <SequencePoint vc="11" uspid="4104" ordinal="0" offset="36" sl="21" sc="5" el="21" ec="5" bec="0" bev="0" fileid="32" />
              </SequencePoints>
              <BranchPoints />
            </Method>
            <Method visited="true" cyclomaticComplexity="0" nPathComplexity="0" sequenceCoverage="100.0" branchCoverage="0" crapScore="0" isConstructor="true" isStatic="false" isGetter="false" isSetter="false">
              <Summary numSequencePoints="1" visitedSequencePoints="1" numBranchPoints="0" visitedBranchPoints="0" sequenceCoverage="100.0" branchCoverage="0" maxCyclomaticComplexity="0" minCyclomaticComplexity="0" maxCrapScore="0" minCrapScore="0" visitedClasses="0" numClasses="0" visitedMethods="1" numMethods="1" />
              <MetadataToken>100663502</MetadataToken>
              <Name>Trangthai::Trangthai()</Name>
              <FileRef uid="32" />
              <SequencePoints>
                <SequencePoint vc="11" uspid="4105" ordinal="0" offset="0" sl="8" sc="5" el="8" ec="5" bec="0" bev="0" fileid="32" />
              </SequencePoints>
              <BranchPoints />
            </Method>
          </Methods>
        </Class>
        <Class>
          <Summary numSequencePoints="3" visitedSequencePoints="3" numBranchPoints="0" visitedBranchPoints="0" sequenceCoverage="100.0" branchCoverage="0.0" maxCyclomaticComplexity="0" minCyclomaticComplexity="0" maxCrapScore="0" minCrapScore="0" visitedClasses="1" numClasses="1" visitedMethods="1" numMethods="1" />
          <FullName>UI</FullName>
          <Methods>
            <Method visited="true" cyclomaticComplexity="0" nPathComplexity="0" sequenceCoverage="100.0" branchCoverage="0" crapScore="0" isConstructor="false" isStatic="false" isGetter="false" isSetter="false">
              <Summary numSequencePoints="3" visitedSequencePoints="3" numBranchPoints="0" visitedBranchPoints="0" sequenceCoverage="100.0" branchCoverage="0" maxCyclomaticComplexity="0" minCyclomaticComplexity="0" maxCrapScore="0" minCrapScore="0" visitedClasses="0" numClasses="0" visitedMethods="1" numMethods="1" />
              <MetadataToken>100663505</MetadataToken>
              <Name>System.Void UI::vaogame()</Name>
              <FileRef uid="33" />
              <SequencePoints>
                <SequencePoint vc="1" uspid="4120" ordinal="0" offset="0" sl="28" sc="5" el="28" ec="5" bec="0" bev="0" fileid="33" />
                <SequencePoint vc="1" uspid="4121" ordinal="0" offset="1" sl="29" sc="9" el="29" ec="9" bec="0" bev="0" fileid="33" />
                <SequencePoint vc="1" uspid="4122" ordinal="0" offset="12" sl="31" sc="5" el="31" ec="5" bec="0" bev="0" fileid="33" />
              </SequencePoints>
              <BranchPoints />
            </Method>
          </Methods>
        </Class>
        <Class>
          <Summary numSequencePoints="37" visitedSequencePoints="28" numBranchPoints="0" visitedBranchPoints="0" sequenceCoverage="75.68" branchCoverage="0.0" maxCyclomaticComplexity="0" minCyclomaticComplexity="0" maxCrapScore="0" minCrapScore="0" visitedClasses="1" numClasses="1" visitedMethods="2" numMethods="2" />
          <FullName>HealthBarUI</FullName>
          <Methods>
            <Method visited="true" cyclomaticComplexity="0" nPathComplexity="0" sequenceCoverage="70.97" branchCoverage="0" crapScore="0" isConstructor="false" isStatic="false" isGetter="false" isSetter="false">
              <Summary numSequencePoints="31" visitedSequencePoints="22" numBranchPoints="0" visitedBranchPoints="0" sequenceCoverage="70.97" branchCoverage="0" maxCyclomaticComplexity="0" minCyclomaticComplexity="0" maxCrapScore="0" minCrapScore="0" visitedClasses="0" numClasses="0" visitedMethods="1" numMethods="1" />
              <MetadataToken>100663514</MetadataToken>
              <Name>System.Void HealthBarUI::Start()</Name>
              <FileRef uid="34" />
              <SequencePoints>
                <SequencePoint vc="4" uspid="4152" ordinal="0" offset="0" sl="11" sc="5" el="11" ec="5" bec="0" bev="0" fileid="34" />
                <SequencePoint vc="4" uspid="4153" ordinal="0" offset="1" sl="12" sc="9" el="12" ec="9" bec="0" bev="0" fileid="34" />
                <SequencePoint vc="4" uspid="4154" ordinal="0" offset="20" sl="13" sc="9" el="13" ec="9" bec="0" bev="0" fileid="34" />
                <SequencePoint vc="4" uspid="4155" ordinal="0" offset="21" sl="14" sc="13" el="14" ec="13" bec="0" bev="0" fileid="34" />
                <SequencePoint vc="4" uspid="4156" ordinal="0" offset="23" sl="15" sc="13" el="15" ec="13" bec="0" bev="0" fileid="34" />
                <SequencePoint vc="4" uspid="4157" ordinal="0" offset="50" sl="16" sc="13" el="16" ec="13" bec="0" bev="0" fileid="34" />
                <SequencePoint vc="4" uspid="4158" ordinal="0" offset="78" sl="18" sc="13" el="18" ec="13" bec="0" bev="0" fileid="34" />
                <SequencePoint vc="0" uspid="4159" ordinal="0" offset="93" sl="19" sc="13" el="19" ec="13" bec="0" bev="0" fileid="34" />
                <SequencePoint vc="0" uspid="4160" ordinal="0" offset="94" sl="20" sc="17" el="20" ec="17" bec="0" bev="0" fileid="34" />
                <SequencePoint vc="0" uspid="4161" ordinal="0" offset="105" sl="21" sc="13" el="21" ec="13" bec="0" bev="0" fileid="34" />
                <SequencePoint vc="4" uspid="4162" ordinal="0" offset="108" sl="22" sc="18" el="22" ec="18" bec="0" bev="0" fileid="34" />
                <SequencePoint vc="4" uspid="4163" ordinal="0" offset="125" sl="23" sc="13" el="23" ec="13" bec="0" bev="0" fileid="34" />
                <SequencePoint vc="4" uspid="4164" ordinal="0" offset="126" sl="24" sc="17" el="24" ec="17" bec="0" bev="0" fileid="34" />
                <SequencePoint vc="4" uspid="4165" ordinal="0" offset="137" sl="25" sc="13" el="25" ec="13" bec="0" bev="0" fileid="34" />
                <SequencePoint vc="0" uspid="4166" ordinal="0" offset="140" sl="27" sc="13" el="27" ec="13" bec="0" bev="0" fileid="34" />
                <SequencePoint vc="0" uspid="4167" ordinal="0" offset="141" sl="28" sc="17" el="28" ec="17" bec="0" bev="0" fileid="34" />
                <SequencePoint vc="0" uspid="4168" ordinal="0" offset="152" sl="29" sc="13" el="29" ec="13" bec="0" bev="0" fileid="34" />
                <SequencePoint vc="4" uspid="4169" ordinal="0" offset="153" sl="31" sc="13" el="31" ec="13" bec="0" bev="0" fileid="34" />
                <SequencePoint vc="4" uspid="4170" ordinal="0" offset="166" sl="32" sc="13" el="32" ec="13" bec="0" bev="0" fileid="34" />
                <SequencePoint vc="4" uspid="4171" ordinal="0" offset="167" sl="33" sc="17" el="33" ec="17" bec="0" bev="0" fileid="34" />
                <SequencePoint vc="4" uspid="4172" ordinal="0" offset="179" sl="34" sc="13" el="34" ec="13" bec="0" bev="0" fileid="34" />
                <SequencePoint vc="0" uspid="4173" ordinal="0" offset="182" sl="36" sc="13" el="36" ec="13" bec="0" bev="0" fileid="34" />
                <SequencePoint vc="0" uspid="4174" ordinal="0" offset="183" sl="37" sc="17" el="37" ec="17" bec="0" bev="0" fileid="34" />
                <SequencePoint vc="0" uspid="4175" ordinal="0" offset="194" sl="38" sc="13" el="38" ec="13" bec="0" bev="0" fileid="34" />
                <SequencePoint vc="4" uspid="4176" ordinal="0" offset="195" sl="39" sc="9" el="39" ec="9" bec="0" bev="0" fileid="34" />
                <SequencePoint vc="4" uspid="4177" ordinal="0" offset="196" sl="40" sc="9" el="40" ec="9" bec="0" bev="0" fileid="34" />
                <SequencePoint vc="4" uspid="4178" ordinal="0" offset="231" sl="41" sc="9" el="41" ec="9" bec="0" bev="0" fileid="34" />
                <SequencePoint vc="4" uspid="4179" ordinal="0" offset="232" sl="42" sc="13" el="42" ec="13" bec="0" bev="0" fileid="34" />
                <SequencePoint vc="4" uspid="4180" ordinal="0" offset="256" sl="43" sc="13" el="43" ec="13" bec="0" bev="0" fileid="34" />
                <SequencePoint vc="4" uspid="4181" ordinal="0" offset="280" sl="44" sc="9" el="44" ec="9" bec="0" bev="0" fileid="34" />
                <SequencePoint vc="4" uspid="4182" ordinal="0" offset="281" sl="45" sc="5" el="45" ec="5" bec="0" bev="0" fileid="34" />
              </SequencePoints>
              <BranchPoints />
            </Method>
            <Method visited="true" cyclomaticComplexity="0" nPathComplexity="0" sequenceCoverage="100.0" branchCoverage="0" crapScore="0" isConstructor="false" isStatic="false" isGetter="false" isSetter="false">
              <Summary numSequencePoints="6" visitedSequencePoints="6" numBranchPoints="0" visitedBranchPoints="0" sequenceCoverage="100.0" branchCoverage="0" maxCyclomaticComplexity="0" minCyclomaticComplexity="0" maxCrapScore="0" minCrapScore="0" visitedClasses="0" numClasses="0" visitedMethods="1" numMethods="1" />
              <MetadataToken>100663515</MetadataToken>
              <Name>System.Void HealthBarUI::Update()</Name>
              <FileRef uid="34" />
              <SequencePoints>
                <SequencePoint vc="390" uspid="4183" ordinal="0" offset="0" sl="48" sc="5" el="48" ec="5" bec="0" bev="0" fileid="34" />
                <SequencePoint vc="390" uspid="4184" ordinal="0" offset="1" sl="49" sc="9" el="49" ec="9" bec="0" bev="0" fileid="34" />
                <SequencePoint vc="390" uspid="4185" ordinal="0" offset="34" sl="50" sc="9" el="50" ec="9" bec="0" bev="0" fileid="34" />
                <SequencePoint vc="390" uspid="4186" ordinal="0" offset="35" sl="51" sc="13" el="51" ec="13" bec="0" bev="0" fileid="34" />
                <SequencePoint vc="390" uspid="4187" ordinal="0" offset="59" sl="52" sc="9" el="52" ec="9" bec="0" bev="0" fileid="34" />
                <SequencePoint vc="390" uspid="4188" ordinal="0" offset="60" sl="53" sc="5" el="53" ec="5" bec="0" bev="0" fileid="34" />
              </SequencePoints>
              <BranchPoints />
            </Method>
          </Methods>
        </Class>
        <Class>
          <Summary numSequencePoints="20" visitedSequencePoints="20" numBranchPoints="0" visitedBranchPoints="0" sequenceCoverage="100.0" branchCoverage="0.0" maxCyclomaticComplexity="0" minCyclomaticComplexity="0" maxCrapScore="0" minCrapScore="0" visitedClasses="1" numClasses="1" visitedMethods="1" numMethods="1" />
          <FullName>AudioManager/&lt;ChangeMusicSmoothly&gt;d__54</FullName>
          <Methods>
            <Method visited="true" cyclomaticComplexity="0" nPathComplexity="0" sequenceCoverage="100.0" branchCoverage="0" crapScore="0" isConstructor="false" isStatic="false" isGetter="false" isSetter="false">
              <Summary numSequencePoints="20" visitedSequencePoints="20" numBranchPoints="0" visitedBranchPoints="0" sequenceCoverage="100.0" branchCoverage="0" maxCyclomaticComplexity="0" minCyclomaticComplexity="0" maxCrapScore="0" minCrapScore="0" visitedClasses="0" numClasses="0" visitedMethods="1" numMethods="1" />
              <MetadataToken>100663525</MetadataToken>
              <Name>System.Boolean AudioManager/&lt;ChangeMusicSmoothly&gt;d__54::MoveNext()</Name>
              <FileRef uid="10" />
              <SequencePoints>
                <SequencePoint vc="13" uspid="4193" ordinal="0" offset="45" sl="256" sc="5" el="256" ec="5" bec="0" bev="0" fileid="10" />
                <SequencePoint vc="13" uspid="4194" ordinal="0" offset="46" sl="257" sc="9" el="257" ec="9" bec="0" bev="0" fileid="10" />
                <SequencePoint vc="13" uspid="4195" ordinal="0" offset="68" sl="259" sc="14" el="259" ec="14" bec="0" bev="0" fileid="10" />
                <SequencePoint vc="998" uspid="4196" ordinal="0" offset="81" sl="260" sc="9" el="260" ec="9" bec="0" bev="0" fileid="10" />
                <SequencePoint vc="998" uspid="4197" ordinal="0" offset="82" sl="261" sc="13" el="261" ec="13" bec="0" bev="0" fileid="10" />
                <SequencePoint vc="998" uspid="4198" ordinal="0" offset="128" sl="262" sc="13" el="262" ec="13" bec="0" bev="0" fileid="10" />
                <SequencePoint vc="996" uspid="4199" ordinal="0" offset="151" sl="263" sc="9" el="263" ec="9" bec="0" bev="0" fileid="10" />
                <SequencePoint vc="996" uspid="4200" ordinal="0" offset="152" sl="259" sc="42" el="259" ec="42" bec="0" bev="0" fileid="10" />
                <SequencePoint vc="1009" uspid="4201" ordinal="0" offset="170" sl="259" sc="28" el="259" ec="28" bec="0" bev="0" fileid="10" />
                <SequencePoint vc="11" uspid="4202" ordinal="0" offset="188" sl="265" sc="9" el="265" ec="9" bec="0" bev="0" fileid="10" />
                <SequencePoint vc="11" uspid="4203" ordinal="0" offset="211" sl="266" sc="9" el="266" ec="9" bec="0" bev="0" fileid="10" />
                <SequencePoint vc="11" uspid="4204" ordinal="0" offset="228" sl="269" sc="14" el="269" ec="14" bec="0" bev="0" fileid="10" />
                <SequencePoint vc="440" uspid="4205" ordinal="0" offset="241" sl="270" sc="9" el="270" ec="9" bec="0" bev="0" fileid="10" />
                <SequencePoint vc="440" uspid="4206" ordinal="0" offset="242" sl="271" sc="13" el="271" ec="13" bec="0" bev="0" fileid="10" />
                <SequencePoint vc="440" uspid="4207" ordinal="0" offset="293" sl="272" sc="13" el="272" ec="13" bec="0" bev="0" fileid="10" />
                <SequencePoint vc="433" uspid="4208" ordinal="0" offset="316" sl="273" sc="9" el="273" ec="9" bec="0" bev="0" fileid="10" />
                <SequencePoint vc="433" uspid="4209" ordinal="0" offset="317" sl="269" sc="42" el="269" ec="42" bec="0" bev="0" fileid="10" />
                <SequencePoint vc="444" uspid="4210" ordinal="0" offset="335" sl="269" sc="28" el="269" ec="28" bec="0" bev="0" fileid="10" />
                <SequencePoint vc="4" uspid="4211" ordinal="0" offset="353" sl="274" sc="9" el="274" ec="9" bec="0" bev="0" fileid="10" />
                <SequencePoint vc="4" uspid="4212" ordinal="0" offset="381" sl="275" sc="5" el="275" ec="5" bec="0" bev="0" fileid="10" />
              </SequencePoints>
              <BranchPoints />
            </Method>
          </Methods>
        </Class>
        <Class>
          <Summary numSequencePoints="26" visitedSequencePoints="16" numBranchPoints="0" visitedBranchPoints="0" sequenceCoverage="61.54" branchCoverage="0.0" maxCyclomaticComplexity="0" minCyclomaticComplexity="0" maxCrapScore="0" minCrapScore="0" visitedClasses="1" numClasses="1" visitedMethods="1" numMethods="1" />
          <FullName>cottruyen/&lt;PlayStory&gt;d__7</FullName>
          <Methods>
            <Method visited="true" cyclomaticComplexity="0" nPathComplexity="0" sequenceCoverage="61.54" branchCoverage="0" crapScore="0" isConstructor="false" isStatic="false" isGetter="false" isSetter="false">
              <Summary numSequencePoints="26" visitedSequencePoints="16" numBranchPoints="0" visitedBranchPoints="0" sequenceCoverage="61.54" branchCoverage="0" maxCyclomaticComplexity="0" minCyclomaticComplexity="0" maxCrapScore="0" minCrapScore="0" visitedClasses="0" numClasses="0" visitedMethods="1" numMethods="1" />
              <MetadataToken>100663555</MetadataToken>
              <Name>System.Boolean cottruyen/&lt;PlayStory&gt;d__7::MoveNext()</Name>
              <FileRef uid="19" />
              <SequencePoints>
                <SequencePoint vc="2" uspid="4271" ordinal="0" offset="48" sl="29" sc="5" el="29" ec="5" bec="0" bev="0" fileid="19" />
                <SequencePoint vc="2" uspid="4272" ordinal="0" offset="49" sl="30" sc="9" el="30" ec="9" bec="0" bev="0" fileid="19" />
                <SequencePoint vc="2" uspid="4273" ordinal="0" offset="50" sl="30" sc="29" el="30" ec="29" bec="0" bev="0" fileid="19" />
                <SequencePoint vc="2" uspid="4274" ordinal="0" offset="79" sl="30" sc="18" el="30" ec="18" bec="0" bev="0" fileid="19" />
                <SequencePoint vc="2" uspid="4275" ordinal="0" offset="98" sl="31" sc="9" el="31" ec="9" bec="0" bev="0" fileid="19" />
                <SequencePoint vc="2" uspid="4276" ordinal="0" offset="99" sl="32" sc="13" el="32" ec="13" bec="0" bev="0" fileid="19" />
                <SequencePoint vc="2" uspid="4277" ordinal="0" offset="127" sl="33" sc="13" el="33" ec="13" bec="0" bev="0" fileid="19" />
                <SequencePoint vc="2" uspid="4278" ordinal="0" offset="149" sl="36" sc="13" el="36" ec="13" bec="0" bev="0" fileid="19" />
                <SequencePoint vc="2" uspid="4279" ordinal="0" offset="150" sl="36" sc="32" el="36" ec="32" bec="0" bev="0" fileid="19" />
                <SequencePoint vc="36" uspid="4280" ordinal="0" offset="176" sl="36" sc="22" el="36" ec="22" bec="0" bev="0" fileid="19" />
                <SequencePoint vc="36" uspid="4281" ordinal="0" offset="199" sl="37" sc="13" el="37" ec="13" bec="0" bev="0" fileid="19" />
                <SequencePoint vc="36" uspid="4282" ordinal="0" offset="200" sl="38" sc="17" el="38" ec="17" bec="0" bev="0" fileid="19" />
                <SequencePoint vc="36" uspid="4283" ordinal="0" offset="239" sl="39" sc="17" el="39" ec="17" bec="0" bev="0" fileid="19" />
                <SequencePoint vc="34" uspid="4284" ordinal="0" offset="277" sl="40" sc="13" el="40" ec="13" bec="0" bev="0" fileid="19" />
                <SequencePoint vc="36" uspid="4285" ordinal="0" offset="292" sl="36" sc="29" el="36" ec="29" bec="0" bev="0" fileid="19" />
                <SequencePoint vc="0" uspid="4286" ordinal="0" offset="321" sl="43" sc="13" el="43" ec="13" bec="0" bev="0" fileid="19" />
                <SequencePoint vc="0" uspid="4287" ordinal="0" offset="359" sl="44" sc="13" el="44" ec="13" bec="0" bev="0" fileid="19" />
                <SequencePoint vc="0" uspid="4288" ordinal="0" offset="377" sl="45" sc="13" el="45" ec="13" bec="0" bev="0" fileid="19" />
                <SequencePoint vc="0" uspid="4289" ordinal="0" offset="399" sl="46" sc="9" el="46" ec="9" bec="0" bev="0" fileid="19" />
                <SequencePoint vc="2" uspid="4290" ordinal="0" offset="421" sl="30" sc="26" el="30" ec="26" bec="0" bev="0" fileid="19" />
                <SequencePoint vc="0" uspid="4291" ordinal="0" offset="447" sl="47" sc="9" el="47" ec="9" bec="0" bev="0" fileid="19" />
                <SequencePoint vc="0" uspid="4292" ordinal="0" offset="527" sl="48" sc="9" el="48" ec="9" bec="0" bev="0" fileid="19" />
                <SequencePoint vc="0" uspid="4293" ordinal="0" offset="528" sl="49" sc="13" el="49" ec="13" bec="0" bev="0" fileid="19" />
                <SequencePoint vc="0" uspid="4294" ordinal="0" offset="539" sl="50" sc="9" el="50" ec="9" bec="0" bev="0" fileid="19" />
                <SequencePoint vc="0" uspid="4295" ordinal="0" offset="542" sl="51" sc="14" el="51" ec="14" bec="0" bev="0" fileid="19" />
                <SequencePoint vc="0" uspid="4296" ordinal="0" offset="563" sl="52" sc="5" el="52" ec="5" bec="0" bev="0" fileid="19" />
              </SequencePoints>
              <BranchPoints />
            </Method>
          </Methods>
        </Class>
      </Classes>
    </Module>
  </Modules>
</CoverageSession>